travis_fold:start:worker_info[0K[33;1mWorker information[0m
hostname: i-02b9ae1-precise-production-2-worker-org-docker.travisci.net:e7b1211e-3103-449e-8e6a-d13f07c892ab
version: v2.5.0 https://github.com/travis-ci/worker/tree/da3a43228dffc0fcca5a46569ca786b22991979f
instance: c85af2b:travis:ruby
startup: 571.24798ms
travis_fold:end:worker_info[0Ktravis_fold:start:system_info[0K[33;1mBuild system information[0m
Build language: ruby
Build group: stable
Build dist: precise
Build id: 265207866
Job id: 265207975
travis-build version: 3a278b3be
[34m[1mBuild image provisioning date and time[0m
Thu Feb  5 15:09:33 UTC 2015
[34m[1mOperating System Details[0m
Distributor ID:	Ubuntu
Description:	Ubuntu 12.04.5 LTS
Release:	12.04
Codename:	precise
[34m[1mLinux Version[0m
3.13.0-29-generic
[34m[1mCookbooks Version[0m
a68419e https://github.com/travis-ci/travis-cookbooks/tree/a68419e
[34m[1mGCC version[0m
gcc (Ubuntu/Linaro 4.6.3-1ubuntu5) 4.6.3
Copyright (C) 2011 Free Software Foundation, Inc.
This is free software; see the source for copying conditions.  There is NO
warranty; not even for MERCHANTABILITY or FITNESS FOR A PARTICULAR PURPOSE.

[34m[1mLLVM version[0m
clang version 3.4 (tags/RELEASE_34/final)
Target: x86_64-unknown-linux-gnu
Thread model: posix
[34m[1mPre-installed Ruby versions[0m
ruby-1.9.3-p551
[34m[1mPre-installed Node.js versions[0m
v0.10.36
[34m[1mPre-installed Go versions[0m
1.4.1
[34m[1mRedis version[0m
redis-server 2.8.19
[34m[1mriak version[0m
2.0.2
[34m[1mMongoDB version[0m
MongoDB 2.4.12
[34m[1mCouchDB version[0m
couchdb 1.6.1
[34m[1mNeo4j version[0m
1.9.4
[34m[1mRabbitMQ Version[0m
3.4.3
[34m[1mElasticSearch version[0m
1.4.0
[34m[1mInstalled Sphinx versions[0m
2.0.10
2.1.9
2.2.6
[34m[1mDefault Sphinx version[0m
2.2.6
[34m[1mInstalled Firefox version[0m
firefox 31.0esr
[34m[1mPhantomJS version[0m
1.9.8
[34m[1mant -version[0m
Apache Ant(TM) version 1.8.2 compiled on December 3 2011
[34m[1mmvn -version[0m
Apache Maven 3.2.5 (12a6b3acb947671f09b81f49094c53f426d8cea1; 2014-12-14T17:29:23+00:00)
Maven home: /usr/local/maven
Java version: 1.7.0_76, vendor: Oracle Corporation
Java home: /usr/lib/jvm/java-7-oracle/jre
Default locale: en_US, platform encoding: ANSI_X3.4-1968
OS name: "linux", version: "3.13.0-29-generic", arch: "amd64", family: "unix"
travis_fold:end:system_info[0K
travis_fold:start:fix.CVE-2015-7547[0K$ export DEBIAN_FRONTEND=noninteractive
Reading package lists...
Building dependency tree...
Reading state information...
The following extra packages will be installed:
  libc-bin libc-dev-bin libc6-dev
Suggested packages:
  glibc-doc
The following packages will be upgraded:
  libc-bin libc-dev-bin libc6 libc6-dev
4 upgraded, 0 newly installed, 0 to remove and 277 not upgraded.
Need to get 8,856 kB of archives.
After this operation, 13.3 kB of additional disk space will be used.
Get:1 http://us.archive.ubuntu.com/ubuntu/ precise-updates/main libc6-dev amd64 2.15-0ubuntu10.18 [2,948 kB]
Get:2 http://us.archive.ubuntu.com/ubuntu/ precise-updates/main libc-dev-bin amd64 2.15-0ubuntu10.18 [84.5 kB]
Get:3 http://us.archive.ubuntu.com/ubuntu/ precise-updates/main libc-bin amd64 2.15-0ubuntu10.18 [1,178 kB]
Get:4 http://us.archive.ubuntu.com/ubuntu/ precise-updates/main libc6 amd64 2.15-0ubuntu10.18 [4,646 kB]
Fetched 8,856 kB in 0s (32.8 MB/s)
Preconfiguring packages ...
(Reading database ... (Reading database ... 5%(Reading database ... 10%(Reading database ... 15%(Reading database ... 20%(Reading database ... 25%(Reading database ... 30%(Reading database ... 35%(Reading database ... 40%(Reading database ... 45%(Reading database ... 50%(Reading database ... 55%(Reading database ... 60%(Reading database ... 65%(Reading database ... 70%(Reading database ... 75%(Reading database ... 80%(Reading database ... 85%(Reading database ... 90%(Reading database ... 95%(Reading database ... 100%(Reading database ... 71420 files and directories currently installed.)
Preparing to replace libc6-dev 2.15-0ubuntu10.10 (using .../libc6-dev_2.15-0ubuntu10.18_amd64.deb) ...
Unpacking replacement libc6-dev ...
Preparing to replace libc-dev-bin 2.15-0ubuntu10.10 (using .../libc-dev-bin_2.15-0ubuntu10.18_amd64.deb) ...
Unpacking replacement libc-dev-bin ...
Preparing to replace libc-bin 2.15-0ubuntu10.10 (using .../libc-bin_2.15-0ubuntu10.18_amd64.deb) ...
Unpacking replacement libc-bin ...
Processing triggers for man-db ...
Setting up libc-bin (2.15-0ubuntu10.18) ...
(Reading database ... (Reading database ... 5%(Reading database ... 10%(Reading database ... 15%(Reading database ... 20%(Reading database ... 25%(Reading database ... 30%(Reading database ... 35%(Reading database ... 40%(Reading database ... 45%(Reading database ... 50%(Reading database ... 55%(Reading database ... 60%(Reading database ... 65%(Reading database ... 70%(Reading database ... 75%(Reading database ... 80%(Reading database ... 85%(Reading database ... 90%(Reading database ... 95%(Reading database ... 100%(Reading database ... 71419 files and directories currently installed.)
Preparing to replace libc6 2.15-0ubuntu10.10 (using .../libc6_2.15-0ubuntu10.18_amd64.deb) ...
Unpacking replacement libc6 ...
Setting up libc6 (2.15-0ubuntu10.18) ...
Setting up libc-dev-bin (2.15-0ubuntu10.18) ...
Setting up libc6-dev (2.15-0ubuntu10.18) ...
Processing triggers for libc-bin ...
ldconfig deferred processing now taking place
travis_fold:end:fix.CVE-2015-7547[0Ktravis_fold:start:update_libssl1.0.0[0K$ sudo apt-get install ca-certificates libssl1.0.0
Reading package lists... 0%Reading package lists... 0%Reading package lists... 1%Reading package lists... 10%Reading package lists... 10%Reading package lists... 11%Reading package lists... 11%Reading package lists... 39%Reading package lists... 46%Reading package lists... 46%Reading package lists... 47%Reading package lists... 47%Reading package lists... 58%Reading package lists... 58%Reading package lists... 58%Reading package lists... 58%Reading package lists... 80%Reading package lists... 94%Reading package lists... 94%Reading package lists... 95%Reading package lists... 95%Reading package lists... 95%Reading package lists... 95%Reading package lists... 95%Reading package lists... 95%Reading package lists... 95%Reading package lists... 95%Reading package lists... 95%Reading package lists... 95%Reading package lists... 95%Reading package lists... 95%Reading package lists... 95%Reading package lists... 95%Reading package lists... 95%Reading package lists... 95%Reading package lists... 95%Reading package lists... 95%Reading package lists... 95%Reading package lists... 95%Reading package lists... 95%Reading package lists... 95%Reading package lists... 95%Reading package lists... 95%Reading package lists... 95%Reading package lists... 95%Reading package lists... 95%Reading package lists... 95%Reading package lists... 95%Reading package lists... 95%Reading package lists... 95%Reading package lists... 95%Reading package lists... 95%Reading package lists... 95%Reading package lists... 95%Reading package lists... 95%Reading package lists... 95%Reading package lists... 95%Reading package lists... 95%Reading package lists... 95%Reading package lists... 95%Reading package lists... 95%Reading package lists... 95%Reading package lists... 95%Reading package lists... 95%Reading package lists... 95%Reading package lists... 95%Reading package lists... 95%Reading package lists... 95%Reading package lists... 95%Reading package lists... 95%Reading package lists... 95%Reading package lists... 95%Reading package lists... 95%Reading package lists... 95%Reading package lists... 95%Reading package lists... 95%Reading package lists... 95%Reading package lists... 95%Reading package lists... 96%Reading package lists... 96%Reading package lists... 96%Reading package lists... 96%Reading package lists... 97%Reading package lists... 97%Reading package lists... 98%Reading package lists... 98%Reading package lists... 98%Reading package lists... 98%Reading package lists... 98%Reading package lists... 98%Reading package lists... 98%Reading package lists... 98%Reading package lists... 98%Reading package lists... 98%Reading package lists... 98%Reading package lists... 98%Reading package lists... 98%Reading package lists... 98%Reading package lists... 98%Reading package lists... 98%Reading package lists... 98%Reading package lists... 98%Reading package lists... Done
Building dependency tree... 0%Building dependency tree... 0%Building dependency tree... 50%Building dependency tree... 50%Building dependency tree       
Reading state information... 0%Reading state information... 0%Reading state information... Done
The following extra packages will be installed:
  libssl-dev
The following packages will be upgraded:
  ca-certificates libssl-dev libssl1.0.0
3 upgraded, 0 newly installed, 0 to remove and 274 not upgraded.
Need to get 2,842 kB of archives.
After this operation, 41.0 kB of additional disk space will be used.
0% [Working]            Get:1 http://us.archive.ubuntu.com/ubuntu/ precise-updates/main libssl-dev amd64 1.0.1-4ubuntu5.39 [1,580 kB]
            0% [1 libssl-dev 14.1 kB/1,580 kB 1%]                                     56% [Working]             Get:2 http://us.archive.ubuntu.com/ubuntu/ precise-updates/main libssl1.0.0 amd64 1.0.1-4ubuntu5.39 [1,054 kB]
             57% [2 libssl1.0.0 28.7 kB/1,054 kB 3%]                                       93% [Working]             Get:3 http://us.archive.ubuntu.com/ubuntu/ precise-updates/main ca-certificates all 20160104ubuntu0.12.04.1 [208 kB]
             94% [3 ca-certificates 51.7 kB/208 kB 25%]                                          100% [Working]              Fetched 2,842 kB in 0s (18.3 MB/s)
Preconfiguring packages ...
(Reading database ... (Reading database ... 5%(Reading database ... 10%(Reading database ... 15%(Reading database ... 20%(Reading database ... 25%(Reading database ... 30%(Reading database ... 35%(Reading database ... 40%(Reading database ... 45%(Reading database ... 50%(Reading database ... 55%(Reading database ... 60%(Reading database ... 65%(Reading database ... 70%(Reading database ... 75%(Reading database ... 80%(Reading database ... 85%(Reading database ... 90%(Reading database ... 95%(Reading database ... 100%(Reading database ... 71419 files and directories currently installed.)
Preparing to replace libssl-dev 1.0.1-4ubuntu5.21 (using .../libssl-dev_1.0.1-4ubuntu5.39_amd64.deb) ...
Unpacking replacement libssl-dev ...
Preparing to replace libssl1.0.0 1.0.1-4ubuntu5.21 (using .../libssl1.0.0_1.0.1-4ubuntu5.39_amd64.deb) ...
Unpacking replacement libssl1.0.0 ...
Setting up libssl1.0.0 (1.0.1-4ubuntu5.39) ...
Processing triggers for libc-bin ...
ldconfig deferred processing now taking place
(Reading database ... (Reading database ... 5%(Reading database ... 10%(Reading database ... 15%(Reading database ... 20%(Reading database ... 25%(Reading database ... 30%(Reading database ... 35%(Reading database ... 40%(Reading database ... 45%(Reading database ... 50%(Reading database ... 55%(Reading database ... 60%(Reading database ... 65%(Reading database ... 70%(Reading database ... 75%(Reading database ... 80%(Reading database ... 85%(Reading database ... 90%(Reading database ... 95%(Reading database ... 100%(Reading database ... 71419 files and directories currently installed.)
Preparing to replace ca-certificates 20130906ubuntu0.12.04.1 (using .../ca-certificates_20160104ubuntu0.12.04.1_all.deb) ...
Unpacking replacement ca-certificates ...
Processing triggers for man-db ...
Setting up libssl-dev (1.0.1-4ubuntu5.39) ...
Setting up ca-certificates (20160104ubuntu0.12.04.1) ...
Updating certificates in /etc/ssl/certs... 35 added, 26 removed; done.
Running hooks in /etc/ca-certificates/update.d....
Adding debian:ACCVRAIZ1.pem
Adding debian:Atos_TrustedRoot_2011.pem
Adding debian:CA_WoSign_ECC_Root.pem
Adding debian:Certification_Authority_of_WoSign_G2.pem
Adding debian:Certinomis_-_Root_CA.pem
Adding debian:CFCA_EV_ROOT.pem
Adding debian:COMODO_RSA_Certification_Authority.pem
Adding debian:DigiCert_Assured_ID_Root_G2.pem
Adding debian:DigiCert_Assured_ID_Root_G3.pem
Adding debian:DigiCert_Global_Root_G2.pem
Adding debian:DigiCert_Global_Root_G3.pem
Adding debian:DigiCert_Trusted_Root_G4.pem
Adding debian:Entrust_Root_Certification_Authority_-_EC1.pem
Adding debian:Entrust_Root_Certification_Authority_-_G2.pem
Adding debian:E-Tugra_Certification_Authority.pem
Adding debian:GlobalSign_ECC_Root_CA_-_R4.pem
Adding debian:GlobalSign_ECC_Root_CA_-_R5.pem
Adding debian:IdenTrust_Commercial_Root_CA_1.pem
Adding debian:IdenTrust_Public_Sector_Root_CA_1.pem
Adding debian:OISTE_WISeKey_Global_Root_GB_CA.pem
Adding debian:QuoVadis_Root_CA_1_G3.pem
Adding debian:QuoVadis_Root_CA_2_G3.pem
Adding debian:QuoVadis_Root_CA_3_G3.pem
Adding debian:Staat_der_Nederlanden_EV_Root_CA.pem
Adding debian:Staat_der_Nederlanden_Root_CA_-_G3.pem
Adding debian:S-TRUST_Universal_Root_CA.pem
Adding debian:TeliaSonera_Root_CA_v1.pem
Adding debian:T-TeleSec_GlobalRoot_Class_2.pem
Adding debian:TÃœRKTRUST_Elektronik_Sertifika_Hizmet_SaÄŸlayÄ±cÄ±sÄ±_H5.pem
Adding debian:TÃœRKTRUST_Elektronik_Sertifika_Hizmet_SaÄŸlayÄ±cÄ±sÄ±_H6.pem
Adding debian:TWCA_Global_Root_CA.pem
Adding debian:USERTrust_ECC_Certification_Authority.pem
Adding debian:USERTrust_RSA_Certification_Authority.pem
Adding debian:WoSign_China.pem
Adding debian:WoSign.pem
Removing debian:A-Trust-nQual-03.pem
Removing debian:America_Online_Root_Certification_Authority_1.pem
Removing debian:America_Online_Root_Certification_Authority_2.pem
Removing debian:Buypass_Class_3_CA_1.pem
Removing debian:ComSign_Secured_CA.pem
Removing debian:Digital_Signature_Trust_Co._Global_CA_1.pem
Removing debian:Digital_Signature_Trust_Co._Global_CA_3.pem
Removing debian:E-Guven_Kok_Elektronik_Sertifika_Hizmet_Saglayicisi.pem
Removing debian:Entrust.net_Secure_Server_CA.pem
Removing debian:Firmaprofesional_Root_CA.pem
Removing debian:GTE_CyberTrust_Global_Root.pem
Removing debian:RSA_Root_Certificate_1.pem
Removing debian:TC_TrustCenter_Class_2_CA_II.pem
Removing debian:TC_TrustCenter_Universal_CA_I.pem
Removing debian:TDC_Internet_Root_CA.pem
Removing debian:TDC_OCES_Root_CA.pem
Removing debian:TURKTRUST_Certificate_Services_Provider_Root_1.pem
Removing debian:TURKTRUST_Certificate_Services_Provider_Root_2.pem
Removing debian:Thawte_Premium_Server_CA.pem
Removing debian:Thawte_Server_CA.pem
Removing debian:UTN_DATACorp_SGC_Root_CA.pem
Removing debian:ValiCert_Class_1_VA.pem
Removing debian:ValiCert_Class_2_VA.pem
Removing debian:Verisign_Class_4_Public_Primary_Certification_Authority_-_G3.pem
Removing debian:Wells_Fargo_Root_CA.pem
Removing debian:spi-cacert-2008.pem
done.
done.
travis_fold:end:update_libssl1.0.0[0K$ jdk_switcher use openjdk7
Switching to OpenJDK7 (java-1.7.0-openjdk-amd64), JAVA_HOME will be set to /usr/lib/jvm/java-7-openjdk-amd64
travis_fold:start:git.checkout[0Ktravis_time:start:0103feba[0K$ git clone --depth=50 --branch=1-3-stable https://github.com/jruby/activerecord-jdbc-adapter.git jruby/activerecord-jdbc-adapter
Cloning into 'jruby/activerecord-jdbc-adapter'...
remote: Counting objects: 951, done.[K
remote: Compressing objects:   0% (1/660)   [Kremote: Compressing objects:   1% (7/660)   [Kremote: Compressing objects:   2% (14/660)   [Kremote: Compressing objects:   3% (20/660)   [Kremote: Compressing objects:   4% (27/660)   [Kremote: Compressing objects:   5% (33/660)   [Kremote: Compressing objects:   6% (40/660)   [Kremote: Compressing objects:   7% (47/660)   [Kremote: Compressing objects:   8% (53/660)   [Kremote: Compressing objects:   9% (60/660)   [Kremote: Compressing objects:  10% (66/660)   [Kremote: Compressing objects:  11% (73/660)   [Kremote: Compressing objects:  12% (80/660)   [Kremote: Compressing objects:  13% (86/660)   [Kremote: Compressing objects:  14% (93/660)   [Kremote: Compressing objects:  15% (99/660)   [Kremote: Compressing objects:  16% (106/660)   [Kremote: Compressing objects:  17% (113/660)   [Kremote: Compressing objects:  18% (119/660)   [Kremote: Compressing objects:  19% (126/660)   [Kremote: Compressing objects:  20% (132/660)   [Kremote: Compressing objects:  21% (139/660)   [Kremote: Compressing objects:  22% (146/660)   [Kremote: Compressing objects:  23% (152/660)   [Kremote: Compressing objects:  24% (159/660)   [Kremote: Compressing objects:  25% (165/660)   [Kremote: Compressing objects:  26% (172/660)   [Kremote: Compressing objects:  27% (179/660)   [Kremote: Compressing objects:  28% (185/660)   [Kremote: Compressing objects:  29% (192/660)   [Kremote: Compressing objects:  30% (198/660)   [Kremote: Compressing objects:  31% (205/660)   [Kremote: Compressing objects:  32% (212/660)   [Kremote: Compressing objects:  33% (218/660)   [Kremote: Compressing objects:  34% (225/660)   [Kremote: Compressing objects:  35% (231/660)   [Kremote: Compressing objects:  36% (238/660)   [Kremote: Compressing objects:  37% (245/660)   [Kremote: Compressing objects:  38% (251/660)   [Kremote: Compressing objects:  39% (258/660)   [Kremote: Compressing objects:  40% (264/660)   [Kremote: Compressing objects:  41% (271/660)   [Kremote: Compressing objects:  42% (278/660)   [Kremote: Compressing objects:  43% (284/660)   [Kremote: Compressing objects:  44% (291/660)   [Kremote: Compressing objects:  45% (297/660)   [Kremote: Compressing objects:  46% (304/660)   [Kremote: Compressing objects:  47% (311/660)   [Kremote: Compressing objects:  48% (317/660)   [Kremote: Compressing objects:  49% (324/660)   [Kremote: Compressing objects:  50% (330/660)   [Kremote: Compressing objects:  51% (337/660)   [Kremote: Compressing objects:  52% (344/660)   [Kremote: Compressing objects:  53% (350/660)   [Kremote: Compressing objects:  54% (357/660)   [Kremote: Compressing objects:  55% (363/660)   [Kremote: Compressing objects:  56% (370/660)   [Kremote: Compressing objects:  57% (377/660)   [Kremote: Compressing objects:  58% (383/660)   [Kremote: Compressing objects:  59% (390/660)   [Kremote: Compressing objects:  60% (396/660)   [Kremote: Compressing objects:  61% (403/660)   [Kremote: Compressing objects:  62% (410/660)   [Kremote: Compressing objects:  63% (416/660)   [Kremote: Compressing objects:  64% (423/660)   [Kremote: Compressing objects:  65% (429/660)   [Kremote: Compressing objects:  66% (436/660)   [Kremote: Compressing objects:  67% (443/660)   [Kremote: Compressing objects:  68% (449/660)   [Kremote: Compressing objects:  69% (456/660)   [Kremote: Compressing objects:  70% (462/660)   [Kremote: Compressing objects:  71% (469/660)   [Kremote: Compressing objects:  72% (476/660)   [Kremote: Compressing objects:  73% (482/660)   [Kremote: Compressing objects:  74% (489/660)   [Kremote: Compressing objects:  75% (495/660)   [Kremote: Compressing objects:  76% (502/660)   [Kremote: Compressing objects:  77% (509/660)   [Kremote: Compressing objects:  78% (515/660)   [Kremote: Compressing objects:  79% (522/660)   [Kremote: Compressing objects:  80% (528/660)   [Kremote: Compressing objects:  81% (535/660)   [Kremote: Compressing objects:  82% (542/660)   [Kremote: Compressing objects:  83% (548/660)   [Kremote: Compressing objects:  84% (555/660)   [Kremote: Compressing objects:  85% (561/660)   [Kremote: Compressing objects:  86% (568/660)   [Kremote: Compressing objects:  87% (575/660)   [Kremote: Compressing objects:  88% (581/660)   [Kremote: Compressing objects:  89% (588/660)   [Kremote: Compressing objects:  90% (594/660)   [Kremote: Compressing objects:  91% (601/660)   [Kremote: Compressing objects:  92% (608/660)   [Kremote: Compressing objects:  93% (614/660)   [Kremote: Compressing objects:  94% (621/660)   [Kremote: Compressing objects:  95% (627/660)   [Kremote: Compressing objects:  96% (634/660)   [Kremote: Compressing objects:  97% (641/660)   [Kremote: Compressing objects:  98% (647/660)   [Kremote: Compressing objects:  99% (654/660)   [Kremote: Compressing objects: 100% (660/660)   [Kremote: Compressing objects: 100% (660/660), done.[K
Receiving objects:   0% (1/951)   Receiving objects:   1% (10/951)   Receiving objects:   2% (20/951)   Receiving objects:   3% (29/951)   Receiving objects:   4% (39/951)   Receiving objects:   5% (48/951)   Receiving objects:   6% (58/951)   Receiving objects:   7% (67/951)   Receiving objects:   8% (77/951)   Receiving objects:   9% (86/951)   Receiving objects:  10% (96/951)   Receiving objects:  11% (105/951)   Receiving objects:  12% (115/951)   Receiving objects:  13% (124/951)   Receiving objects:  14% (134/951)   Receiving objects:  15% (143/951)   Receiving objects:  16% (153/951)   Receiving objects:  17% (162/951)   Receiving objects:  18% (172/951)   Receiving objects:  19% (181/951)   Receiving objects:  20% (191/951)   Receiving objects:  21% (200/951)   Receiving objects:  22% (210/951)   Receiving objects:  23% (219/951)   Receiving objects:  24% (229/951)   Receiving objects:  25% (238/951)   Receiving objects:  26% (248/951)   Receiving objects:  27% (257/951)   Receiving objects:  28% (267/951)   Receiving objects:  29% (276/951)   Receiving objects:  30% (286/951)   Receiving objects:  31% (295/951)   Receiving objects:  32% (305/951)   Receiving objects:  33% (314/951)   Receiving objects:  34% (324/951)   Receiving objects:  35% (333/951)   Receiving objects:  36% (343/951)   Receiving objects:  37% (352/951)   Receiving objects:  38% (362/951)   Receiving objects:  39% (371/951)   Receiving objects:  40% (381/951)   Receiving objects:  41% (390/951)   Receiving objects:  42% (400/951), 10.11 MiB | 20.17 MiB/s   Receiving objects:  43% (409/951), 10.11 MiB | 20.17 MiB/s   Receiving objects:  44% (419/951), 10.11 MiB | 20.17 MiB/s   Receiving objects:  45% (428/951), 10.11 MiB | 20.17 MiB/s   Receiving objects:  46% (438/951), 10.11 MiB | 20.17 MiB/s   Receiving objects:  47% (447/951), 10.11 MiB | 20.17 MiB/s   Receiving objects:  48% (457/951), 10.11 MiB | 20.17 MiB/s   Receiving objects:  49% (466/951), 10.11 MiB | 20.17 MiB/s   Receiving objects:  50% (476/951), 10.11 MiB | 20.17 MiB/s   Receiving objects:  51% (486/951), 10.11 MiB | 20.17 MiB/s   Receiving objects:  52% (495/951), 10.11 MiB | 20.17 MiB/s   Receiving objects:  53% (505/951), 10.11 MiB | 20.17 MiB/s   Receiving objects:  54% (514/951), 10.11 MiB | 20.17 MiB/s   Receiving objects:  55% (524/951), 10.11 MiB | 20.17 MiB/s   Receiving objects:  56% (533/951), 10.11 MiB | 20.17 MiB/s   Receiving objects:  57% (543/951), 10.11 MiB | 20.17 MiB/s   Receiving objects:  58% (552/951), 10.11 MiB | 20.17 MiB/s   Receiving objects:  59% (562/951), 10.11 MiB | 20.17 MiB/s   Receiving objects:  60% (571/951), 10.11 MiB | 20.17 MiB/s   Receiving objects:  61% (581/951), 10.11 MiB | 20.17 MiB/s   Receiving objects:  62% (590/951), 10.11 MiB | 20.17 MiB/s   Receiving objects:  63% (600/951), 10.11 MiB | 20.17 MiB/s   Receiving objects:  64% (609/951), 10.11 MiB | 20.17 MiB/s   Receiving objects:  65% (619/951), 10.11 MiB | 20.17 MiB/s   Receiving objects:  66% (628/951), 10.11 MiB | 20.17 MiB/s   Receiving objects:  67% (638/951), 10.11 MiB | 20.17 MiB/s   Receiving objects:  68% (647/951), 10.11 MiB | 20.17 MiB/s   Receiving objects:  69% (657/951), 10.11 MiB | 20.17 MiB/s   Receiving objects:  70% (666/951), 10.11 MiB | 20.17 MiB/s   Receiving objects:  71% (676/951), 10.11 MiB | 20.17 MiB/s   Receiving objects:  72% (685/951), 10.11 MiB | 20.17 MiB/s   Receiving objects:  73% (695/951), 10.11 MiB | 20.17 MiB/s   Receiving objects:  74% (704/951), 10.11 MiB | 20.17 MiB/s   Receiving objects:  75% (714/951), 10.11 MiB | 20.17 MiB/s   Receiving objects:  76% (723/951), 10.11 MiB | 20.17 MiB/s   Receiving objects:  77% (733/951), 10.11 MiB | 20.17 MiB/s   Receiving objects:  78% (742/951), 10.11 MiB | 20.17 MiB/s   Receiving objects:  79% (752/951), 10.11 MiB | 20.17 MiB/s   Receiving objects:  80% (761/951), 10.11 MiB | 20.17 MiB/s   Receiving objects:  81% (771/951), 10.11 MiB | 20.17 MiB/s   Receiving objects:  82% (780/951), 10.11 MiB | 20.17 MiB/s   Receiving objects:  83% (790/951), 10.11 MiB | 20.17 MiB/s   Receiving objects:  84% (799/951), 10.11 MiB | 20.17 MiB/s   Receiving objects:  85% (809/951), 10.11 MiB | 20.17 MiB/s   Receiving objects:  86% (818/951), 10.11 MiB | 20.17 MiB/s   Receiving objects:  87% (828/951), 10.11 MiB | 20.17 MiB/s   Receiving objects:  88% (837/951), 10.11 MiB | 20.17 MiB/s   Receiving objects:  89% (847/951), 10.11 MiB | 20.17 MiB/s   Receiving objects:  90% (856/951), 10.11 MiB | 20.17 MiB/s   Receiving objects:  91% (866/951), 10.11 MiB | 20.17 MiB/s   Receiving objects:  92% (875/951), 10.11 MiB | 20.17 MiB/s   Receiving objects:  93% (885/951), 10.11 MiB | 20.17 MiB/s   Receiving objects:  94% (894/951), 10.11 MiB | 20.17 MiB/s   Receiving objects:  95% (904/951), 10.11 MiB | 20.17 MiB/s   Receiving objects:  96% (913/951), 10.11 MiB | 20.17 MiB/s   Receiving objects:  97% (923/951), 10.11 MiB | 20.17 MiB/s   Receiving objects:  98% (932/951), 10.11 MiB | 20.17 MiB/s   Receiving objects:  99% (942/951), 10.11 MiB | 20.17 MiB/s   remote: Total 951 (delta 322), reused 581 (delta 228), pack-reused 0[K
Receiving objects: 100% (951/951), 10.11 MiB | 20.17 MiB/s   Receiving objects: 100% (951/951), 12.58 MiB | 20.17 MiB/s, done.
Resolving deltas:   0% (0/322)   Resolving deltas:   1% (6/322)   Resolving deltas:   2% (8/322)   Resolving deltas:   5% (18/322)   Resolving deltas:   6% (21/322)   Resolving deltas:   7% (25/322)   Resolving deltas:   8% (26/322)   Resolving deltas:   9% (31/322)   Resolving deltas:  14% (46/322)   Resolving deltas:  15% (50/322)   Resolving deltas:  16% (53/322)   Resolving deltas:  18% (60/322)   Resolving deltas:  23% (76/322)   Resolving deltas:  28% (92/322)   Resolving deltas:  29% (94/322)   Resolving deltas:  30% (97/322)   Resolving deltas:  32% (105/322)   Resolving deltas:  34% (112/322)   Resolving deltas:  38% (125/322)   Resolving deltas:  45% (147/322)   Resolving deltas:  46% (150/322)   Resolving deltas:  47% (153/322)   Resolving deltas:  49% (159/322)   Resolving deltas:  52% (170/322)   Resolving deltas:  53% (171/322)   Resolving deltas:  55% (180/322)   Resolving deltas:  56% (181/322)   Resolving deltas:  57% (184/322)   Resolving deltas:  58% (187/322)   Resolving deltas:  59% (190/322)   Resolving deltas:  62% (202/322)   Resolving deltas:  63% (206/322)   Resolving deltas:  65% (211/322)   Resolving deltas:  66% (213/322)   Resolving deltas:  67% (216/322)   Resolving deltas:  68% (220/322)   Resolving deltas:  69% (224/322)   Resolving deltas:  71% (230/322)   Resolving deltas:  72% (233/322)   Resolving deltas:  73% (236/322)   Resolving deltas:  74% (239/322)   Resolving deltas:  75% (242/322)   Resolving deltas:  76% (245/322)   Resolving deltas:  77% (251/322)   Resolving deltas:  78% (253/322)   Resolving deltas:  79% (255/322)   Resolving deltas:  81% (263/322)   Resolving deltas:  87% (283/322)   Resolving deltas:  88% (284/322)   Resolving deltas:  89% (287/322)   Resolving deltas:  90% (291/322)   Resolving deltas:  91% (295/322)   Resolving deltas:  92% (297/322)   Resolving deltas:  93% (300/322)   Resolving deltas:  94% (304/322)   Resolving deltas:  95% (307/322)   Resolving deltas:  96% (311/322)   Resolving deltas:  97% (314/322)   Resolving deltas:  98% (316/322)   Resolving deltas:  99% (319/322)   Resolving deltas: 100% (322/322)   Resolving deltas: 100% (322/322), done.
Checking connectivity... done.

travis_time:end:0103feba:start=1502899607960226043,finish=1502899609887515759,duration=1927289716[0K$ cd jruby/activerecord-jdbc-adapter
$ git checkout -qf 2178236e67fdbde7362244e2b594add5ed4acc02
travis_fold:end:git.checkout[0K
[33;1mSetting environment variables from .travis.yml[0m
$ export JRUBY_OPTS="--1.9 $JRUBY_OPTS"
$ export DB=postgresql
$ export PREPARED_STATEMENTS=true

travis_fold:start:rvm[0Ktravis_time:start:0b9e1d98[0K$ rvm use jruby-1.7.24 --install --binary --fuzzy
[31mUnknown ruby string (do not know how to handle): jruby-1.7.24.[0m
[31mUnknown ruby string (do not know how to handle): jruby-1.7.24.[0m
[33mjruby-1.7.24 is not installed - installing.[0m
[31mUnknown ruby string (do not know how to handle): jruby-1.7.24.[0m
[31mUnknown ruby string (do not know how to handle): jruby-1.7.24.[0m
[32mSearching for binary rubies, this might take some time.[0m
[31mUnknown ruby string (do not know how to handle): jruby-1.7.24.[0m
[31mUnknown ruby string (do not know how to handle): jruby-1.7.24.[0m
[32mFound remote file https://s3.amazonaws.com/jruby.org/downloads/1.7.24/jruby-bin-1.7.24.tar.gz[0m
[32mChecking requirements for ubuntu.[0m
[32mRequirements installation successful.[0m
[32mjruby-1.7.24 - #configure[0m
[31mUnknown ruby string (do not know how to handle): jruby-1.7.24.[0m
[32mjruby-1.7.24 - #download[0m
  % Total    % Received % Xferd  Average Speed   Time    Time     Time  Current
                                 Dload  Upload   Total   Spent    Left  Speed
  0     0    0     0    0     0      0      0 --:--:-- --:--:-- --:--:--     0100 20.6M  100 20.6M    0     0  77.7M      0 --:--:-- --:--:-- --:--:-- 78.6M
[33mNo checksum for downloaded archive, recording checksum in user configuration.[0m
[32mjruby-1.7.24 - #validate archive[0m
[32mjruby-1.7.24 - #extract[0m
[32mjruby-1.7.24 - #validate binary[0m
[32mjruby-1.7.24 - #setup[0m
[32mjruby-1.7.24 - #gemset created /home/travis/.rvm/gems/jruby-1.7.24@global[0m
[32mjruby-1.7.24 - #importing gemset /home/travis/.rvm/gemsets/jruby/global.gems[0m|/-\|/-\|.-\|/-\|/-.|/-\|/-\|.-\|/-\|/-.|/-\|/-\|.-\|/-\|/-.|/-\|/-\|.-\|/-\|/-.|/-\|/-\|.-\|/-\|/-.|/-\|/-\|.-\|/-\|/-.|/-\|/-\|.-\|/-\|/-.|/-\|/-\|.-\|/-\|/-.|/-\|/-\|.-\|/-\|/-.|/-\|/-\|.-\|/-\|/-.|/-\|/-\|.-\|/-\|/-.|/-\|/-\|.-\|/-\|/-.|/-\|/-\|.-\|/-\|/-.|/-\|/-\|.-\|/-\|/-.|/-\|/-\|.-\|/-\|/-.|/-\|/-\|.-\|/-\|/-.|/-\|/-\|.-\|/-\|/-.|/-\|/-\|.-\|/-\|/-.|/-\|/-\|.-\|/-\|/-.|/-\|/-\|.-\|/-\|/-.|/-\|/-\|.-\|/-\|/-.|/-\|/-\|.-\|/-\|/-.|/-\|/-\|.-\|/-\|/-.|/-\|/-\|.-\|/-\|/-.|/-\|/-\|.-\|/-\|/-.|/-\|/-\|.-\|/-\|/-.|/-\|/-\|.-\|/-\|/-.|/-\|/-\|.-\|/-\|/-.|/-\|/-\|.-\|/-\|/-.|/-\|/-\|.-\|/-\|/-.|/-\|/-\|.-\|/-\|/-.|/-\|/-\|.-\|/-\|/-.|/-\|/-\|.-\|/-\|/-.|/-\|/-\|.-\|/-\|/-.|/-\|/-\|.-\|/-\|/-.|/-\|/-\|.-\|/-\|/-.|/-\|/-\|.-\|/-\|/-.|/-\|/-\|.-\|/-\|/-.|/-\|/-\|.-\|/-\|/-.|/-\|/-.
[32mjruby-1.7.24 - #generating global wrappers[0m|/-\|/-\|.-\|/-\|/-.|/-\|/-\|.-\|/-\|/-.|/-\|/-\|.-\|/-\|/-.|/-\|/-\|.-\|/.
[32mjruby-1.7.24 - #uninstalling gem rubygems-bundler-1.4.4[0m|/.
[32mjruby-1.7.24 - #gemset created /home/travis/.rvm/gems/jruby-1.7.24[0m
[32mjruby-1.7.24 - #importing gemset /home/travis/.rvm/gemsets/default.gems[0m|/-\|/-\|.-\|/-\|/-.|/-\|/-\|.-\|/-\|/-.|/-\|/-\|.-\|/-\|/-.|/-\|/-\|.-\|/-\|/-.|/-\|/-\|.-\|/-\|/-.|/-\|/-\|.-\|/-\|/-.|/-\|/-\|.-\|/-\|/-.|/-\|/-\|.-\|/-\|/-.|/-\|/-\|.-\|/-\|/-.|/-\|/-\|.-\|/-\|/-.
[32mjruby-1.7.24 - #generating default wrappers[0m|/-\|/-\|.-\|/-\|/-.|/-\|/-\|.-\|/-\|/-.|/-\|/-\|.-\|/-\|/-.|/-\|/-\|.-\|/-.
chown: changing ownership of `/home/travis/.rvm/user/installs': Operation not permitted
[32mUsing /home/travis/.rvm/gems/jruby-1.7.24[0m

travis_time:end:0b9e1d98:start=1502899641253224893,finish=1502899725023229950,duration=83770005057[0Ktravis_fold:end:rvm[0K$ export BUNDLE_GEMFILE=$PWD/gemfiles/rails41.gemfile
$ java -Xmx32m -version
java version "1.7.0_75"
OpenJDK Runtime Environment (IcedTea 2.5.4) (7u75-2.5.4-1~precise1)
OpenJDK 64-Bit Server VM (build 24.75-b04, mixed mode)
$ javac -J-Xmx32m -version
javac 1.7.0_75
$ ruby --version
jruby 1.7.24 (1.9.3p551) 2016-01-20 bd68d85 on OpenJDK 64-Bit Server VM 1.7.0_75-b13 +jit [linux-amd64]
$ rvm --version
rvm 1.26.10 (latest-minor) by Wayne E. Seguin <wayneeseguin@gmail.com>, Michal Papis <mpapis@gmail.com> [https://rvm.io/]
$ bundle --version
Bundler version 1.15.3
$ gem --version
2.4.8
travis_fold:start:before_install[0Ktravis_time:start:22d27c8e[0K$ ((jruby -v | grep 1.8.7) && jruby --1.9 -S gem update --system 2.1.11) || true

travis_time:end:22d27c8e:start=1502899731647173947,finish=1502899731782562294,duration=135388347[0Ktravis_fold:end:before_install[0Ktravis_fold:start:install.bundler[0Ktravis_time:start:12b67990[0K$ bundle install --without development
Fetching gem metadata from https://rubygems.org/........
Fetching version metadata from https://rubygems.org/.
[32mFetching rake 10.4.2[0m
[32mInstalling rake 10.4.2[0m
[32mFetching i18n 0.8.1[0m
[32mInstalling i18n 0.8.1[0m
[32mFetching json 1.8.6 (java)[0m
[32mInstalling json 1.8.6 (java)[0m
[32mFetching minitest 5.10.1[0m
[32mInstalling minitest 5.10.1[0m
[32mFetching thread_safe 0.3.6 (java)[0m
[32mInstalling thread_safe 0.3.6 (java)[0m
[32mFetching builder 3.2.3[0m
[32mInstalling builder 3.2.3[0m
[32mFetching arel 5.0.1.20140414130214[0m
[32mInstalling arel 5.0.1.20140414130214[0m
Using bundler 1.15.3
[32mFetching bcrypt-ruby 3.0.1 (java)[0m
[32mInstalling bcrypt-ruby 3.0.1 (java)[0m
[32mFetching docile 1.1.5[0m
[32mInstalling docile 1.1.5[0m
[32mFetching metaclass 0.0.4[0m
[32mInstalling metaclass 0.0.4[0m
[32mFetching simplecov-html 0.10.0[0m
[32mInstalling simplecov-html 0.10.0[0m
[32mFetching test-unit 2.5.5[0m
[32mInstalling test-unit 2.5.5[0m
[32mFetching tzinfo 1.2.3[0m
[32mInstalling tzinfo 1.2.3[0m
[32mFetching appraisal 0.5.2[0m
[32mInstalling appraisal 0.5.2[0m
[32mFetching mocha 0.13.3[0m
[32mInstalling mocha 0.13.3[0m
[32mFetching simplecov 0.14.1[0m
[32mInstalling simplecov 0.14.1[0m
[32mFetching test-unit-context 0.5.1[0m
[32mInstalling test-unit-context 0.5.1[0m
[32mFetching activesupport 4.1.16[0m
[32mInstalling activesupport 4.1.16[0m
[32mFetching activemodel 4.1.16[0m
[32mInstalling activemodel 4.1.16[0m
[32mFetching activerecord 4.1.16[0m
[32mInstalling activerecord 4.1.16[0m
[32mBundle complete! 12 Gemfile dependencies, 21 gems now installed.[0m
[32mGems in the group development were not installed.[0m
[32mUse `bundle info [gemname]` to see where a bundled gem is installed.[0m

travis_time:end:12b67990:start=1502899731787966893,finish=1502899748519863901,duration=16731897008[0Ktravis_fold:end:install.bundler[0Ktravis_fold:start:before_script.1[0Ktravis_time:start:296ab410[0K$ export JRUBY_OPTS="--server $JRUBY_OPTS"

travis_time:end:296ab410:start=1502899748525389773,finish=1502899748530949446,duration=5559673[0Ktravis_fold:end:before_script.1[0Ktravis_fold:start:before_script.2[0Ktravis_time:start:02238975[0K$ mysql --version
mysql  Ver 14.14 Distrib 5.5.41, for debian-linux-gnu (x86_64) using readline 6.2

travis_time:end:02238975:start=1502899748536577228,finish=1502899748542837367,duration=6260139[0Ktravis_fold:end:before_script.2[0Ktravis_time:start:08046504[0K$ bundle exec rake test_$DB
Creating PostgreSQL (test) database: arjdbc_test
Using ActiveRecord::VERSION = 4.1.16
Loaded suite /home/travis/.rvm/gems/jruby-1.7.24/gems/rake-10.4.2/lib/rake/rake_test_loader
Started
[42;37;1m.[0m[42;37;1m.[0m[42;37;1m.[0m[42;37;1m.[0m[42;37;1m.[0m[42;37;1m.[0m[42;37;1m.[0m[42;37;1m.[0m[42;37;1m.[0m[42;37;1m.[0m[42;37;1m.[0m[42;37;1m.[0m[45;37;1mP[0m
[45;37;1m===============================================================================[0m
[45;37;1mPending[0m: pended.
test_multi_dimensional(PostgreSQLArrayTypeTest)
/home/travis/build/jruby/activerecord-jdbc-adapter/test/db/postgresql/array_type_test.rb:133:in `test_multi_dimensional'
     130:   end
     131: 
     132:   def test_multi_dimensional
[45;37;1m  => 133:     pend[0m
     134:     assert_cycle([['1','2'],['2','3']])
     135:   end
     136: 
[45;37;1m===============================================================================[0m
[42;37;1m.[0m[42;37;1m.[0m[42;37;1m.[0m[42;37;1m.[0m[42;37;1m.[0m[42;37;1m.[0m[42;37;1m.[0m[42;37;1m.[0m[42;37;1m.[0m[42;37;1m.[0m[42;37;1m.[0m[42;37;1m.[0m[42;37;1m.[0m[42;37;1m.[0m[42;37;1m.[0m[42;37;1m.[0m[44;37;1mO[0m
[44;37;1m===============================================================================[0m
[44;37;1mdo not test on PG without hstore[0m [test_arrow(PostgreSQLHstoreTest)]
/home/travis/build/jruby/activerecord-jdbc-adapter/test/db/postgresql/hstore_test.rb:16:in `setup'
[44;37;1m===============================================================================[0m
[44;37;1mO[0m
[44;37;1m===============================================================================[0m
[44;37;1mdo not test on PG without hstore[0m [test_backslash(PostgreSQLHstoreTest)]
/home/travis/build/jruby/activerecord-jdbc-adapter/test/db/postgresql/hstore_test.rb:16:in `setup'
[44;37;1m===============================================================================[0m
[44;37;1mO[0m
[44;37;1m===============================================================================[0m
[44;37;1mdo not test on PG without hstore[0m [test_change_table_supports_hstore(PostgreSQLHstoreTest)]
/home/travis/build/jruby/activerecord-jdbc-adapter/test/db/postgresql/hstore_test.rb:16:in `setup'
[44;37;1m===============================================================================[0m
[44;37;1mO[0m
[44;37;1m===============================================================================[0m
[44;37;1mdo not test on PG without hstore[0m [test_column(PostgreSQLHstoreTest)]
/home/travis/build/jruby/activerecord-jdbc-adapter/test/db/postgresql/hstore_test.rb:16:in `setup'
[44;37;1m===============================================================================[0m
[44;37;1mO[0m
[44;37;1m===============================================================================[0m
[44;37;1mdo not test on PG without hstore[0m [test_comma(PostgreSQLHstoreTest)]
/home/travis/build/jruby/activerecord-jdbc-adapter/test/db/postgresql/hstore_test.rb:16:in `setup'
[44;37;1m===============================================================================[0m
[44;37;1mO[0m
[44;37;1m===============================================================================[0m
[44;37;1mdo not test on PG without hstore[0m [test_create(PostgreSQLHstoreTest)]
/home/travis/build/jruby/activerecord-jdbc-adapter/test/db/postgresql/hstore_test.rb:16:in `setup'
[44;37;1m===============================================================================[0m
[44;37;1mO[0m
[44;37;1m===============================================================================[0m
[44;37;1mdo not test on PG without hstore[0m [test_disable_enable_hstore(PostgreSQLHstoreTest)]
/home/travis/build/jruby/activerecord-jdbc-adapter/test/db/postgresql/hstore_test.rb:16:in `setup'
[44;37;1m===============================================================================[0m
[44;37;1mO[0m
[44;37;1m===============================================================================[0m
[44;37;1mdo not test on PG without hstore[0m [test_gen1(PostgreSQLHstoreTest)]
/home/travis/build/jruby/activerecord-jdbc-adapter/test/db/postgresql/hstore_test.rb:16:in `setup'
[44;37;1m===============================================================================[0m
[44;37;1mO[0m
[44;37;1m===============================================================================[0m
[44;37;1mdo not test on PG without hstore[0m [test_gen2(PostgreSQLHstoreTest)]
/home/travis/build/jruby/activerecord-jdbc-adapter/test/db/postgresql/hstore_test.rb:16:in `setup'
[44;37;1m===============================================================================[0m
[44;37;1mO[0m
[44;37;1m===============================================================================[0m
[44;37;1mdo not test on PG without hstore[0m [test_gen3(PostgreSQLHstoreTest)]
/home/travis/build/jruby/activerecord-jdbc-adapter/test/db/postgresql/hstore_test.rb:16:in `setup'
[44;37;1m===============================================================================[0m
[44;37;1mO[0m
[44;37;1m===============================================================================[0m
[44;37;1mdo not test on PG without hstore[0m [test_gen4(PostgreSQLHstoreTest)]
/home/travis/build/jruby/activerecord-jdbc-adapter/test/db/postgresql/hstore_test.rb:16:in `setup'
[44;37;1m===============================================================================[0m
[44;37;1mO[0m
[44;37;1m===============================================================================[0m
[44;37;1mdo not test on PG without hstore[0m [test_hstore_array_column(PostgreSQLHstoreTest)]
/home/travis/build/jruby/activerecord-jdbc-adapter/test/db/postgresql/hstore_test.rb:16:in `setup'
[44;37;1m===============================================================================[0m
[44;37;1mO[0m
[44;37;1m===============================================================================[0m
[44;37;1mdo not test on PG without hstore[0m [test_hstore_included_in_extensions(PostgreSQLHstoreTest)]
/home/travis/build/jruby/activerecord-jdbc-adapter/test/db/postgresql/hstore_test.rb:16:in `setup'
[44;37;1m===============================================================================[0m
[44;37;1mO[0m
[44;37;1m===============================================================================[0m
[44;37;1mdo not test on PG without hstore[0m [test_multiline(PostgreSQLHstoreTest)]
/home/travis/build/jruby/activerecord-jdbc-adapter/test/db/postgresql/hstore_test.rb:16:in `setup'
[44;37;1m===============================================================================[0m
[44;37;1mO[0m
[44;37;1m===============================================================================[0m
[44;37;1mdo not test on PG without hstore[0m [test_nil(PostgreSQLHstoreTest)]
/home/travis/build/jruby/activerecord-jdbc-adapter/test/db/postgresql/hstore_test.rb:16:in `setup'
[44;37;1m===============================================================================[0m
[44;37;1mO[0m
[44;37;1m===============================================================================[0m
[44;37;1mdo not test on PG without hstore[0m [test_parse(PostgreSQLHstoreTest)]
/home/travis/build/jruby/activerecord-jdbc-adapter/test/db/postgresql/hstore_test.rb:16:in `setup'
[44;37;1m===============================================================================[0m
[44;37;1mO[0m
[44;37;1m===============================================================================[0m
[44;37;1mdo not test on PG without hstore[0m [test_quotes(PostgreSQLHstoreTest)]
/home/travis/build/jruby/activerecord-jdbc-adapter/test/db/postgresql/hstore_test.rb:16:in `setup'
[44;37;1m===============================================================================[0m
[44;37;1mO[0m
[44;37;1m===============================================================================[0m
[44;37;1mdo not test on PG without hstore[0m [test_quoting_special_characters(PostgreSQLHstoreTest)]
/home/travis/build/jruby/activerecord-jdbc-adapter/test/db/postgresql/hstore_test.rb:16:in `setup'
[44;37;1m===============================================================================[0m
[44;37;1mO[0m
[44;37;1m===============================================================================[0m
[44;37;1mdo not test on PG without hstore[0m [test_rewrite(PostgreSQLHstoreTest)]
/home/travis/build/jruby/activerecord-jdbc-adapter/test/db/postgresql/hstore_test.rb:16:in `setup'
[44;37;1m===============================================================================[0m
[44;37;1mO[0m
[44;37;1m===============================================================================[0m
[44;37;1mdo not test on PG without hstore[0m [test_select(PostgreSQLHstoreTest)]
/home/travis/build/jruby/activerecord-jdbc-adapter/test/db/postgresql/hstore_test.rb:16:in `setup'
[44;37;1m===============================================================================[0m
[44;37;1mO[0m
[44;37;1m===============================================================================[0m
[44;37;1mdo not test on PG without hstore[0m [test_select_multikey(PostgreSQLHstoreTest)]
/home/travis/build/jruby/activerecord-jdbc-adapter/test/db/postgresql/hstore_test.rb:16:in `setup'
[44;37;1m===============================================================================[0m
[44;37;1mO[0m
[44;37;1m===============================================================================[0m
[44;37;1mdo not test on PG without hstore[0m [test_store_select(PostgreSQLHstoreTest)]
/home/travis/build/jruby/activerecord-jdbc-adapter/test/db/postgresql/hstore_test.rb:16:in `setup'
[44;37;1m===============================================================================[0m
[44;37;1mO[0m
[44;37;1m===============================================================================[0m
[44;37;1mdo not test on PG without hstore[0m [test_type_cast_hstore(PostgreSQLHstoreTest)]
/home/travis/build/jruby/activerecord-jdbc-adapter/test/db/postgresql/hstore_test.rb:16:in `setup'
[44;37;1m===============================================================================[0m
[44;37;1mO[0m
[44;37;1m===============================================================================[0m
[44;37;1mdo not test on PG without hstore[0m [test_whitespace(PostgreSQLHstoreTest)]
/home/travis/build/jruby/activerecord-jdbc-adapter/test/db/postgresql/hstore_test.rb:16:in `setup'
[44;37;1m===============================================================================[0m
[42;37;1m.[0m[42;37;1m.[0m[42;37;1m.[0m[42;37;1m.[0m[42;37;1m.[0m[42;37;1m.[0m[42;37;1m.[0m[42;37;1m.[0m[42;37;1m.[0m[42;37;1m.[0m[42;37;1m.[0m[42;37;1m.[0m[42;37;1m.[0m[42;37;1m.[0m[42;37;1m.[0m[42;37;1m.[0m[42;37;1m.[0m[42;37;1m.[0m[42;37;1m.[0m[42;37;1m.[0m[42;37;1m.[0m[42;37;1m.[0m[42;37;1m.[0m[44;37;1mO[0m
[44;37;1m===============================================================================[0m
[44;37;1mfails with prepared statements[0m [test: serial number(PostgreSQLTableNameTest)]
/home/travis/build/jruby/activerecord-jdbc-adapter/test/db/postgresql/table_name_test.rb:45:in `test: serial number'
[44;37;1m===============================================================================[0m
[44;37;1mO[0m
[44;37;1m===============================================================================[0m
[44;37;1mfails with prepared statements[0m [test: serial with trigger(PostgreSQLTableNameTest)]
/home/travis/build/jruby/activerecord-jdbc-adapter/test/db/postgresql/table_name_test.rb:92:in `test: serial with trigger'
[44;37;1m===============================================================================[0m
[42;37;1m.[0m[42;37;1m.[0m[42;37;1m.[0m[44;37;1mO[0m
[44;37;1m===============================================================================[0m
[44;37;1mPostgreSQL 9.2 required for range datatypes[0m [test_create_daterange(PostgreSQLTypesTest)]
/home/travis/build/jruby/activerecord-jdbc-adapter/test/db/postgresql/types_test.rb:459:in `test_create_daterange'
[44;37;1m===============================================================================[0m
[44;37;1mO[0m
[44;37;1m===============================================================================[0m
[44;37;1mPostgreSQL 9.2 required for range datatypes[0m [test_create_int4range(PostgreSQLTypesTest)]
/home/travis/build/jruby/activerecord-jdbc-adapter/test/db/postgresql/types_test.rb:481:in `test_create_int4range'
[44;37;1m===============================================================================[0m
[44;37;1mO[0m
[44;37;1m===============================================================================[0m
[44;37;1mPostgreSQL 9.2 required for range datatypes[0m [test_create_int8range(PostgreSQLTypesTest)]
/home/travis/build/jruby/activerecord-jdbc-adapter/test/db/postgresql/types_test.rb:503:in `test_create_int8range'
[44;37;1m===============================================================================[0m
[44;37;1mO[0m
[44;37;1m===============================================================================[0m
[44;37;1mPostgreSQL 9.2 required for range datatypes[0m [test_create_numrange(PostgreSQLTypesTest)]
/home/travis/build/jruby/activerecord-jdbc-adapter/test/db/postgresql/types_test.rb:437:in `test_create_numrange'
[44;37;1m===============================================================================[0m
[44;37;1mO[0m
[44;37;1m===============================================================================[0m
[44;37;1mPostgreSQL 9.2 required for range datatypes[0m [test_create_tsrange(PostgreSQLTypesTest)]
/home/travis/build/jruby/activerecord-jdbc-adapter/test/db/postgresql/types_test.rb:413:in `test_create_tsrange'
[44;37;1m===============================================================================[0m
[44;37;1mO[0m
[44;37;1m===============================================================================[0m
[44;37;1mPostgreSQL 9.2 required for range datatypes[0m [test_create_tstzrange(PostgreSQLTypesTest)]
/home/travis/build/jruby/activerecord-jdbc-adapter/test/db/postgresql/types_test.rb:390:in `test_create_tstzrange'
[44;37;1m===============================================================================[0m
[42;37;1m.[0m[42;37;1m.[0m[42;37;1m.[0m[42;37;1m.[0m[42;37;1m.[0m[42;37;1m.[0m[44;37;1mO[0m
[44;37;1m===============================================================================[0m
[44;37;1mPostgreSQL 9.2 required for range datatypes[0m [test_data_type_of_range_types(PostgreSQLTypesTest)]
/home/travis/build/jruby/activerecord-jdbc-adapter/test/db/postgresql/types_test.rb:259:in `test_data_type_of_range_types'
[44;37;1m===============================================================================[0m
[42;37;1m.[0m[42;37;1m.[0m[42;37;1m.[0m[44;37;1mO[0m
[44;37;1m===============================================================================[0m
[44;37;1mPostgreSQL 9.2 required for range datatypes[0m [test_daterange_values(PostgreSQLTypesTest)]
/home/travis/build/jruby/activerecord-jdbc-adapter/test/db/postgresql/types_test.rb:345:in `test_daterange_values'
[44;37;1m===============================================================================[0m
[44;37;1mO[0m
[44;37;1m===============================================================================[0m
[44;37;1mPostgreSQL 9.2 required for range datatypes[0m [test_int4range_values(PostgreSQLTypesTest)]
/home/travis/build/jruby/activerecord-jdbc-adapter/test/db/postgresql/types_test.rb:327:in `test_int4range_values'
[44;37;1m===============================================================================[0m
[44;37;1mO[0m
[44;37;1m===============================================================================[0m
[44;37;1mPostgreSQL 9.2 required for range datatypes[0m [test_int8range_values(PostgreSQLTypesTest)]
/home/travis/build/jruby/activerecord-jdbc-adapter/test/db/postgresql/types_test.rb:336:in `test_int8range_values'
[44;37;1m===============================================================================[0m
[42;37;1m.[0m[42;37;1m.[0m[42;37;1m.[0m[42;37;1m.[0m[42;37;1m.[0m[42;37;1m.[0m[44;37;1mO[0m
[44;37;1m===============================================================================[0m
[44;37;1mPostgreSQL 9.2 required for range datatypes[0m [test_numrange_values(PostgreSQLTypesTest)]
/home/travis/build/jruby/activerecord-jdbc-adapter/test/db/postgresql/types_test.rb:355:in `test_numrange_values'
[44;37;1m===============================================================================[0m
[42;37;1m.[0m[42;37;1m.[0m[42;37;1m.[0m[42;37;1m.[0m[44;37;1mO[0m
[44;37;1m===============================================================================[0m
[44;37;1mPostgreSQL 9.2 required for range datatypes[0m [test_tsrange_values(PostgreSQLTypesTest)]
/home/travis/build/jruby/activerecord-jdbc-adapter/test/db/postgresql/types_test.rb:364:in `test_tsrange_values'
[44;37;1m===============================================================================[0m
[44;37;1mO[0m
[44;37;1m===============================================================================[0m
[44;37;1mPostgreSQL 9.2 required for range datatypes[0m [test_tstzrange_values(PostgreSQLTypesTest)]
/home/travis/build/jruby/activerecord-jdbc-adapter/test/db/postgresql/types_test.rb:375:in `test_tstzrange_values'
[44;37;1m===============================================================================[0m
[42;37;1m.[0m[45;37;1mP[0m
[45;37;1m===============================================================================[0m
[45;37;1mPending[0m: not supported by driver
test_update_bit_string(PostgreSQLTypesTest)
/home/travis/build/jruby/activerecord-jdbc-adapter/test/db/postgresql/types_test.rb:654:in `test_update_bit_string'
     651: 
     652:   def test_update_bit_string
     653: 
[45;37;1m  => 654:     pend 'not supported by driver' if prepared_statements?[0m
     655:     # org.postgresql.util.PSQLException: ERROR: column "bit_string" is of type bit but expression is of type character varying
     656:     # NOTE: possible work-aroud would be if AREL generated a query like :
     657:     # "INSERT INTO bit_strings VALUES (?::bit)"
[45;37;1m===============================================================================[0m
[44;37;1mO[0m
[44;37;1m===============================================================================[0m
[44;37;1mPostgreSQL 9.2 required for range datatypes[0m [test_update_daterange(PostgreSQLTypesTest)]
/home/travis/build/jruby/activerecord-jdbc-adapter/test/db/postgresql/types_test.rb:468:in `test_update_daterange'
[44;37;1m===============================================================================[0m
[44;37;1mO[0m
[44;37;1m===============================================================================[0m
[44;37;1mPostgreSQL 9.2 required for range datatypes[0m [test_update_int4range(PostgreSQLTypesTest)]
/home/travis/build/jruby/activerecord-jdbc-adapter/test/db/postgresql/types_test.rb:490:in `test_update_int4range'
[44;37;1m===============================================================================[0m
[44;37;1mO[0m
[44;37;1m===============================================================================[0m
[44;37;1mPostgreSQL 9.2 required for range datatypes[0m [test_update_int8range(PostgreSQLTypesTest)]
/home/travis/build/jruby/activerecord-jdbc-adapter/test/db/postgresql/types_test.rb:512:in `test_update_int8range'
[44;37;1m===============================================================================[0m
[42;37;1m.[0m[42;37;1m.[0m[42;37;1m.[0m[42;37;1m.[0m[44;37;1mO[0m
[44;37;1m===============================================================================[0m
[44;37;1mPostgreSQL 9.2 required for range datatypes[0m [test_update_numrange(PostgreSQLTypesTest)]
/home/travis/build/jruby/activerecord-jdbc-adapter/test/db/postgresql/types_test.rb:446:in `test_update_numrange'
[44;37;1m===============================================================================[0m
[42;37;1m.[0m[42;37;1m.[0m[42;37;1m.[0m[44;37;1mO[0m
[44;37;1m===============================================================================[0m
[44;37;1mPostgreSQL 9.2 required for range datatypes[0m [test_update_tsrange(PostgreSQLTypesTest)]
/home/travis/build/jruby/activerecord-jdbc-adapter/test/db/postgresql/types_test.rb:423:in `test_update_tsrange'
[44;37;1m===============================================================================[0m
[44;37;1mO[0m
[44;37;1m===============================================================================[0m
[44;37;1mPostgreSQL 9.2 required for range datatypes[0m [test_update_tstzrange(PostgreSQLTypesTest)]
/home/travis/build/jruby/activerecord-jdbc-adapter/test/db/postgresql/types_test.rb:400:in `test_update_tstzrange'
[44;37;1m===============================================================================[0m
[42;37;1m.[0m[42;37;1m.[0m[42;37;1m.[0m[42;37;1m.[0m[42;37;1m.[0m[42;37;1m.[0m[42;37;1m.[0m[42;37;1m.[0mconnection.use_insert_returning? true
[42;37;1m.[0m[44;37;1mO[0m
[44;37;1m===============================================================================[0m
[44;37;1momitted.[0m [test_column(PostgresLTreeTest)]
/home/travis/build/jruby/activerecord-jdbc-adapter/test/db/postgresql/ltree_test.rb:35:in `test_column'
[44;37;1m===============================================================================[0m
[44;37;1mO[0m
[44;37;1m===============================================================================[0m
[44;37;1momitted.[0m [test_select(PostgresLTreeTest)]
/home/travis/build/jruby/activerecord-jdbc-adapter/test/db/postgresql/ltree_test.rb:47:in `test_select'
[44;37;1m===============================================================================[0m
[44;37;1mO[0m
[44;37;1m===============================================================================[0m
[44;37;1momitted.[0m [test_write(PostgresLTreeTest)]
/home/travis/build/jruby/activerecord-jdbc-adapter/test/db/postgresql/ltree_test.rb:41:in `test_write'
[44;37;1m===============================================================================[0m
[42;37;1m.[0m[42;37;1m.[0m[42;37;1m.[0m[42;37;1m.[0m[42;37;1m.[0m[42;37;1m.[0m[42;37;1m.[0m[42;37;1m.[0m[42;37;1m.[0m[42;37;1m.[0m[42;37;1m.[0m[42;37;1m.[0m[42;37;1m.[0m[42;37;1m.[0m[42;37;1m.[0m[42;37;1m.[0m[42;37;1m.[0m[42;37;1m.[0m[42;37;1m.[0m[42;37;1m.[0m[45;37;1mP[0m
[45;37;1m===============================================================================[0m
[45;37;1mPending[0m: Likely a JRuby/Java thing - this test is failing bad: check #516
test_bc_timestamp(PostgresTimestampTest)
/home/travis/build/jruby/activerecord-jdbc-adapter/test/db/postgresql/simple_test.rb:371:in `test_bc_timestamp'
     368:     date = DateTime.parse('0000-01-01T00:00:00+00:00') - 1.hour - 1.minute - 1.second
     369:     db_type = DbType.create!(:sample_timestamp => date)
     370:     if current_connection_config[:prepared_statements].to_s == 'true'
[45;37;1m  => 371:       pend "Likely a JRuby/Java thing - this test is failing bad: check #516"[0m
     372:     end
     373:     if current_connection_config[:insert_returning].to_s == 'true'
     374:       pend "BC timestamps not-handled right with INSERT RETURNIG ..."
[45;37;1m===============================================================================[0m
[42;37;1m.[0m[42;37;1m.[0m[42;37;1m.[0m[45;37;1mP[0m
[45;37;1m===============================================================================[0m
[45;37;1mPending[0m: not-implemented?!
test_conversion_with_boolean_relation(PostgresTypeConversionTest)
/home/travis/build/jruby/activerecord-jdbc-adapter/test/db/postgresql/native_types_test.rb:132:in `test_conversion_with_boolean_relation'
     129:   end
     130: 
     131:   def test_conversion_with_boolean_relation
[45;37;1m  => 132:     pend 'not-implemented?!'[0m
     133:   end
     134: 
     135: end
[45;37;1m===============================================================================[0m
[42;37;1m.[0m[42;37;1m.[0m[42;37;1m.[0m[42;37;1m.[0m[42;37;1m.[0m[42;37;1m.[0m[42;37;1m.[0m[42;37;1m.[0m[42;37;1m.[0mE, [2017-08-16T16:09:26.054000 #12006] ERROR -- : ActiveRecord::JDBCError: org.postgresql.util.PSQLException: ERROR: type "json" does not exist
  Position: 67: CREATE TABLE "json_data_type" ("id" serial primary key, "payload" json DEFAULT '{}') 
[44;37;1mO[0m
[44;37;1m===============================================================================[0m
[44;37;1mdo not test on PG without json[0m [test_change_table_supports_json(PostgresqlJSONTest)]
/home/travis/build/jruby/activerecord-jdbc-adapter/test/db/postgresql/json_test.rb:20:in `setup'
[44;37;1m===============================================================================[0m
E, [2017-08-16T16:09:26.059000 #12006] ERROR -- : ActiveRecord::JDBCError: org.postgresql.util.PSQLException: ERROR: type "json" does not exist
  Position: 67: CREATE TABLE "json_data_type" ("id" serial primary key, "payload" json DEFAULT '{}') 
[44;37;1mO[0m
[44;37;1m===============================================================================[0m
[44;37;1mdo not test on PG without json[0m [test_column(PostgresqlJSONTest)]
/home/travis/build/jruby/activerecord-jdbc-adapter/test/db/postgresql/json_test.rb:20:in `setup'
[44;37;1m===============================================================================[0m
E, [2017-08-16T16:09:26.065000 #12006] ERROR -- : ActiveRecord::JDBCError: org.postgresql.util.PSQLException: ERROR: type "json" does not exist
  Position: 67: CREATE TABLE "json_data_type" ("id" serial primary key, "payload" json DEFAULT '{}') 
[44;37;1mO[0m
[44;37;1m===============================================================================[0m
[44;37;1mdo not test on PG without json[0m [test_null_json(PostgresqlJSONTest)]
/home/travis/build/jruby/activerecord-jdbc-adapter/test/db/postgresql/json_test.rb:20:in `setup'
[44;37;1m===============================================================================[0m
E, [2017-08-16T16:09:26.070000 #12006] ERROR -- : ActiveRecord::JDBCError: org.postgresql.util.PSQLException: ERROR: type "json" does not exist
  Position: 67: CREATE TABLE "json_data_type" ("id" serial primary key, "payload" json DEFAULT '{}') 
[44;37;1mO[0m
[44;37;1m===============================================================================[0m
[44;37;1mdo not test on PG without json[0m [test_rewrite(PostgresqlJSONTest)]
/home/travis/build/jruby/activerecord-jdbc-adapter/test/db/postgresql/json_test.rb:20:in `setup'
[44;37;1m===============================================================================[0m
E, [2017-08-16T16:09:26.076000 #12006] ERROR -- : ActiveRecord::JDBCError: org.postgresql.util.PSQLException: ERROR: type "json" does not exist
  Position: 67: CREATE TABLE "json_data_type" ("id" serial primary key, "payload" json DEFAULT '{}') 
[44;37;1mO[0m
[44;37;1m===============================================================================[0m
[44;37;1mdo not test on PG without json[0m [test_rewrite_array_json_value(PostgresqlJSONTest)]
/home/travis/build/jruby/activerecord-jdbc-adapter/test/db/postgresql/json_test.rb:20:in `setup'
[44;37;1m===============================================================================[0m
E, [2017-08-16T16:09:26.082000 #12006] ERROR -- : ActiveRecord::JDBCError: org.postgresql.util.PSQLException: ERROR: type "json" does not exist
  Position: 67: CREATE TABLE "json_data_type" ("id" serial primary key, "payload" json DEFAULT '{}') 
[44;37;1mO[0m
[44;37;1m===============================================================================[0m
[44;37;1mdo not test on PG without json[0m [test_select(PostgresqlJSONTest)]
/home/travis/build/jruby/activerecord-jdbc-adapter/test/db/postgresql/json_test.rb:20:in `setup'
[44;37;1m===============================================================================[0m
E, [2017-08-16T16:09:26.087000 #12006] ERROR -- : ActiveRecord::JDBCError: org.postgresql.util.PSQLException: ERROR: type "json" does not exist
  Position: 67: CREATE TABLE "json_data_type" ("id" serial primary key, "payload" json DEFAULT '{}') 
[44;37;1mO[0m
[44;37;1m===============================================================================[0m
[44;37;1mdo not test on PG without json[0m [test_select_array_json_value(PostgresqlJSONTest)]
/home/travis/build/jruby/activerecord-jdbc-adapter/test/db/postgresql/json_test.rb:20:in `setup'
[44;37;1m===============================================================================[0m
E, [2017-08-16T16:09:26.094000 #12006] ERROR -- : ActiveRecord::JDBCError: org.postgresql.util.PSQLException: ERROR: type "json" does not exist
  Position: 67: CREATE TABLE "json_data_type" ("id" serial primary key, "payload" json DEFAULT '{}') 
[44;37;1mO[0m
[44;37;1m===============================================================================[0m
[44;37;1mdo not test on PG without json[0m [test_select_multikey(PostgresqlJSONTest)]
/home/travis/build/jruby/activerecord-jdbc-adapter/test/db/postgresql/json_test.rb:20:in `setup'
[44;37;1m===============================================================================[0m
E, [2017-08-16T16:09:26.100000 #12006] ERROR -- : ActiveRecord::JDBCError: org.postgresql.util.PSQLException: ERROR: type "json" does not exist
  Position: 67: CREATE TABLE "json_data_type" ("id" serial primary key, "payload" json DEFAULT '{}') 
[44;37;1mO[0m
[44;37;1m===============================================================================[0m
[44;37;1mdo not test on PG without json[0m [test_type_cast_json(PostgresqlJSONTest)]
/home/travis/build/jruby/activerecord-jdbc-adapter/test/db/postgresql/json_test.rb:20:in `setup'
[44;37;1m===============================================================================[0m
[42;37;1m.[0m[44;37;1mO[0m
[44;37;1m===============================================================================[0m
[44;37;1momitted.[0m [test_returns_column_accessor_for_hstore(PostgresqlOOIDTypesTest)]
/home/travis/build/jruby/activerecord-jdbc-adapter/test/db/postgresql/oid_types_test.rb:63:in `test_returns_column_accessor_for_hstore'
[44;37;1m===============================================================================[0m
[42;37;1m.[0m[44;37;1mO[0m
[44;37;1m===============================================================================[0m
[44;37;1momitted.[0m [test_type_cache_works_corectly(PostgresqlOOIDTypesTest)]
/home/travis/build/jruby/activerecord-jdbc-adapter/test/db/postgresql/oid_types_test.rb:70:in `test_type_cache_works_corectly'
[44;37;1m===============================================================================[0m
[44;37;1mO[0m
[44;37;1m===============================================================================[0m
[44;37;1mPG without extensions support[0m [test_auto_create_uuid(PostgresqlUUIDTest)]
/home/travis/build/jruby/activerecord-jdbc-adapter/test/db/postgresql/uuid_test.rb:10:in `setup'
[44;37;1m===============================================================================[0m
[44;37;1mO[0m
[44;37;1m===============================================================================[0m
[44;37;1mPG without extensions support[0m [test_id_has_a_default(PostgresqlUUIDTest)]
/home/travis/build/jruby/activerecord-jdbc-adapter/test/db/postgresql/uuid_test.rb:10:in `setup'
[44;37;1m===============================================================================[0m
[44;37;1mO[0m
[44;37;1m===============================================================================[0m
[44;37;1mPG without extensions support[0m [test_id_is_uuid(PostgresqlUUIDTest)]
/home/travis/build/jruby/activerecord-jdbc-adapter/test/db/postgresql/uuid_test.rb:10:in `setup'
[44;37;1m===============================================================================[0m
[42;37;1m.[0m[42;37;1m.[0m[42;37;1m.[0m[42;37;1m.[0m[42;37;1m.[0m[42;37;1m.[0mE, [2017-08-16T16:09:26.321000 #12006] ERROR -- : ActiveRecord::JDBCError: org.postgresql.util.PSQLException: ERROR: null value in column "phone" violates not-null constraint: INSERT INTO "people" DEFAULT VALUES RETURNING ("id")
[42;37;1m.[0m[42;37;1m.[0m[42;37;1m.[0m[42;37;1m.[0m[42;37;1m.[0m[42;37;1m.[0mpsql:db/structure.sql:6: ERROR:  unrecognized configuration parameter "lock_timeout"
[42;37;1m.[0mpsql:db/structure.sql:6: ERROR:  unrecognized configuration parameter "lock_timeout"
[42;37;1m.[0m[42;37;1m.[0m[42;37;1m.[0m[42;37;1m.[0m[42;37;1m.[0m[42;37;1m.[0m[42;37;1m.[0m[42;37;1m.[0m[42;37;1m.[0m[42;37;1m.[0m[42;37;1m.[0m[42;37;1m.[0m[42;37;1m.[0m[42;37;1m.[0m[42;37;1m.[0m[42;37;1m.[0m[42;37;1m.[0m[42;37;1m.[0m[42;37;1m.[0m[42;37;1m.[0m[42;37;1m.[0m[42;37;1m.[0m[42;37;1m.[0m[42;37;1m.[0m[42;37;1m.[0m[42;37;1m.[0m[42;37;1m.[0m[42;37;1m.[0m[42;37;1m.[0m[42;37;1m.[0m[42;37;1m.[0m[42;37;1m.[0m[42;37;1m.[0m[42;37;1m.[0m[42;37;1m.[0m[42;37;1m.[0m[42;37;1m.[0m[42;37;1m.[0m[42;37;1m.[0m[42;37;1m.[0m[42;37;1m.[0m[42;37;1m.[0m[42;37;1m.[0m[42;37;1m.[0m[42;37;1m.[0m[42;37;1m.[0m[42;37;1m.[0m[42;37;1m.[0m[42;37;1m.[0m[42;37;1m.[0m[42;37;1m.[0m[42;37;1m.[0m[42;37;1m.[0m[42;37;1m.[0m[42;37;1m.[0m[42;37;1m.[0m[42;37;1m.[0m[42;37;1m.[0m[42;37;1m.[0m[42;37;1m.[0m[42;37;1m.[0m[42;37;1m.[0m[42;37;1m.[0m[42;37;1m.[0m[42;37;1m.[0m[42;37;1m.[0m
[42;37;1m.[0m[42;37;1m.[0m[42;37;1m.[0m[42;37;1m.[0m[42;37;1m.[0m[42;37;1m.[0m[42;37;1m.[0m[42;37;1m.[0m[44;37;1mO[0m
[44;37;1m===============================================================================[0m
[44;37;1mnot supported on AR >= 4.0[0m [test_exec_insert_deprecated_extension(PostgresSimpleTest)]
/home/travis/build/jruby/activerecord-jdbc-adapter/test/simple.rb:999:in `test_exec_insert_deprecated_extension'
[44;37;1m===============================================================================[0m
[42;37;1m.[0m[42;37;1m.[0m[42;37;1m.[0m[42;37;1m.[0m[42;37;1m.[0m[42;37;1m.[0m[42;37;1m.[0m[42;37;1m.[0m
[42;37;1m.[0m
[42;37;1m.[0m[42;37;1m.[0m[42;37;1m.[0m[42;37;1m.[0m[42;37;1m.[0m[42;37;1m.[0m[42;37;1m.[0m[42;37;1m.[0m[42;37;1m.[0m[42;37;1m.[0m[42;37;1m.[0m[42;37;1m.[0m[42;37;1m.[0m[42;37;1m.[0m[42;37;1m.[0m[42;37;1m.[0m[42;37;1m.[0m[42;37;1m.[0m[42;37;1m.[0m[42;37;1m.[0m[42;37;1m.[0m[42;37;1m.[0m[42;37;1m.[0m[42;37;1m.[0m[44;37;1mO[0m
[44;37;1m===============================================================================[0m
[44;37;1mnot supported on AR >= 4.0[0m [test_raw_delete_bind_param_with_q_mark_deprecated(PostgresSimpleTest)]
/home/travis/build/jruby/activerecord-jdbc-adapter/test/simple.rb:892:in `test_raw_delete_bind_param_with_q_mark_deprecated'
[44;37;1m===============================================================================[0m
[42;37;1m.[0m[44;37;1mO[0m
[44;37;1m===============================================================================[0m
[44;37;1mnot supported on AR >= 4.0[0m [test_raw_insert_bind_param_with_q_mark_deprecated(PostgresSimpleTest)]
/home/travis/build/jruby/activerecord-jdbc-adapter/test/simple.rb:807:in `test_raw_insert_bind_param_with_q_mark_deprecated'
[44;37;1m===============================================================================[0m
[42;37;1m.[0m[44;37;1mO[0m
[44;37;1m===============================================================================[0m
[44;37;1mnot supported on AR >= 4.0[0m [test_raw_update_bind_param_with_q_mark_deprecated(PostgresSimpleTest)]
/home/travis/build/jruby/activerecord-jdbc-adapter/test/simple.rb:849:in `test_raw_update_bind_param_with_q_mark_deprecated'
[44;37;1m===============================================================================[0m
[42;37;1m.[0m[42;37;1m.[0m[42;37;1m.[0m[42;37;1m.[0m[42;37;1m.[0m[42;37;1m.[0m[42;37;1m.[0m[42;37;1m.[0m[42;37;1m.[0m[42;37;1m.[0m[42;37;1m.[0m[42;37;1m.[0m[42;37;1m.[0m[42;37;1m.[0m[42;37;1m.[0m[42;37;1m.[0m[42;37;1m.[0m[42;37;1m.[0m[42;37;1m.[0m[42;37;1m.[0m[42;37;1m.[0m[42;37;1m.[0m[42;37;1m.[0m[42;37;1m.[0m[42;37;1m.[0m[42;37;1m.[0m[42;37;1m.[0m[42;37;1m.[0m[42;37;1m.[0m[42;37;1m.[0m[42;37;1m.[0m[42;37;1m.[0m[42;37;1m.[0m[42;37;1m.[0m[42;37;1m.[0m[42;37;1m.[0m[42;37;1m.[0m[45;37;1mP[0m
[45;37;1m===============================================================================[0m
[45;37;1mPending[0m: seems to fail with MRI the same way as with JRuby!
test_has_many_select_rows_with_relation(PostgresHasManyThroughTest)
/home/travis/build/jruby/activerecord-jdbc-adapter/test/has_many_through_test_methods.rb:58:in `test_has_many_select_rows_with_relation'
     55:     groups = role.reload.permission_groups.select('right_id')
     56: 
     57:     if ar_version('4.0') && ! ar_version('4.2')
[45;37;1m  => 58:       pend 'seems to fail with MRI the same way as with JRuby!'[0m
     59:     end
     60: 
     61:     if ar_version('3.1')
[45;37;1m===============================================================================[0m
[42;37;1m.[0m[42;37;1m.[0m[42;37;1m.[0m[42;37;1m.[0m[42;37;1m.[0mE, [2017-08-16T16:09:42.565000 #12006] ERROR -- : RuntimeError: could not release savepoint: 'another' (not set): RELEASE SAVEPOINT another
[42;37;1m.[0m[42;37;1m.[0m[42;37;1m.[0m[42;37;1m.[0m[42;37;1m.[0m[42;37;1m.[0m[42;37;1m.[0m[42;37;1m.[0m[42;37;1m.[0m[42;37;1m.[0m

Finished in 20.488 seconds.

[45;37;1m369 tests, 647 assertions, 0 failures, 0 errors, 5 pendings, 66 omissions, 0 notifications[0m
[45;37;1m98.3498% passed[0m

18.01 tests/s, 31.58 assertions/s

travis_time:end:08046504:start=1502899748547932190,finish=1502899783053657888,duration=34505725698[0K
[32;1mThe command "bundle exec rake test_$DB" exited with 0.[0m

Done. Your build exited with 0.
