travis_fold:start:worker_info[0K[33;1mWorker information[0m
hostname: 947ef87d-7193-46fd-86c8-67c0d01dbcf9@1.i-0a709a6-production-2-worker-org-ec2.travisci.net
version: v3.0.2 https://github.com/travis-ci/worker/tree/f1c05caed79c66a9103f12a22e8a45ec66dbca64
instance: 0867ff4:travis:ruby (via amqp)
startup: 449.962435ms
travis_fold:end:worker_info[0Ktravis_fold:start:system_info[0K[33;1mBuild system information[0m
Build language: ruby
Build group: stable
Build dist: trusty
Build id: 283351667
Job id: 283351995
Runtime kernel version: 4.11.6-041106-generic
travis-build version: 125c5d1fa
[34m[1mBuild image provisioning date and time[0m
Tue Aug 29 02:50:02 UTC 2017
[34m[1mOperating System Details[0m
Distributor ID:	Ubuntu
Description:	Ubuntu 14.04.5 LTS
Release:	14.04
Codename:	trusty
[34m[1mCookbooks Version[0m
4642454 https://github.com/travis-ci/travis-cookbooks/tree/4642454
[34m[1mgit version[0m
git version 2.14.1
[34m[1mbash version[0m
GNU bash, version 4.3.11(1)-release (x86_64-pc-linux-gnu)
[34m[1mgcc version[0m
gcc (Ubuntu 4.8.4-2ubuntu1~14.04.3) 4.8.4
Copyright (C) 2013 Free Software Foundation, Inc.
This is free software; see the source for copying conditions.  There is NO
warranty; not even for MERCHANTABILITY or FITNESS FOR A PARTICULAR PURPOSE.

[34m[1mdocker version[0m
Client:
 Version:      17.03.1-ce
 API version:  1.27
 Go version:   go1.7.5
 Git commit:   c6d412e
 Built:        Mon Mar 27 16:58:30 2017
 OS/Arch:      linux/amd64
[34m[1mclang version[0m
clang version 3.9.0 (tags/RELEASE_390/final)
Target: x86_64-unknown-linux-gnu
Thread model: posix
InstalledDir: /usr/local/clang-3.9.0/bin
[34m[1mjq version[0m
jq-1.5
[34m[1mbats version[0m
Bats 0.4.0
[34m[1mshellcheck version[0m
0.4.6
[34m[1mshfmt version[0m
v1.3.1
[34m[1mccache version[0m
ccache version 3.1.9

Copyright (C) 2002-2007 Andrew Tridgell
Copyright (C) 2009-2011 Joel Rosdahl

This program is free software; you can redistribute it and/or modify it under
the terms of the GNU General Public License as published by the Free Software
Foundation; either version 3 of the License, or (at your option) any later
version.
[34m[1mcmake version[0m
cmake version 3.2.2

CMake suite maintained and supported by Kitware (kitware.com/cmake).
[34m[1mheroku version[0m
heroku-cli/6.13.19-6cd27b3 (linux-x64) node-v8.3.0
[34m[1mimagemagick version[0m
Version: ImageMagick 6.7.7-10 2017-07-31 Q16 http://www.imagemagick.org
[34m[1mmd5deep version[0m
4.2
[34m[1mmercurial version[0m
Mercurial Distributed SCM (version 4.2.2)
(see https://mercurial-scm.org for more information)

Copyright (C) 2005-2017 Matt Mackall and others
This is free software; see the source for copying conditions. There is NO
warranty; not even for MERCHANTABILITY or FITNESS FOR A PARTICULAR PURPOSE.
[34m[1mmysql version[0m
mysql  Ver 14.14 Distrib 5.6.33, for debian-linux-gnu (x86_64) using  EditLine wrapper
[34m[1mopenssl version[0m
OpenSSL 1.0.1f 6 Jan 2014
[34m[1mpacker version[0m
Packer v1.0.2

Your version of Packer is out of date! The latest version
is 1.0.4. You can update by downloading from www.packer.io
[34m[1mpostgresql client version[0m
psql (PostgreSQL) 9.6.4
[34m[1mragel version[0m
Ragel State Machine Compiler version 6.8 Feb 2013
Copyright (c) 2001-2009 by Adrian Thurston
[34m[1msubversion version[0m
svn, version 1.8.8 (r1568071)
   compiled Aug 10 2017, 17:20:39 on x86_64-pc-linux-gnu

Copyright (C) 2013 The Apache Software Foundation.
This software consists of contributions made by many people;
see the NOTICE file for more information.
Subversion is open source software, see http://subversion.apache.org/

The following repository access (RA) modules are available:

* ra_svn : Module for accessing a repository using the svn network protocol.
  - with Cyrus SASL authentication
  - handles 'svn' scheme
* ra_local : Module for accessing a repository on local disk.
  - handles 'file' scheme
* ra_serf : Module for accessing a repository via WebDAV protocol using serf.
  - using serf 1.3.3
  - handles 'http' scheme
  - handles 'https' scheme

[34m[1msudo version[0m
Sudo version 1.8.9p5
Configure options: --prefix=/usr -v --with-all-insults --with-pam --with-fqdn --with-logging=syslog --with-logfac=authpriv --with-env-editor --with-editor=/usr/bin/editor --with-timeout=15 --with-password-timeout=0 --with-passprompt=[sudo] password for %p:  --without-lecture --with-tty-tickets --disable-root-mailer --enable-admin-flag --with-sendmail=/usr/sbin/sendmail --with-timedir=/var/lib/sudo --mandir=/usr/share/man --libexecdir=/usr/lib/sudo --with-sssd --with-sssd-lib=/usr/lib/x86_64-linux-gnu --with-selinux
Sudoers policy plugin version 1.8.9p5
Sudoers file grammar version 43

Sudoers path: /etc/sudoers
Authentication methods: 'pam'
Syslog facility if syslog is being used for logging: authpriv
Syslog priority to use when user authenticates successfully: notice
Syslog priority to use when user authenticates unsuccessfully: alert
Send mail if the user is not in sudoers
Use a separate timestamp for each user/tty combo
Lecture user the first time they run sudo
Root may run sudo
Allow some information gathering to give useful error messages
Require fully-qualified hostnames in the sudoers file
Visudo will honor the EDITOR environment variable
Set the LOGNAME and USER environment variables
Length at which to wrap log file lines (0 for no wrap): 80
Authentication timestamp timeout: 15.0 minutes
Password prompt timeout: 0.0 minutes
Number of tries to enter a password: 3
Umask to use or 0777 to use user's: 022
Path to mail program: /usr/sbin/sendmail
Flags for mail program: -t
Address to send mail to: root
Subject line for mail messages: *** SECURITY information for %h ***
Incorrect password message: Sorry, try again.
Path to authentication timestamp dir: /var/lib/sudo
Default password prompt: [sudo] password for %p: 
Default user to run commands as: root
Value to override user's $PATH with: /usr/local/sbin:/usr/local/bin:/usr/sbin:/usr/bin:/sbin:/bin:/snap/bin
Path to the editor for use by visudo: /usr/bin/editor
When to require a password for 'list' pseudocommand: any
When to require a password for 'verify' pseudocommand: all
File descriptors >= 3 will be closed before executing a command
Environment variables to check for sanity:
	TZ
	TERM
	LINGUAS
	LC_*
	LANGUAGE
	LANG
	COLORTERM
Environment variables to remove:
	RUBYOPT
	RUBYLIB
	PYTHONUSERBASE
	PYTHONINSPECT
	PYTHONPATH
	PYTHONHOME
	TMPPREFIX
	ZDOTDIR
	READNULLCMD
	NULLCMD
	FPATH
	PERL5DB
	PERL5OPT
	PERL5LIB
	PERLLIB
	PERLIO_DEBUG 
	JAVA_TOOL_OPTIONS
	SHELLOPTS
	GLOBIGNORE
	PS4
	BASH_ENV
	ENV
	TERMCAP
	TERMPATH
	TERMINFO_DIRS
	TERMINFO
	_RLD*
	LD_*
	PATH_LOCALE
	NLSPATH
	HOSTALIASES
	RES_OPTIONS
	LOCALDOMAIN
	CDPATH
	IFS
Environment variables to preserve:
	JAVA_HOME
	TRAVIS
	CI
	DEBIAN_FRONTEND
	XAUTHORIZATION
	XAUTHORITY
	PS2
	PS1
	PATH
	LS_COLORS
	KRB5CCNAME
	HOSTNAME
	HOME
	DISPLAY
	COLORS
Locale to use while parsing sudoers: C
Directory in which to store input/output logs: /var/log/sudo-io
File in which to store the input/output log: %{seq}
Add an entry to the utmp/utmpx file when allocating a pty
PAM service name to use
PAM service name to use for login shells
Create a new PAM session for the command to run in
Maximum I/O log sequence number: 0

Local IP address and netmask pairs:
	172.17.0.2/255.255.0.0

Sudoers I/O plugin version 1.8.9p5
[34m[1mgzip version[0m
gzip 1.6
Copyright (C) 2007, 2010, 2011 Free Software Foundation, Inc.
Copyright (C) 1993 Jean-loup Gailly.
This is free software.  You may redistribute copies of it under the terms of
the GNU General Public License <http://www.gnu.org/licenses/gpl.html>.
There is NO WARRANTY, to the extent permitted by law.

Written by Jean-loup Gailly.
[34m[1mzip version[0m
Copyright (c) 1990-2008 Info-ZIP - Type 'zip "-L"' for software license.
This is Zip 3.0 (July 5th 2008), by Info-ZIP.
Currently maintained by E. Gordon.  Please send bug reports to
the authors using the web page at www.info-zip.org; see README for details.

Latest sources and executables are at ftp://ftp.info-zip.org/pub/infozip,
as of above date; see http://www.info-zip.org/ for other sites.

Compiled with gcc 4.8.2 for Unix (Linux ELF) on Oct 21 2013.

Zip special compilation options:
	USE_EF_UT_TIME       (store Universal Time)
	BZIP2_SUPPORT        (bzip2 library version 1.0.6, 6-Sept-2010)
	    bzip2 code and library copyright (c) Julian R Seward
	    (See the bzip2 license for terms of use)
	SYMLINK_SUPPORT      (symbolic links supported)
	LARGE_FILE_SUPPORT   (can read and write large files on file system)
	ZIP64_SUPPORT        (use Zip64 to store large files in archives)
	UNICODE_SUPPORT      (store and read UTF-8 Unicode paths)
	STORE_UNIX_UIDs_GIDs (store UID/GID sizes/values using new extra field)
	UIDGID_NOT_16BIT     (old Unix 16-bit UID/GID extra field not used)
	[encryption, version 2.91 of 05 Jan 2007] (modified for Zip 3)

Encryption notice:
	The encryption code of this program is not copyrighted and is
	put in the public domain.  It was originally written in Europe
	and, to the best of our knowledge, can be freely distributed
	in both source and object forms from any country, including
	the USA under License Exception TSU of the U.S. Export
	Administration Regulations (section 740.13(e)) of 6 June 2002.

Zip environment options:
             ZIP:  [none]
          ZIPOPT:  [none]
[34m[1mvim version[0m
VIM - Vi IMproved 7.4 (2013 Aug 10, compiled Nov 24 2016 16:43:18)
Included patches: 1-52
Extra patches: 8.0.0056
Modified by pkg-vim-maintainers@lists.alioth.debian.org
Compiled by buildd@
Huge version without GUI.  Features included (+) or not (-):
+acl             +farsi           +mouse_netterm   +syntax
+arabic          +file_in_path    +mouse_sgr       +tag_binary
+autocmd         +find_in_path    -mouse_sysmouse  +tag_old_static
-balloon_eval    +float           +mouse_urxvt     -tag_any_white
-browse          +folding         +mouse_xterm     -tcl
++builtin_terms  -footer          +multi_byte      +terminfo
+byte_offset     +fork()          +multi_lang      +termresponse
+cindent         +gettext         -mzscheme        +textobjects
-clientserver    -hangul_input    +netbeans_intg   +title
-clipboard       +iconv           +path_extra      -toolbar
+cmdline_compl   +insert_expand   -perl            +user_commands
+cmdline_hist    +jumplist        +persistent_undo +vertsplit
+cmdline_info    +keymap          +postscript      +virtualedit
+comments        +langmap         +printer         +visual
+conceal         +libcall         +profile         +visualextra
+cryptv          +linebreak       +python          +viminfo
+cscope          +lispindent      -python3         +vreplace
+cursorbind      +listcmds        +quickfix        +wildignore
+cursorshape     +localmap        +reltime         +wildmenu
+dialog_con      -lua             +rightleft       +windows
+diff            +menu            -ruby            +writebackup
+digraphs        +mksession       +scrollbind      -X11
-dnd             +modify_fname    +signs           -xfontset
-ebcdic          +mouse           +smartindent     -xim
+emacs_tags      -mouseshape      -sniff           -xsmp
+eval            +mouse_dec       +startuptime     -xterm_clipboard
+ex_extra        +mouse_gpm       +statusline      -xterm_save
+extra_search    -mouse_jsbterm   -sun_workshop    -xpm
   system vimrc file: "$VIM/vimrc"
     user vimrc file: "$HOME/.vimrc"
 2nd user vimrc file: "~/.vim/vimrc"
      user exrc file: "$HOME/.exrc"
  fall-back for $VIM: "/usr/share/vim"
Compilation: gcc -c -I. -Iproto -DHAVE_CONFIG_H     -g -O2 -fstack-protector --param=ssp-buffer-size=4 -Wformat -Werror=format-security -U_FORTIFY_SOURCE -D_FORTIFY_SOURCE=1      
Linking: gcc   -Wl,-Bsymbolic-functions -Wl,-z,relro -Wl,--as-needed -o vim        -lm -ltinfo -lnsl  -lselinux  -lacl -lattr -lgpm -ldl    -L/usr/lib/python2.7/config-x86_64-linux-gnu -lpython2.7 -lpthread -ldl -lutil -lm -Xlinker -export-dynamic -Wl,-O1 -Wl,-Bsymbolic-functions      
[34m[1miptables version[0m
iptables v1.4.21
[34m[1mcurl version[0m
curl 7.35.0 (x86_64-pc-linux-gnu) libcurl/7.35.0 OpenSSL/1.0.1f zlib/1.2.8 libidn/1.28 librtmp/2.3
[34m[1mwget version[0m
GNU Wget 1.15 built on linux-gnu.
[34m[1mrsync version[0m
rsync  version 3.1.0  protocol version 31
[34m[1mgimme version[0m
v1.2.0
[34m[1mnvm version[0m
0.33.2
[34m[1mperlbrew version[0m
/home/travis/perl5/perlbrew/bin/perlbrew  - App::perlbrew/0.80
[34m[1mphpenv version[0m
rbenv 1.1.1-4-g4ebd1bd
[34m[1mrvm version[0m
rvm 1.29.2 (latest) by Michal Papis, Piotr Kuczynski, Wayne E. Seguin [https://rvm.io/]
[34m[1mdefault ruby version[0m
ruby 2.4.1p111 (2017-03-22 revision 58053) [x86_64-linux]
[34m[1mCouchDB version[0m
couchdb 1.6.1
[34m[1mElasticSearch version[0m
5.5.0
[34m[1mInstalled Firefox version[0m
firefox 55.0.2
[34m[1mMongoDB version[0m
MongoDB 3.2.16
[34m[1mPre-installed PostgreSQL versions[0m
9.2.22
9.3.18
9.4.13
9.5.8
9.6.4
[34m[1mRabbitMQ Version[0m
3.6.11
[34m[1mRedis version[0m
redis-server 4.0.1
[34m[1mriak version[0m
2.2.3
[34m[1mPre-installed Go versions[0m
1.7.4
[34m[1mant version[0m
Apache Ant(TM) version 1.9.3 compiled on April 8 2014
[34m[1mmvn version[0m
Apache Maven 3.5.0 (ff8f5e7444045639af65f6095c62210b5713f426; 2017-04-03T19:39:06Z)
Maven home: /usr/local/maven-3.5.0
Java version: 1.8.0_144, vendor: Oracle Corporation
Java home: /usr/lib/jvm/java-8-oracle/jre
Default locale: en_US, platform encoding: UTF-8
OS name: "linux", version: "4.4.0-92-generic", arch: "amd64", family: "unix"
[34m[1mgradle version[0m

------------------------------------------------------------
Gradle 4.0.1
------------------------------------------------------------

Build time:   2017-07-07 14:02:41 UTC
Revision:     38e5dc0f772daecca1d2681885d3d85414eb6826

Groovy:       2.4.11
Ant:          Apache Ant(TM) version 1.9.6 compiled on June 29 2015
JVM:          1.8.0_144 (Oracle Corporation 25.144-b01)
OS:           Linux 4.4.0-92-generic amd64

[34m[1mlein version[0m
WARNING: You're currently running as root; probably by accident.
Press control-C to abort or Enter to continue as root.
Set LEIN_ROOT to disable this warning.
Leiningen 2.7.1 on Java 1.8.0_144 Java HotSpot(TM) 64-Bit Server VM
[34m[1mPre-installed Node.js versions[0m
v4.8.4
v6.11.2
v6.9.4
v7.4.0
v8.4
[34m[1mphpenv versions[0m
  system
  5.6
* 5.6.31 (set by /home/travis/.phpenv/version)
  7.0
  7.0.22
  hhvm
  hhvm-stable
[34m[1mcomposer --version[0m
Composer version 1.4.2 2017-05-17 08:17:52
[34m[1mPre-installed Ruby versions[0m
ruby-2.2.7
ruby-2.3.4
ruby-2.4.1
travis_fold:end:system_info[0K
W: http://dl.hhvm.com/ubuntu/dists/trusty/InRelease: Signature by key 36AEF64D0207E7EEE352D4875A16E7281BE7A449 uses weak digest algorithm (SHA1)
W: http://ppa.launchpad.net/couchdb/stable/ubuntu/dists/trusty/Release.gpg: Signature by key 15866BAFD9BCC4F3C1E0DFC7D69548E1C17EAB57 uses weak digest algorithm (SHA1)
$ jdk_switcher use openjdk7
Switching to OpenJDK7 (java-1.7.0-openjdk-amd64), JAVA_HOME will be set to /usr/lib/jvm/java-7-openjdk-amd64
travis_fold:start:git.checkout[0Ktravis_time:start:01a6e872[0K$ git clone --depth=50 --branch=test-jdbc-mariadb-2.0.3_1-3 https://github.com/jruby/activerecord-jdbc-adapter.git jruby/activerecord-jdbc-adapter
Cloning into 'jruby/activerecord-jdbc-adapter'...
remote: Counting objects: 949, done.[K
remote: Compressing objects:   0% (1/665)   [Kremote: Compressing objects:   1% (7/665)   [Kremote: Compressing objects:   2% (14/665)   [Kremote: Compressing objects:   3% (20/665)   [Kremote: Compressing objects:   4% (27/665)   [Kremote: Compressing objects:   5% (34/665)   [Kremote: Compressing objects:   6% (40/665)   [Kremote: Compressing objects:   7% (47/665)   [Kremote: Compressing objects:   8% (54/665)   [Kremote: Compressing objects:   9% (60/665)   [Kremote: Compressing objects:  10% (67/665)   [Kremote: Compressing objects:  11% (74/665)   [Kremote: Compressing objects:  12% (80/665)   [Kremote: Compressing objects:  13% (87/665)   [Kremote: Compressing objects:  14% (94/665)   [Kremote: Compressing objects:  15% (100/665)   [Kremote: Compressing objects:  16% (107/665)   [Kremote: Compressing objects:  17% (114/665)   [Kremote: Compressing objects:  18% (120/665)   [Kremote: Compressing objects:  19% (127/665)   [Kremote: Compressing objects:  20% (133/665)   [Kremote: Compressing objects:  21% (140/665)   [Kremote: Compressing objects:  22% (147/665)   [Kremote: Compressing objects:  23% (153/665)   [Kremote: Compressing objects:  24% (160/665)   [Kremote: Compressing objects:  25% (167/665)   [Kremote: Compressing objects:  26% (173/665)   [Kremote: Compressing objects:  27% (180/665)   [Kremote: Compressing objects:  28% (187/665)   [Kremote: Compressing objects:  29% (193/665)   [Kremote: Compressing objects:  30% (200/665)   [Kremote: Compressing objects:  31% (207/665)   [Kremote: Compressing objects:  32% (213/665)   [Kremote: Compressing objects:  33% (220/665)   [Kremote: Compressing objects:  34% (227/665)   [Kremote: Compressing objects:  35% (233/665)   [Kremote: Compressing objects:  36% (240/665)   [Kremote: Compressing objects:  37% (247/665)   [Kremote: Compressing objects:  38% (253/665)   [Kremote: Compressing objects:  39% (260/665)   [Kremote: Compressing objects:  40% (266/665)   [Kremote: Compressing objects:  41% (273/665)   [Kremote: Compressing objects:  42% (280/665)   [Kremote: Compressing objects:  43% (286/665)   [Kremote: Compressing objects:  44% (293/665)   [Kremote: Compressing objects:  45% (300/665)   [Kremote: Compressing objects:  46% (306/665)   [Kremote: Compressing objects:  47% (313/665)   [Kremote: Compressing objects:  48% (320/665)   [Kremote: Compressing objects:  49% (326/665)   [Kremote: Compressing objects:  50% (333/665)   [Kremote: Compressing objects:  51% (340/665)   [Kremote: Compressing objects:  52% (346/665)   [Kremote: Compressing objects:  53% (353/665)   [Kremote: Compressing objects:  54% (360/665)   [Kremote: Compressing objects:  55% (366/665)   [Kremote: Compressing objects:  56% (373/665)   [Kremote: Compressing objects:  57% (380/665)   [Kremote: Compressing objects:  58% (386/665)   [Kremote: Compressing objects:  59% (393/665)   [Kremote: Compressing objects:  60% (399/665)   [Kremote: Compressing objects:  61% (406/665)   [Kremote: Compressing objects:  62% (413/665)   [Kremote: Compressing objects:  63% (419/665)   [Kremote: Compressing objects:  64% (426/665)   [Kremote: Compressing objects:  65% (433/665)   [Kremote: Compressing objects:  66% (439/665)   [Kremote: Compressing objects:  67% (446/665)   [Kremote: Compressing objects:  68% (453/665)   [Kremote: Compressing objects:  69% (459/665)   [Kremote: Compressing objects:  70% (466/665)   [Kremote: Compressing objects:  71% (473/665)   [Kremote: Compressing objects:  72% (479/665)   [Kremote: Compressing objects:  73% (486/665)   [Kremote: Compressing objects:  74% (493/665)   [Kremote: Compressing objects:  75% (499/665)   [Kremote: Compressing objects:  76% (506/665)   [Kremote: Compressing objects:  77% (513/665)   [Kremote: Compressing objects:  78% (519/665)   [Kremote: Compressing objects:  79% (526/665)   [Kremote: Compressing objects:  80% (532/665)   [Kremote: Compressing objects:  81% (539/665)   [Kremote: Compressing objects:  82% (546/665)   [Kremote: Compressing objects:  83% (552/665)   [Kremote: Compressing objects:  84% (559/665)   [Kremote: Compressing objects:  85% (566/665)   [Kremote: Compressing objects:  86% (572/665)   [Kremote: Compressing objects:  87% (579/665)   [Kremote: Compressing objects:  88% (586/665)   [Kremote: Compressing objects:  89% (592/665)   [Kremote: Compressing objects:  90% (599/665)   [Kremote: Compressing objects:  91% (606/665)   [Kremote: Compressing objects:  92% (612/665)   [Kremote: Compressing objects:  93% (619/665)   [Kremote: Compressing objects:  94% (626/665)   [Kremote: Compressing objects:  95% (632/665)   [Kremote: Compressing objects:  96% (639/665)   [Kremote: Compressing objects:  97% (646/665)   [Kremote: Compressing objects:  98% (652/665)   [Kremote: Compressing objects:  99% (659/665)   [Kremote: Compressing objects: 100% (665/665)   [Kremote: Compressing objects: 100% (665/665), done.[K
Receiving objects:   0% (1/949)   Receiving objects:   1% (10/949)   Receiving objects:   2% (19/949)   Receiving objects:   3% (29/949)   Receiving objects:   4% (38/949)   Receiving objects:   5% (48/949)   Receiving objects:   6% (57/949)   Receiving objects:   7% (67/949)   Receiving objects:   8% (76/949)   Receiving objects:   9% (86/949)   Receiving objects:  10% (95/949)   Receiving objects:  11% (105/949)   Receiving objects:  12% (114/949)   Receiving objects:  13% (124/949)   Receiving objects:  14% (133/949)   Receiving objects:  15% (143/949)   Receiving objects:  16% (152/949)   Receiving objects:  17% (162/949)   Receiving objects:  18% (171/949)   Receiving objects:  19% (181/949)   Receiving objects:  20% (190/949)   Receiving objects:  21% (200/949)   Receiving objects:  22% (209/949)   Receiving objects:  23% (219/949)   Receiving objects:  24% (228/949)   Receiving objects:  25% (238/949)   Receiving objects:  26% (247/949)   Receiving objects:  27% (257/949)   Receiving objects:  28% (266/949)   Receiving objects:  29% (276/949)   Receiving objects:  30% (285/949)   Receiving objects:  31% (295/949)   Receiving objects:  32% (304/949)   Receiving objects:  33% (314/949)   Receiving objects:  34% (323/949)   Receiving objects:  35% (333/949)   Receiving objects:  36% (342/949)   Receiving objects:  37% (352/949)   Receiving objects:  38% (361/949)   Receiving objects:  39% (371/949)   Receiving objects:  40% (380/949)   Receiving objects:  41% (390/949)   Receiving objects:  42% (399/949)   Receiving objects:  43% (409/949)   Receiving objects:  44% (418/949)   Receiving objects:  45% (428/949)   Receiving objects:  46% (437/949)   Receiving objects:  47% (447/949), 10.66 MiB | 21.31 MiB/s   Receiving objects:  48% (456/949), 10.66 MiB | 21.31 MiB/s   Receiving objects:  49% (466/949), 10.66 MiB | 21.31 MiB/s   Receiving objects:  50% (475/949), 10.66 MiB | 21.31 MiB/s   Receiving objects:  51% (484/949), 10.66 MiB | 21.31 MiB/s   Receiving objects:  52% (494/949), 10.66 MiB | 21.31 MiB/s   Receiving objects:  53% (503/949), 10.66 MiB | 21.31 MiB/s   Receiving objects:  54% (513/949), 10.66 MiB | 21.31 MiB/s   Receiving objects:  55% (522/949), 10.66 MiB | 21.31 MiB/s   Receiving objects:  56% (532/949), 10.66 MiB | 21.31 MiB/s   Receiving objects:  57% (541/949), 10.66 MiB | 21.31 MiB/s   Receiving objects:  58% (551/949), 10.66 MiB | 21.31 MiB/s   Receiving objects:  59% (560/949), 10.66 MiB | 21.31 MiB/s   Receiving objects:  60% (570/949), 10.66 MiB | 21.31 MiB/s   Receiving objects:  61% (579/949), 10.66 MiB | 21.31 MiB/s   Receiving objects:  62% (589/949), 10.66 MiB | 21.31 MiB/s   Receiving objects:  63% (598/949), 10.66 MiB | 21.31 MiB/s   Receiving objects:  64% (608/949), 10.66 MiB | 21.31 MiB/s   Receiving objects:  65% (617/949), 10.66 MiB | 21.31 MiB/s   Receiving objects:  66% (627/949), 10.66 MiB | 21.31 MiB/s   Receiving objects:  67% (636/949), 10.66 MiB | 21.31 MiB/s   Receiving objects:  68% (646/949), 10.66 MiB | 21.31 MiB/s   Receiving objects:  69% (655/949), 10.66 MiB | 21.31 MiB/s   Receiving objects:  70% (665/949), 10.66 MiB | 21.31 MiB/s   Receiving objects:  71% (674/949), 10.66 MiB | 21.31 MiB/s   Receiving objects:  72% (684/949), 10.66 MiB | 21.31 MiB/s   Receiving objects:  73% (693/949), 10.66 MiB | 21.31 MiB/s   Receiving objects:  74% (703/949), 10.66 MiB | 21.31 MiB/s   Receiving objects:  75% (712/949), 10.66 MiB | 21.31 MiB/s   Receiving objects:  76% (722/949), 10.66 MiB | 21.31 MiB/s   Receiving objects:  77% (731/949), 10.66 MiB | 21.31 MiB/s   Receiving objects:  78% (741/949), 10.66 MiB | 21.31 MiB/s   Receiving objects:  79% (750/949), 10.66 MiB | 21.31 MiB/s   Receiving objects:  80% (760/949), 10.66 MiB | 21.31 MiB/s   Receiving objects:  81% (769/949), 10.66 MiB | 21.31 MiB/s   Receiving objects:  82% (779/949), 10.66 MiB | 21.31 MiB/s   Receiving objects:  83% (788/949), 10.66 MiB | 21.31 MiB/s   Receiving objects:  84% (798/949), 10.66 MiB | 21.31 MiB/s   Receiving objects:  85% (807/949), 10.66 MiB | 21.31 MiB/s   Receiving objects:  86% (817/949), 10.66 MiB | 21.31 MiB/s   Receiving objects:  87% (826/949), 10.66 MiB | 21.31 MiB/s   Receiving objects:  88% (836/949), 10.66 MiB | 21.31 MiB/s   Receiving objects:  89% (845/949), 10.66 MiB | 21.31 MiB/s   Receiving objects:  90% (855/949), 10.66 MiB | 21.31 MiB/s   Receiving objects:  91% (864/949), 10.66 MiB | 21.31 MiB/s   Receiving objects:  92% (874/949), 10.66 MiB | 21.31 MiB/s   Receiving objects:  93% (883/949), 10.66 MiB | 21.31 MiB/s   Receiving objects:  94% (893/949), 10.66 MiB | 21.31 MiB/s   Receiving objects:  95% (902/949), 10.66 MiB | 21.31 MiB/s   Receiving objects:  96% (912/949), 10.66 MiB | 21.31 MiB/s   Receiving objects:  97% (921/949), 10.66 MiB | 21.31 MiB/s   Receiving objects:  98% (931/949), 10.66 MiB | 21.31 MiB/s   remote: Total 949 (delta 326), reused 575 (delta 222), pack-reused 0[K
Receiving objects:  99% (940/949), 10.66 MiB | 21.31 MiB/s   Receiving objects: 100% (949/949), 10.66 MiB | 21.31 MiB/s   Receiving objects: 100% (949/949), 12.85 MiB | 21.36 MiB/s, done.
Resolving deltas:   0% (0/326)   Resolving deltas:   1% (5/326)   Resolving deltas:   2% (7/326)   Resolving deltas:   3% (10/326)   Resolving deltas:   9% (32/326)   Resolving deltas:  17% (56/326)   Resolving deltas:  19% (62/326)   Resolving deltas:  20% (66/326)   Resolving deltas:  22% (74/326)   Resolving deltas:  23% (77/326)   Resolving deltas:  28% (93/326)   Resolving deltas:  29% (95/326)   Resolving deltas:  30% (99/326)   Resolving deltas:  34% (111/326)   Resolving deltas:  35% (116/326)   Resolving deltas:  36% (118/326)   Resolving deltas:  37% (121/326)   Resolving deltas:  38% (124/326)   Resolving deltas:  39% (128/326)   Resolving deltas:  41% (134/326)   Resolving deltas:  45% (147/326)   Resolving deltas:  46% (153/326)   Resolving deltas:  47% (154/326)   Resolving deltas:  48% (157/326)   Resolving deltas:  54% (177/326)   Resolving deltas:  57% (188/326)   Resolving deltas:  58% (190/326)   Resolving deltas:  59% (194/326)   Resolving deltas:  60% (198/326)   Resolving deltas:  61% (201/326)   Resolving deltas:  62% (203/326)   Resolving deltas:  63% (207/326)   Resolving deltas:  64% (209/326)   Resolving deltas:  65% (212/326)   Resolving deltas:  66% (217/326)   Resolving deltas:  67% (220/326)   Resolving deltas:  68% (224/326)   Resolving deltas:  69% (227/326)   Resolving deltas:  70% (229/326)   Resolving deltas:  72% (235/326)   Resolving deltas:  76% (248/326)   Resolving deltas:  77% (252/326)   Resolving deltas:  78% (256/326)   Resolving deltas:  79% (258/326)   Resolving deltas:  80% (262/326)   Resolving deltas:  81% (265/326)   Resolving deltas:  83% (271/326)   Resolving deltas:  85% (278/326)   Resolving deltas:  86% (281/326)   Resolving deltas:  87% (284/326)   Resolving deltas:  88% (287/326)   Resolving deltas:  99% (325/326)   Resolving deltas: 100% (326/326)   Resolving deltas: 100% (326/326), done.

travis_time:end:01a6e872:start=1507152874847561018,finish=1507152876176530876,duration=1328969858[0K$ cd jruby/activerecord-jdbc-adapter
$ git checkout -qf d4cc0393ac09488b5f38049caff71ddbbbe6bf5b
travis_fold:end:git.checkout[0K
[33;1mSetting environment variables from .travis.yml[0m
$ export JRUBY_OPTS="$JRUBY_OPTS"
$ export DB=postgresql
$ export PREPARED_STATEMENTS=true

[33;1mDisabling Gradle daemon[0m
travis_time:start:2b59eca6[0K$ mkdir -p ~/.gradle && echo "org.gradle.daemon=false" >> ~/.gradle/gradle.properties

travis_time:end:2b59eca6:start=1507152880364711262,finish=1507152880370577410,duration=5866148[0Ktravis_fold:start:rvm[0Ktravis_time:start:224d2b4a[0K$ rvm use jruby-9.1.6.0 --install --binary --fuzzy
[33mjruby-9.1.6.0 is not installed - installing.[0m
[32mSearching for binary rubies, this might take some time.[0m
[32mFound remote file https://s3.amazonaws.com/jruby.org/downloads/9.1.6.0/jruby-bin-9.1.6.0.tar.gz[0m
[32mChecking requirements for ubuntu.[0m
[32mRequirements installation successful.[0m
[32mjruby-9.1.6.0 - #configure[0m
[32mjruby-9.1.6.0 - #download[0m
  % Total    % Received % Xferd  Average Speed   Time    Time     Time  Current
                                 Dload  Upload   Total   Spent    Left  Speed
  0     0    0     0    0     0      0      0 --:--:-- --:--:-- --:--:--     0100 31.5M  100 31.5M    0     0  68.7M      0 --:--:-- --:--:-- --:--:-- 68.9M
[32mjruby-9.1.6.0 - #validate archive[0m
[32mjruby-9.1.6.0 - #extract[0m
[32mjruby-9.1.6.0 - #validate binary[0m
[32mjruby-9.1.6.0 - #setup[0m
[32mjruby-9.1.6.0 - #gemset created /home/travis/.rvm/gems/jruby-9.1.6.0@global[0m
Picked up _JAVA_OPTIONS: -Xmx2048m -Xms512m
jruby: warning: unknown property jruby.cext.enabled

** Updating RubyGems to the latest version for security reasons. **
** If you need an older version, you can downgrade with 'gem update --system OLD_VERSION'. **

Picked up _JAVA_OPTIONS: -Xmx2048m -Xms512m
jruby: warning: unknown property jruby.cext.enabled
Updating rubygems-update
Fetching: rubygems-update-2.6.13.gemFetching: rubygems-update-2.6.13.gem (  1%)Fetching: rubygems-update-2.6.13.gem (  2%)Fetching: rubygems-update-2.6.13.gem (  3%)Fetching: rubygems-update-2.6.13.gem (  4%)Fetching: rubygems-update-2.6.13.gem (  5%)Fetching: rubygems-update-2.6.13.gem (  7%)Fetching: rubygems-update-2.6.13.gem (  9%)Fetching: rubygems-update-2.6.13.gem ( 11%)Fetching: rubygems-update-2.6.13.gem ( 13%)Fetching: rubygems-update-2.6.13.gem ( 15%)Fetching: rubygems-update-2.6.13.gem ( 18%)Fetching: rubygems-update-2.6.13.gem ( 20%)Fetching: rubygems-update-2.6.13.gem ( 22%)Fetching: rubygems-update-2.6.13.gem ( 24%)Fetching: rubygems-update-2.6.13.gem ( 26%)Fetching: rubygems-update-2.6.13.gem ( 28%)Fetching: rubygems-update-2.6.13.gem ( 30%)Fetching: rubygems-update-2.6.13.gem ( 33%)Fetching: rubygems-update-2.6.13.gem ( 35%)Fetching: rubygems-update-2.6.13.gem ( 37%)Fetching: rubygems-update-2.6.13.gem ( 39%)Fetching: rubygems-update-2.6.13.gem ( 41%)Fetching: rubygems-update-2.6.13.gem ( 43%)Fetching: rubygems-update-2.6.13.gem ( 45%)Fetching: rubygems-update-2.6.13.gem ( 48%)Fetching: rubygems-update-2.6.13.gem ( 50%)Fetching: rubygems-update-2.6.13.gem ( 52%)Fetching: rubygems-update-2.6.13.gem ( 54%)Fetching: rubygems-update-2.6.13.gem ( 56%)Fetching: rubygems-update-2.6.13.gem ( 58%)Fetching: rubygems-update-2.6.13.gem ( 60%)Fetching: rubygems-update-2.6.13.gem ( 63%)Fetching: rubygems-update-2.6.13.gem ( 65%)Fetching: rubygems-update-2.6.13.gem ( 67%)Fetching: rubygems-update-2.6.13.gem ( 69%)Fetching: rubygems-update-2.6.13.gem ( 71%)Fetching: rubygems-update-2.6.13.gem ( 73%)Fetching: rubygems-update-2.6.13.gem ( 75%)Fetching: rubygems-update-2.6.13.gem ( 78%)Fetching: rubygems-update-2.6.13.gem ( 80%)Fetching: rubygems-update-2.6.13.gem ( 82%)Fetching: rubygems-update-2.6.13.gem ( 84%)Fetching: rubygems-update-2.6.13.gem ( 86%)Fetching: rubygems-update-2.6.13.gem ( 88%)Fetching: rubygems-update-2.6.13.gem ( 90%)Fetching: rubygems-update-2.6.13.gem ( 93%)Fetching: rubygems-update-2.6.13.gem ( 95%)Fetching: rubygems-update-2.6.13.gem ( 97%)Fetching: rubygems-update-2.6.13.gem ( 99%)Fetching: rubygems-update-2.6.13.gem (100%)Fetching: rubygems-update-2.6.13.gem (100%)
Successfully installed rubygems-update-2.6.13
Installing RubyGems 2.6.13
Picked up _JAVA_OPTIONS: -Xmx2048m -Xms512m
jruby: warning: unknown property jruby.cext.enabled
Picked up _JAVA_OPTIONS: -Xmx2048m -Xms512m
jruby: warning: unknown property jruby.cext.enabled
RubyGems 2.6.13 installed

=== 2.6.13 / 2017-08-27

Security fixes:

* Fix a DNS request hijacking vulnerability.
  Fix by Samuel Giddins.
* Fix an ANSI escape sequence vulnerability.
  Fix by Evan Phoenix.
* Fix a DOS vulernerability in the `query` command.
  Fix by Samuel Giddins.
* Fix a vulnerability in the gem installer that allowed
  a malicious gem to overwrite arbitrary files.
  Fix by Samuel Giddins.

=== 2.6.12 / 2017-04-30

Bug fixes:

* Fix test_self_find_files_with_gemfile to sort expected files. Pull
  request #1880 by Kazuaki Matsuo.
* Fix issue for MinGW / MSYS2 builds and testing. Pull request #1879 by
  MSP-Greg.
* Fix gem open to open highest version number rather than lowest. Pull
  request #1877 by Tim Pope.
* Add a test for requiring a default spec as installed by the ruby
  installer. Pull request #1899 by Samuel Giddins.
* Fix broken --exact parameter to gem command. Pull request #1873 by Jason
  Frey.
* [Installer] Generate backwards-compatible binstubs. Pull request #1904
  by Samuel Giddins.
* Fix pre-existing source recognition on add action. Pull request #1883 by
  Jonathan Claudius.
* Prevent negative IDs in output of #inspect. Pull request #1908 by VÃ­t
  Ondruch.
* Allow Gem.finish_resolve to respect already-activated specs. Pull
  request #1910 by Samuel Giddins.

=== 2.6.11 / 2017-03-16

Bug fixes:

* Fixed broken tests on ruby-head. Pull request #1841 by
  SHIBATA Hiroshi.
* Update vendored Molinillo to 0.5.7. Pull request #1859 by Samuel
  Giddins.
* Avoid activating Ruby 2.5 default gems when possible. Pull request #1843
  by Samuel Giddins.
* Use improved resolver sorting algorithm. Pull request #1856 by
  Samuel Giddins.

=== 2.6.10 / 2017-01-23

Bug fixes:

* Fix `require` calling the wrong `gem` method when it is overridden.
  Pull request #1822 by Samuel Giddins.

=== 2.6.9 / 2017-01-20

Bug fixes:

* Allow initializing versions with empty strings. Pull request #1767 by
  Luis Sagastume.
* Fix TypeError on 2.4. Pull request #1788 by Nobuyoshi Nakada.
* Don't output mkmf.log message if compilation didn't fail. Pull request
  #1808 by Jeremy Evans.
* Fixed broken links and overzealous URL encoding in gem server. Pull
  request #1809 by Nicole Orchard.
* Update vendored Molinillo to 0.5.5. Pull request #1812 by Samuel
  Giddins.
* RakeBuilder: avoid frozen string issue. Pull request #1819 by Olle
  Jonsson.

=== 2.6.8 / 2016-10-29

Bug fixes:

* Improve SSL verification failure message. Pull request #1751
  by Eric Hodel.
* Ensure `to_spec` falls back on prerelease specs. Pull request
  #1755 by AndrÃ© Arko.
* Update vendored Molinillo to 0.5.3. Pull request #1763 by
  Samuel Giddins.


------------------------------------------------------------------------------

RubyGems installed the following executables:
	/home/travis/.rvm/rubies/jruby-9.1.6.0/bin/jgem

RubyGems system software updated
[32mjruby-9.1.6.0 - #importing gemset /home/travis/.rvm/gemsets/jruby/global.gems[0m|/-\|/-\|.-\|/-\|/-..
[32mjruby-9.1.6.0 - #generating global wrappers[0m|/-\|/-\|.-\|/-\|/-.|/-\|/-\|.-\|/-\|/-.|/-\|/-\|.-\|/-\|/-.|/-\|/-\|.-\|/-\|/-.|.
Picked up _JAVA_OPTIONS: -Xmx2048m -Xms512m
jruby: warning: unknown property jruby.cext.enabled
Picked up _JAVA_OPTIONS: -Xmx2048m -Xms512m
jruby: warning: unknown property jruby.cext.enabled
[32mjruby-9.1.6.0 - #uninstalling gem rubygems-bundler-1.4.4[0m|/-\.
[32mjruby-9.1.6.0 - #gemset created /home/travis/.rvm/gems/jruby-9.1.6.0[0m
Picked up _JAVA_OPTIONS: -Xmx2048m -Xms512m
jruby: warning: unknown property jruby.cext.enabled
[32mjruby-9.1.6.0 - #importing gemset /home/travis/.rvm/gemsets/default.gems[0m|/-\|/-\.
[32mjruby-9.1.6.0 - #generating default wrappers[0m|/-\|/-\|.-\|/-\|/-.|/-\|/-\|.-\|/-\|/-.|/-\|/-\|.-\|/-\|/-.|/-\|/-\|.-\|/-\|/-.|.
[32mUsing /home/travis/.rvm/gems/jruby-9.1.6.0[0m
Picked up _JAVA_OPTIONS: -Xmx2048m -Xms512m
jruby: warning: unknown property jruby.cext.enabled

travis_time:end:224d2b4a:start=1507152880378762872,finish=1507152985537131964,duration=105158369092[0Ktravis_fold:end:rvm[0K$ export BUNDLE_GEMFILE=$PWD/gemfiles/rails42.gemfile
$ java -Xmx32m -version
Picked up _JAVA_OPTIONS: -Xmx2048m -Xms512m
java version "1.7.0_151"
OpenJDK Runtime Environment (IcedTea 2.6.11) (7u151-2.6.11-0ubuntu1.14.04.1)
OpenJDK 64-Bit Server VM (build 24.151-b01, mixed mode)
$ javac -J-Xmx32m -version
Picked up _JAVA_OPTIONS: -Xmx2048m -Xms512m
javac 1.7.0_151
$ ruby --version
Picked up _JAVA_OPTIONS: -Xmx2048m -Xms512m
jruby: warning: unknown property jruby.cext.enabled
jruby 9.1.6.0 (2.3.1) 2016-11-09 0150a76 OpenJDK 64-Bit Server VM 24.151-b01 on 1.7.0_151-b01 +jit [linux-x86_64]
$ rvm --version
rvm 1.29.2 (latest) by Michal Papis, Piotr Kuczynski, Wayne E. Seguin [https://rvm.io/]
$ bundle --version
Picked up _JAVA_OPTIONS: -Xmx2048m -Xms512m
jruby: warning: unknown property jruby.cext.enabled
Bundler version 1.15.4
$ gem --version
Picked up _JAVA_OPTIONS: -Xmx2048m -Xms512m
jruby: warning: unknown property jruby.cext.enabled
2.6.13
travis_fold:start:before_install[0Ktravis_time:start:1eeaf74a[0K$ ((jruby -v | grep 1.8.7) && jruby --1.9 -S gem update --system 2.1.11) || true
Picked up _JAVA_OPTIONS: -Xmx2048m -Xms512m
jruby: warning: unknown property jruby.cext.enabled

travis_time:end:1eeaf74a:start=1507152992076077971,finish=1507152992218842558,duration=142764587[0Ktravis_fold:end:before_install[0Ktravis_fold:start:install.bundler[0Ktravis_time:start:0ae3b408[0K$ bundle install --without development
Picked up _JAVA_OPTIONS: -Xmx2048m -Xms512m
jruby: warning: unknown property jruby.cext.enabled
Fetching gem metadata from https://rubygems.org/........
Fetching version metadata from https://rubygems.org/.
Using rake 10.4.2
[32mFetching i18n 0.8.1[0m
[32mInstalling i18n 0.8.1[0m
[32mFetching minitest 5.10.1[0m
[32mInstalling minitest 5.10.1[0m
[32mFetching thread_safe 0.3.6 (java)[0m
[32mInstalling thread_safe 0.3.6 (java)[0m
[32mFetching builder 3.2.3[0m
[32mInstalling builder 3.2.3[0m
[32mFetching arel 6.0.4[0m
[32mInstalling arel 6.0.4[0m
Using bundler 1.15.4
[32mFetching bcrypt-ruby 3.0.1 (java)[0m
[32mInstalling bcrypt-ruby 3.0.1 (java)[0m
[32mFetching docile 1.1.5[0m
[32mInstalling docile 1.1.5[0m
[32mFetching json 2.1.0 (java)[0m
[32mInstalling json 2.1.0 (java)[0m
[32mFetching metaclass 0.0.4[0m
[32mInstalling metaclass 0.0.4[0m
[32mFetching simplecov-html 0.10.0[0m
[32mInstalling simplecov-html 0.10.0[0m
[32mFetching test-unit 2.5.5[0m
[32mInstalling test-unit 2.5.5[0m
[32mFetching tzinfo 1.2.3[0m
[32mInstalling tzinfo 1.2.3[0m
[32mFetching appraisal 0.5.2[0m
[32mInstalling appraisal 0.5.2[0m
[32mFetching mocha 0.13.3[0m
[32mInstalling mocha 0.13.3[0m
[32mFetching simplecov 0.14.1[0m
[32mInstalling simplecov 0.14.1[0m
[32mFetching test-unit-context 0.5.1[0m
[32mInstalling test-unit-context 0.5.1[0m
[32mFetching activesupport 4.2.8[0m
[32mInstalling activesupport 4.2.8[0m
[32mFetching activemodel 4.2.8[0m
[32mInstalling activemodel 4.2.8[0m
[32mFetching activerecord 4.2.8[0m
[32mInstalling activerecord 4.2.8[0m
[32mBundle complete! 12 Gemfile dependencies, 21 gems now installed.[0m
[32mGems in the group development were not installed.[0m
[32mUse `bundle info [gemname]` to see where a bundled gem is installed.[0m

travis_time:end:0ae3b408:start=1507152992225832311,finish=1507153007234203850,duration=15008371539[0Ktravis_fold:end:install.bundler[0Ktravis_fold:start:before_script.1[0Ktravis_time:start:11b1f0c8[0K$ export JRUBY_OPTS="--server $JRUBY_OPTS"

travis_time:end:11b1f0c8:start=1507153007241319500,finish=1507153007246629884,duration=5310384[0Ktravis_fold:end:before_script.1[0Ktravis_fold:start:before_script.2[0Ktravis_time:start:02157b68[0K$ mysql --version
mysql  Ver 14.14 Distrib 5.6.33, for debian-linux-gnu (x86_64) using  EditLine wrapper

travis_time:end:02157b68:start=1507153007253320000,finish=1507153007261154184,duration=7834184[0Ktravis_fold:end:before_script.2[0Ktravis_time:start:04482ae7[0K$ bundle exec rake test_$DB
Picked up _JAVA_OPTIONS: -Xmx2048m -Xms512m
jruby: warning: unknown property jruby.cext.enabled
Picked up _JAVA_OPTIONS: -Xmx2048m -Xms512m
jruby: warning: unknown property jruby.cext.enabled
jruby: warning: unknown property jruby.cext.enabled
Picked up _JAVA_OPTIONS: -Xmx2048m -Xms512m
Creating PostgreSQL (test) database: arjdbc_test
Picked up _JAVA_OPTIONS: -Xmx2048m -Xms512m
jruby: warning: unknown property jruby.cext.enabled
jruby: warning: unknown property jruby.cext.enabled
Using ActiveRecord::VERSION = 4.2.8
Loaded suite /home/travis/.rvm/rubies/jruby-9.1.6.0/lib/ruby/stdlib/rake/rake_test_loader
Started
[44;37;1mO[0m
[44;37;1m===============================================================================[0m
[44;37;1mRUN without composite_primary_keys[0m [test_create_record_with_composite_primary_key(CompositePrimaryKeysTest)]
/home/travis/build/jruby/activerecord-jdbc-adapter/test/db/postgresql/composite_primary_keys_test.rb:43:in `test_create_record_with_composite_primary_key'
[44;37;1m===============================================================================[0m
[42;37;1m.[0m[42;37;1m.[0m[42;37;1m.[0m[42;37;1m.[0m[42;37;1m.[0m[42;37;1m.[0m[42;37;1m.[0m[42;37;1m.[0m[42;37;1m.[0m[42;37;1m.[0m[42;37;1m.[0m[42;37;1m.[0m[45;37;1mP[0m
[45;37;1m===============================================================================[0m
[45;37;1mPending[0m: pended.
test_multi_dimensional(PostgreSQLArrayTypeTest)
/home/travis/build/jruby/activerecord-jdbc-adapter/test/db/postgresql/array_type_test.rb:133:in `test_multi_dimensional'
     130:   end
     131: 
     132:   def test_multi_dimensional
[45;37;1m  => 133:     pend[0m
     134:     assert_cycle([['1','2'],['2','3']])
     135:   end
     136: 
[45;37;1m===============================================================================[0m
[42;37;1m.[0m[42;37;1m.[0m[42;37;1m.[0m[42;37;1m.[0m[42;37;1m.[0m[42;37;1m.[0m[42;37;1m.[0m[42;37;1m.[0m[42;37;1m.[0m[42;37;1m.[0m[42;37;1m.[0m[42;37;1m.[0m[40;33;1mE[0m
[40;33;1m===============================================================================[0m
[40;33;1mError[0m: test_select_case_insensitive(PostgreSQLCitextTest)
  NoMethodError: undefined method `cival' for nil:NilClass
/home/travis/build/jruby/activerecord-jdbc-adapter/test/db/postgresql/citext_test.rb:70:in `test_select_case_insensitive'
     67:   def test_select_case_insensitive
     68:     @connection.execute "insert into citexts (cival) values('Cased Text')"
     69:     x = Citext.where(:cival => 'cased text').first
[40;33;1m  => 70:     assert_equal 'Cased Text', x.cival[0m
     71:   end
     72: 
     73: end if Test::Unit::TestCase.ar_version('4.2') && ActiveRecord::Base.connection.supports_extensions?
[40;33;1m===============================================================================[0m
[42;37;1m.[0m[42;37;1m.[0m[42;37;1m.[0m[42;37;1m.[0m[42;37;1m.[0m[42;37;1m.[0m[42;37;1m.[0m[42;37;1m.[0m[42;37;1m.[0m[40;33;1mE[0m
[40;33;1m===============================================================================[0m
[40;33;1mError[0m: test_arrow(PostgreSQLHstoreTest)
  ActiveRecord::StatementInvalid: ActiveRecord::JDBCError: org.postgresql.util.PSQLException: ERROR: column "tags" is of type hstore but expression is of type character varying
    Hint: You will need to rewrite or cast the expression.
    Position: 40: INSERT INTO "hstores" ("tags") VALUES (?) RETURNING ("id")
arjdbc/jdbc/RubyJdbcConnection.java:929:in `execute_query'
/home/travis/build/jruby/activerecord-jdbc-adapter/lib/arjdbc/jdbc/adapter.rb:455:in `block in exec_query'
/home/travis/.rvm/gems/jruby-9.1.6.0/gems/activerecord-4.2.8/lib/active_record/connection_adapters/abstract_adapter.rb:484:in `block in log'
/home/travis/.rvm/gems/jruby-9.1.6.0/gems/activesupport-4.2.8/lib/active_support/notifications/instrumenter.rb:20:in `instrument'
/home/travis/.rvm/gems/jruby-9.1.6.0/gems/activerecord-4.2.8/lib/active_record/connection_adapters/abstract_adapter.rb:478:in `log'
/home/travis/build/jruby/activerecord-jdbc-adapter/lib/arjdbc/jdbc/adapter.rb:455:in `exec_query'
/home/travis/build/jruby/activerecord-jdbc-adapter/lib/arjdbc/postgresql/adapter.rb:590:in `exec_insert'
/home/travis/.rvm/gems/jruby-9.1.6.0/gems/activerecord-4.2.8/lib/active_record/connection_adapters/abstract/database_statements.rb:108:in `insert'
/home/travis/.rvm/gems/jruby-9.1.6.0/gems/activerecord-4.2.8/lib/active_record/connection_adapters/abstract/query_cache.rb:14:in `insert'
/home/travis/.rvm/gems/jruby-9.1.6.0/gems/activerecord-4.2.8/lib/active_record/relation.rb:64:in `insert'
/home/travis/.rvm/gems/jruby-9.1.6.0/gems/activerecord-4.2.8/lib/active_record/persistence.rb:524:in `_create_record'
/home/travis/.rvm/gems/jruby-9.1.6.0/gems/activerecord-4.2.8/lib/active_record/counter_cache.rb:139:in `_create_record'
/home/travis/.rvm/gems/jruby-9.1.6.0/gems/activerecord-4.2.8/lib/active_record/locking/optimistic.rb:75:in `_create_record'
/home/travis/.rvm/gems/jruby-9.1.6.0/gems/activerecord-4.2.8/lib/active_record/attribute_methods/dirty.rb:133:in `_create_record'
/home/travis/.rvm/gems/jruby-9.1.6.0/gems/activerecord-4.2.8/lib/active_record/callbacks.rb:306:in `block in _create_record'
/home/travis/.rvm/gems/jruby-9.1.6.0/gems/activesupport-4.2.8/lib/active_support/callbacks.rb:88:in `__run_callbacks__'
/home/travis/.rvm/gems/jruby-9.1.6.0/gems/activesupport-4.2.8/lib/active_support/callbacks.rb:778:in `_run_create_callbacks'
/home/travis/.rvm/gems/jruby-9.1.6.0/gems/activerecord-4.2.8/lib/active_record/callbacks.rb:306:in `_create_record'
/home/travis/.rvm/gems/jruby-9.1.6.0/gems/activerecord-4.2.8/lib/active_record/timestamp.rb:57:in `_create_record'
/home/travis/.rvm/gems/jruby-9.1.6.0/gems/activerecord-4.2.8/lib/active_record/persistence.rb:504:in `create_or_update'
/home/travis/.rvm/gems/jruby-9.1.6.0/gems/activerecord-4.2.8/lib/active_record/callbacks.rb:302:in `block in create_or_update'
/home/travis/.rvm/gems/jruby-9.1.6.0/gems/activesupport-4.2.8/lib/active_support/callbacks.rb:88:in `__run_callbacks__'
/home/travis/.rvm/gems/jruby-9.1.6.0/gems/activesupport-4.2.8/lib/active_support/callbacks.rb:778:in `_run_save_callbacks'
/home/travis/.rvm/gems/jruby-9.1.6.0/gems/activerecord-4.2.8/lib/active_record/callbacks.rb:302:in `create_or_update'
/home/travis/.rvm/gems/jruby-9.1.6.0/gems/activerecord-4.2.8/lib/active_record/persistence.rb:142:in `save!'
/home/travis/.rvm/gems/jruby-9.1.6.0/gems/activerecord-4.2.8/lib/active_record/validations.rb:43:in `save!'
/home/travis/.rvm/gems/jruby-9.1.6.0/gems/activerecord-4.2.8/lib/active_record/attribute_methods/dirty.rb:29:in `save!'
/home/travis/.rvm/gems/jruby-9.1.6.0/gems/activerecord-4.2.8/lib/active_record/transactions.rb:291:in `block in save!'
/home/travis/.rvm/gems/jruby-9.1.6.0/gems/activerecord-4.2.8/lib/active_record/transactions.rb:351:in `block in with_transaction_returning_status'
/home/travis/.rvm/gems/jruby-9.1.6.0/gems/activerecord-4.2.8/lib/active_record/connection_adapters/abstract/database_statements.rb:213:in `block in transaction'
/home/travis/.rvm/gems/jruby-9.1.6.0/gems/activerecord-4.2.8/lib/active_record/connection_adapters/abstract/transaction.rb:184:in `within_new_transaction'
/home/travis/.rvm/gems/jruby-9.1.6.0/gems/activerecord-4.2.8/lib/active_record/connection_adapters/abstract/database_statements.rb:213:in `transaction'
/home/travis/.rvm/gems/jruby-9.1.6.0/gems/activerecord-4.2.8/lib/active_record/transactions.rb:220:in `transaction'
/home/travis/.rvm/gems/jruby-9.1.6.0/gems/activerecord-4.2.8/lib/active_record/transactions.rb:348:in `with_transaction_returning_status'
/home/travis/.rvm/gems/jruby-9.1.6.0/gems/activerecord-4.2.8/lib/active_record/transactions.rb:291:in `save!'
/home/travis/.rvm/gems/jruby-9.1.6.0/gems/activerecord-4.2.8/lib/active_record/persistence.rb:51:in `create!'
/home/travis/build/jruby/activerecord-jdbc-adapter/test/db/postgresql/hstore_test.rb:216:in `assert_cycle'
/home/travis/build/jruby/activerecord-jdbc-adapter/test/db/postgresql/hstore_test.rb:172:in `test_arrow'
     169:   end
     170: 
     171:   def test_arrow
[40;33;1m  => 172:     assert_cycle('a=>b' => 'bar', '1"foo' => '2')[0m
     173:   end
     174: 
     175:   def test_quoting_special_characters
[40;33;1m===============================================================================[0m
[40;33;1mE[0m
[40;33;1m===============================================================================[0m
[40;33;1mError[0m: test_backslash(PostgreSQLHstoreTest)
  ActiveRecord::StatementInvalid: ActiveRecord::JDBCError: org.postgresql.util.PSQLException: ERROR: column "tags" is of type hstore but expression is of type character varying
    Hint: You will need to rewrite or cast the expression.
    Position: 40: INSERT INTO "hstores" ("tags") VALUES (?) RETURNING ("id")
arjdbc/jdbc/RubyJdbcConnection.java:929:in `execute_query'
/home/travis/build/jruby/activerecord-jdbc-adapter/lib/arjdbc/jdbc/adapter.rb:455:in `block in exec_query'
/home/travis/.rvm/gems/jruby-9.1.6.0/gems/activerecord-4.2.8/lib/active_record/connection_adapters/abstract_adapter.rb:484:in `block in log'
/home/travis/.rvm/gems/jruby-9.1.6.0/gems/activesupport-4.2.8/lib/active_support/notifications/instrumenter.rb:20:in `instrument'
/home/travis/.rvm/gems/jruby-9.1.6.0/gems/activerecord-4.2.8/lib/active_record/connection_adapters/abstract_adapter.rb:478:in `log'
/home/travis/build/jruby/activerecord-jdbc-adapter/lib/arjdbc/jdbc/adapter.rb:455:in `exec_query'
/home/travis/build/jruby/activerecord-jdbc-adapter/lib/arjdbc/postgresql/adapter.rb:590:in `exec_insert'
/home/travis/.rvm/gems/jruby-9.1.6.0/gems/activerecord-4.2.8/lib/active_record/connection_adapters/abstract/database_statements.rb:108:in `insert'
/home/travis/.rvm/gems/jruby-9.1.6.0/gems/activerecord-4.2.8/lib/active_record/connection_adapters/abstract/query_cache.rb:14:in `insert'
/home/travis/.rvm/gems/jruby-9.1.6.0/gems/activerecord-4.2.8/lib/active_record/relation.rb:64:in `insert'
/home/travis/.rvm/gems/jruby-9.1.6.0/gems/activerecord-4.2.8/lib/active_record/persistence.rb:524:in `_create_record'
/home/travis/.rvm/gems/jruby-9.1.6.0/gems/activerecord-4.2.8/lib/active_record/counter_cache.rb:139:in `_create_record'
/home/travis/.rvm/gems/jruby-9.1.6.0/gems/activerecord-4.2.8/lib/active_record/locking/optimistic.rb:75:in `_create_record'
/home/travis/.rvm/gems/jruby-9.1.6.0/gems/activerecord-4.2.8/lib/active_record/attribute_methods/dirty.rb:133:in `_create_record'
/home/travis/.rvm/gems/jruby-9.1.6.0/gems/activerecord-4.2.8/lib/active_record/callbacks.rb:306:in `block in _create_record'
/home/travis/.rvm/gems/jruby-9.1.6.0/gems/activesupport-4.2.8/lib/active_support/callbacks.rb:88:in `__run_callbacks__'
/home/travis/.rvm/gems/jruby-9.1.6.0/gems/activesupport-4.2.8/lib/active_support/callbacks.rb:778:in `_run_create_callbacks'
/home/travis/.rvm/gems/jruby-9.1.6.0/gems/activerecord-4.2.8/lib/active_record/callbacks.rb:306:in `_create_record'
/home/travis/.rvm/gems/jruby-9.1.6.0/gems/activerecord-4.2.8/lib/active_record/timestamp.rb:57:in `_create_record'
/home/travis/.rvm/gems/jruby-9.1.6.0/gems/activerecord-4.2.8/lib/active_record/persistence.rb:504:in `create_or_update'
/home/travis/.rvm/gems/jruby-9.1.6.0/gems/activerecord-4.2.8/lib/active_record/callbacks.rb:302:in `block in create_or_update'
/home/travis/.rvm/gems/jruby-9.1.6.0/gems/activesupport-4.2.8/lib/active_support/callbacks.rb:88:in `__run_callbacks__'
/home/travis/.rvm/gems/jruby-9.1.6.0/gems/activesupport-4.2.8/lib/active_support/callbacks.rb:778:in `_run_save_callbacks'
/home/travis/.rvm/gems/jruby-9.1.6.0/gems/activerecord-4.2.8/lib/active_record/callbacks.rb:302:in `create_or_update'
/home/travis/.rvm/gems/jruby-9.1.6.0/gems/activerecord-4.2.8/lib/active_record/persistence.rb:142:in `save!'
/home/travis/.rvm/gems/jruby-9.1.6.0/gems/activerecord-4.2.8/lib/active_record/validations.rb:43:in `save!'
/home/travis/.rvm/gems/jruby-9.1.6.0/gems/activerecord-4.2.8/lib/active_record/attribute_methods/dirty.rb:29:in `save!'
/home/travis/.rvm/gems/jruby-9.1.6.0/gems/activerecord-4.2.8/lib/active_record/transactions.rb:291:in `block in save!'
/home/travis/.rvm/gems/jruby-9.1.6.0/gems/activerecord-4.2.8/lib/active_record/transactions.rb:351:in `block in with_transaction_returning_status'
/home/travis/.rvm/gems/jruby-9.1.6.0/gems/activerecord-4.2.8/lib/active_record/connection_adapters/abstract/database_statements.rb:213:in `block in transaction'
/home/travis/.rvm/gems/jruby-9.1.6.0/gems/activerecord-4.2.8/lib/active_record/connection_adapters/abstract/transaction.rb:184:in `within_new_transaction'
/home/travis/.rvm/gems/jruby-9.1.6.0/gems/activerecord-4.2.8/lib/active_record/connection_adapters/abstract/database_statements.rb:213:in `transaction'
/home/travis/.rvm/gems/jruby-9.1.6.0/gems/activerecord-4.2.8/lib/active_record/transactions.rb:220:in `transaction'
/home/travis/.rvm/gems/jruby-9.1.6.0/gems/activerecord-4.2.8/lib/active_record/transactions.rb:348:in `with_transaction_returning_status'
/home/travis/.rvm/gems/jruby-9.1.6.0/gems/activerecord-4.2.8/lib/active_record/transactions.rb:291:in `save!'
/home/travis/.rvm/gems/jruby-9.1.6.0/gems/activerecord-4.2.8/lib/active_record/persistence.rb:51:in `create!'
/home/travis/build/jruby/activerecord-jdbc-adapter/test/db/postgresql/hstore_test.rb:216:in `assert_cycle'
/home/travis/build/jruby/activerecord-jdbc-adapter/test/db/postgresql/hstore_test.rb:164:in `test_backslash'
     161:   end
     162: 
     163:   def test_backslash
[40;33;1m  => 164:     assert_cycle('a\\b' => 'b\\ar', '1"foo' => '2')[0m
     165:   end
     166: 
     167:   def test_comma
[40;33;1m===============================================================================[0m
[42;37;1m.[0m[42;37;1m.[0m[40;33;1mE[0m
[40;33;1m===============================================================================[0m
[40;33;1mError[0m: test_comma(PostgreSQLHstoreTest)
  ActiveRecord::StatementInvalid: ActiveRecord::JDBCError: org.postgresql.util.PSQLException: ERROR: column "tags" is of type hstore but expression is of type character varying
    Hint: You will need to rewrite or cast the expression.
    Position: 40: INSERT INTO "hstores" ("tags") VALUES (?) RETURNING ("id")
arjdbc/jdbc/RubyJdbcConnection.java:929:in `execute_query'
/home/travis/build/jruby/activerecord-jdbc-adapter/lib/arjdbc/jdbc/adapter.rb:455:in `block in exec_query'
/home/travis/.rvm/gems/jruby-9.1.6.0/gems/activerecord-4.2.8/lib/active_record/connection_adapters/abstract_adapter.rb:484:in `block in log'
/home/travis/.rvm/gems/jruby-9.1.6.0/gems/activesupport-4.2.8/lib/active_support/notifications/instrumenter.rb:20:in `instrument'
/home/travis/.rvm/gems/jruby-9.1.6.0/gems/activerecord-4.2.8/lib/active_record/connection_adapters/abstract_adapter.rb:478:in `log'
/home/travis/build/jruby/activerecord-jdbc-adapter/lib/arjdbc/jdbc/adapter.rb:455:in `exec_query'
/home/travis/build/jruby/activerecord-jdbc-adapter/lib/arjdbc/postgresql/adapter.rb:590:in `exec_insert'
/home/travis/.rvm/gems/jruby-9.1.6.0/gems/activerecord-4.2.8/lib/active_record/connection_adapters/abstract/database_statements.rb:108:in `insert'
/home/travis/.rvm/gems/jruby-9.1.6.0/gems/activerecord-4.2.8/lib/active_record/connection_adapters/abstract/query_cache.rb:14:in `insert'
/home/travis/.rvm/gems/jruby-9.1.6.0/gems/activerecord-4.2.8/lib/active_record/relation.rb:64:in `insert'
/home/travis/.rvm/gems/jruby-9.1.6.0/gems/activerecord-4.2.8/lib/active_record/persistence.rb:524:in `_create_record'
/home/travis/.rvm/gems/jruby-9.1.6.0/gems/activerecord-4.2.8/lib/active_record/counter_cache.rb:139:in `_create_record'
/home/travis/.rvm/gems/jruby-9.1.6.0/gems/activerecord-4.2.8/lib/active_record/locking/optimistic.rb:75:in `_create_record'
/home/travis/.rvm/gems/jruby-9.1.6.0/gems/activerecord-4.2.8/lib/active_record/attribute_methods/dirty.rb:133:in `_create_record'
/home/travis/.rvm/gems/jruby-9.1.6.0/gems/activerecord-4.2.8/lib/active_record/callbacks.rb:306:in `block in _create_record'
/home/travis/.rvm/gems/jruby-9.1.6.0/gems/activesupport-4.2.8/lib/active_support/callbacks.rb:88:in `__run_callbacks__'
/home/travis/.rvm/gems/jruby-9.1.6.0/gems/activesupport-4.2.8/lib/active_support/callbacks.rb:778:in `_run_create_callbacks'
/home/travis/.rvm/gems/jruby-9.1.6.0/gems/activerecord-4.2.8/lib/active_record/callbacks.rb:306:in `_create_record'
/home/travis/.rvm/gems/jruby-9.1.6.0/gems/activerecord-4.2.8/lib/active_record/timestamp.rb:57:in `_create_record'
/home/travis/.rvm/gems/jruby-9.1.6.0/gems/activerecord-4.2.8/lib/active_record/persistence.rb:504:in `create_or_update'
/home/travis/.rvm/gems/jruby-9.1.6.0/gems/activerecord-4.2.8/lib/active_record/callbacks.rb:302:in `block in create_or_update'
/home/travis/.rvm/gems/jruby-9.1.6.0/gems/activesupport-4.2.8/lib/active_support/callbacks.rb:88:in `__run_callbacks__'
/home/travis/.rvm/gems/jruby-9.1.6.0/gems/activesupport-4.2.8/lib/active_support/callbacks.rb:778:in `_run_save_callbacks'
/home/travis/.rvm/gems/jruby-9.1.6.0/gems/activerecord-4.2.8/lib/active_record/callbacks.rb:302:in `create_or_update'
/home/travis/.rvm/gems/jruby-9.1.6.0/gems/activerecord-4.2.8/lib/active_record/persistence.rb:142:in `save!'
/home/travis/.rvm/gems/jruby-9.1.6.0/gems/activerecord-4.2.8/lib/active_record/validations.rb:43:in `save!'
/home/travis/.rvm/gems/jruby-9.1.6.0/gems/activerecord-4.2.8/lib/active_record/attribute_methods/dirty.rb:29:in `save!'
/home/travis/.rvm/gems/jruby-9.1.6.0/gems/activerecord-4.2.8/lib/active_record/transactions.rb:291:in `block in save!'
/home/travis/.rvm/gems/jruby-9.1.6.0/gems/activerecord-4.2.8/lib/active_record/transactions.rb:351:in `block in with_transaction_returning_status'
/home/travis/.rvm/gems/jruby-9.1.6.0/gems/activerecord-4.2.8/lib/active_record/connection_adapters/abstract/database_statements.rb:213:in `block in transaction'
/home/travis/.rvm/gems/jruby-9.1.6.0/gems/activerecord-4.2.8/lib/active_record/connection_adapters/abstract/transaction.rb:184:in `within_new_transaction'
/home/travis/.rvm/gems/jruby-9.1.6.0/gems/activerecord-4.2.8/lib/active_record/connection_adapters/abstract/database_statements.rb:213:in `transaction'
/home/travis/.rvm/gems/jruby-9.1.6.0/gems/activerecord-4.2.8/lib/active_record/transactions.rb:220:in `transaction'
/home/travis/.rvm/gems/jruby-9.1.6.0/gems/activerecord-4.2.8/lib/active_record/transactions.rb:348:in `with_transaction_returning_status'
/home/travis/.rvm/gems/jruby-9.1.6.0/gems/activerecord-4.2.8/lib/active_record/transactions.rb:291:in `save!'
/home/travis/.rvm/gems/jruby-9.1.6.0/gems/activerecord-4.2.8/lib/active_record/persistence.rb:51:in `create!'
/home/travis/build/jruby/activerecord-jdbc-adapter/test/db/postgresql/hstore_test.rb:216:in `assert_cycle'
/home/travis/build/jruby/activerecord-jdbc-adapter/test/db/postgresql/hstore_test.rb:168:in `test_comma'
     165:   end
     166: 
     167:   def test_comma
[40;33;1m  => 168:     assert_cycle('a, b' => 'bar', '1"foo' => '2')[0m
     169:   end
     170: 
     171:   def test_arrow
[40;33;1m===============================================================================[0m
[40;33;1mE[0m
[40;33;1m===============================================================================[0m
[40;33;1mError[0m: test_create(PostgreSQLHstoreTest)
  ActiveRecord::StatementInvalid: ActiveRecord::JDBCError: org.postgresql.util.PSQLException: ERROR: column "tags" is of type hstore but expression is of type character varying
    Hint: You will need to rewrite or cast the expression.
    Position: 40: INSERT INTO "hstores" ("tags") VALUES (?) RETURNING ("id")
arjdbc/jdbc/RubyJdbcConnection.java:929:in `execute_query'
/home/travis/build/jruby/activerecord-jdbc-adapter/lib/arjdbc/jdbc/adapter.rb:455:in `block in exec_query'
/home/travis/.rvm/gems/jruby-9.1.6.0/gems/activerecord-4.2.8/lib/active_record/connection_adapters/abstract_adapter.rb:484:in `block in log'
/home/travis/.rvm/gems/jruby-9.1.6.0/gems/activesupport-4.2.8/lib/active_support/notifications/instrumenter.rb:20:in `instrument'
/home/travis/.rvm/gems/jruby-9.1.6.0/gems/activerecord-4.2.8/lib/active_record/connection_adapters/abstract_adapter.rb:478:in `log'
/home/travis/build/jruby/activerecord-jdbc-adapter/lib/arjdbc/jdbc/adapter.rb:455:in `exec_query'
/home/travis/build/jruby/activerecord-jdbc-adapter/lib/arjdbc/postgresql/adapter.rb:590:in `exec_insert'
/home/travis/.rvm/gems/jruby-9.1.6.0/gems/activerecord-4.2.8/lib/active_record/connection_adapters/abstract/database_statements.rb:108:in `insert'
/home/travis/.rvm/gems/jruby-9.1.6.0/gems/activerecord-4.2.8/lib/active_record/connection_adapters/abstract/query_cache.rb:14:in `insert'
/home/travis/.rvm/gems/jruby-9.1.6.0/gems/activerecord-4.2.8/lib/active_record/relation.rb:64:in `insert'
/home/travis/.rvm/gems/jruby-9.1.6.0/gems/activerecord-4.2.8/lib/active_record/persistence.rb:524:in `_create_record'
/home/travis/.rvm/gems/jruby-9.1.6.0/gems/activerecord-4.2.8/lib/active_record/counter_cache.rb:139:in `_create_record'
/home/travis/.rvm/gems/jruby-9.1.6.0/gems/activerecord-4.2.8/lib/active_record/locking/optimistic.rb:75:in `_create_record'
/home/travis/.rvm/gems/jruby-9.1.6.0/gems/activerecord-4.2.8/lib/active_record/attribute_methods/dirty.rb:133:in `_create_record'
/home/travis/.rvm/gems/jruby-9.1.6.0/gems/activerecord-4.2.8/lib/active_record/callbacks.rb:306:in `block in _create_record'
/home/travis/.rvm/gems/jruby-9.1.6.0/gems/activesupport-4.2.8/lib/active_support/callbacks.rb:88:in `__run_callbacks__'
/home/travis/.rvm/gems/jruby-9.1.6.0/gems/activesupport-4.2.8/lib/active_support/callbacks.rb:778:in `_run_create_callbacks'
/home/travis/.rvm/gems/jruby-9.1.6.0/gems/activerecord-4.2.8/lib/active_record/callbacks.rb:306:in `_create_record'
/home/travis/.rvm/gems/jruby-9.1.6.0/gems/activerecord-4.2.8/lib/active_record/timestamp.rb:57:in `_create_record'
/home/travis/.rvm/gems/jruby-9.1.6.0/gems/activerecord-4.2.8/lib/active_record/persistence.rb:504:in `create_or_update'
/home/travis/.rvm/gems/jruby-9.1.6.0/gems/activerecord-4.2.8/lib/active_record/callbacks.rb:302:in `block in create_or_update'
/home/travis/.rvm/gems/jruby-9.1.6.0/gems/activesupport-4.2.8/lib/active_support/callbacks.rb:88:in `__run_callbacks__'
/home/travis/.rvm/gems/jruby-9.1.6.0/gems/activesupport-4.2.8/lib/active_support/callbacks.rb:778:in `_run_save_callbacks'
/home/travis/.rvm/gems/jruby-9.1.6.0/gems/activerecord-4.2.8/lib/active_record/callbacks.rb:302:in `create_or_update'
/home/travis/.rvm/gems/jruby-9.1.6.0/gems/activerecord-4.2.8/lib/active_record/persistence.rb:142:in `save!'
/home/travis/.rvm/gems/jruby-9.1.6.0/gems/activerecord-4.2.8/lib/active_record/validations.rb:43:in `save!'
/home/travis/.rvm/gems/jruby-9.1.6.0/gems/activerecord-4.2.8/lib/active_record/attribute_methods/dirty.rb:29:in `save!'
/home/travis/.rvm/gems/jruby-9.1.6.0/gems/activerecord-4.2.8/lib/active_record/transactions.rb:291:in `block in save!'
/home/travis/.rvm/gems/jruby-9.1.6.0/gems/activerecord-4.2.8/lib/active_record/transactions.rb:351:in `block in with_transaction_returning_status'
/home/travis/.rvm/gems/jruby-9.1.6.0/gems/activerecord-4.2.8/lib/active_record/connection_adapters/abstract/database_statements.rb:213:in `block in transaction'
/home/travis/.rvm/gems/jruby-9.1.6.0/gems/activerecord-4.2.8/lib/active_record/connection_adapters/abstract/transaction.rb:184:in `within_new_transaction'
/home/travis/.rvm/gems/jruby-9.1.6.0/gems/activerecord-4.2.8/lib/active_record/connection_adapters/abstract/database_statements.rb:213:in `transaction'
/home/travis/.rvm/gems/jruby-9.1.6.0/gems/activerecord-4.2.8/lib/active_record/transactions.rb:220:in `transaction'
/home/travis/.rvm/gems/jruby-9.1.6.0/gems/activerecord-4.2.8/lib/active_record/transactions.rb:348:in `with_transaction_returning_status'
/home/travis/.rvm/gems/jruby-9.1.6.0/gems/activerecord-4.2.8/lib/active_record/transactions.rb:291:in `save!'
/home/travis/.rvm/gems/jruby-9.1.6.0/gems/activerecord-4.2.8/lib/active_record/persistence.rb:51:in `create!'
/home/travis/build/jruby/activerecord-jdbc-adapter/test/db/postgresql/hstore_test.rb:216:in `assert_cycle'
/home/travis/build/jruby/activerecord-jdbc-adapter/test/db/postgresql/hstore_test.rb:148:in `test_create'
     145:   end
     146: 
     147:   def test_create
[40;33;1m  => 148:     assert_cycle('a' => 'b', '1' => '2')[0m
     149:   end
     150: 
     151:   def test_nil
[40;33;1m===============================================================================[0m
[42;37;1m.[0m[42;37;1m.[0m[42;37;1m.[0m[42;37;1m.[0m[42;37;1m.[0m[40;33;1mE[0m
[40;33;1m===============================================================================[0m
[40;33;1mError[0m: test_hstore_array_column(PostgreSQLHstoreTest)
  ActiveRecord::StatementInvalid: ActiveRecord::JDBCError: org.postgresql.util.PSQLException: ERROR: Syntax error near '}' at position 9: INSERT INTO "hstores" ("array") VALUES (?) RETURNING ("id")
arjdbc/jdbc/RubyJdbcConnection.java:929:in `execute_query'
/home/travis/build/jruby/activerecord-jdbc-adapter/lib/arjdbc/jdbc/adapter.rb:455:in `block in exec_query'
/home/travis/.rvm/gems/jruby-9.1.6.0/gems/activerecord-4.2.8/lib/active_record/connection_adapters/abstract_adapter.rb:484:in `block in log'
/home/travis/.rvm/gems/jruby-9.1.6.0/gems/activesupport-4.2.8/lib/active_support/notifications/instrumenter.rb:20:in `instrument'
/home/travis/.rvm/gems/jruby-9.1.6.0/gems/activerecord-4.2.8/lib/active_record/connection_adapters/abstract_adapter.rb:478:in `log'
/home/travis/build/jruby/activerecord-jdbc-adapter/lib/arjdbc/jdbc/adapter.rb:455:in `exec_query'
/home/travis/build/jruby/activerecord-jdbc-adapter/lib/arjdbc/postgresql/adapter.rb:590:in `exec_insert'
/home/travis/.rvm/gems/jruby-9.1.6.0/gems/activerecord-4.2.8/lib/active_record/connection_adapters/abstract/database_statements.rb:108:in `insert'
/home/travis/.rvm/gems/jruby-9.1.6.0/gems/activerecord-4.2.8/lib/active_record/connection_adapters/abstract/query_cache.rb:14:in `insert'
/home/travis/.rvm/gems/jruby-9.1.6.0/gems/activerecord-4.2.8/lib/active_record/relation.rb:64:in `insert'
/home/travis/.rvm/gems/jruby-9.1.6.0/gems/activerecord-4.2.8/lib/active_record/persistence.rb:524:in `_create_record'
/home/travis/.rvm/gems/jruby-9.1.6.0/gems/activerecord-4.2.8/lib/active_record/counter_cache.rb:139:in `_create_record'
/home/travis/.rvm/gems/jruby-9.1.6.0/gems/activerecord-4.2.8/lib/active_record/locking/optimistic.rb:75:in `_create_record'
/home/travis/.rvm/gems/jruby-9.1.6.0/gems/activerecord-4.2.8/lib/active_record/attribute_methods/dirty.rb:133:in `_create_record'
/home/travis/.rvm/gems/jruby-9.1.6.0/gems/activerecord-4.2.8/lib/active_record/callbacks.rb:306:in `block in _create_record'
/home/travis/.rvm/gems/jruby-9.1.6.0/gems/activesupport-4.2.8/lib/active_support/callbacks.rb:88:in `__run_callbacks__'
/home/travis/.rvm/gems/jruby-9.1.6.0/gems/activesupport-4.2.8/lib/active_support/callbacks.rb:778:in `_run_create_callbacks'
/home/travis/.rvm/gems/jruby-9.1.6.0/gems/activerecord-4.2.8/lib/active_record/callbacks.rb:306:in `_create_record'
/home/travis/.rvm/gems/jruby-9.1.6.0/gems/activerecord-4.2.8/lib/active_record/timestamp.rb:57:in `_create_record'
/home/travis/.rvm/gems/jruby-9.1.6.0/gems/activerecord-4.2.8/lib/active_record/persistence.rb:504:in `create_or_update'
/home/travis/.rvm/gems/jruby-9.1.6.0/gems/activerecord-4.2.8/lib/active_record/callbacks.rb:302:in `block in create_or_update'
/home/travis/.rvm/gems/jruby-9.1.6.0/gems/activesupport-4.2.8/lib/active_support/callbacks.rb:88:in `__run_callbacks__'
/home/travis/.rvm/gems/jruby-9.1.6.0/gems/activesupport-4.2.8/lib/active_support/callbacks.rb:778:in `_run_save_callbacks'
/home/travis/.rvm/gems/jruby-9.1.6.0/gems/activerecord-4.2.8/lib/active_record/callbacks.rb:302:in `create_or_update'
/home/travis/.rvm/gems/jruby-9.1.6.0/gems/activerecord-4.2.8/lib/active_record/persistence.rb:142:in `save!'
/home/travis/.rvm/gems/jruby-9.1.6.0/gems/activerecord-4.2.8/lib/active_record/validations.rb:43:in `save!'
/home/travis/.rvm/gems/jruby-9.1.6.0/gems/activerecord-4.2.8/lib/active_record/attribute_methods/dirty.rb:29:in `save!'
/home/travis/.rvm/gems/jruby-9.1.6.0/gems/activerecord-4.2.8/lib/active_record/transactions.rb:291:in `block in save!'
/home/travis/.rvm/gems/jruby-9.1.6.0/gems/activerecord-4.2.8/lib/active_record/transactions.rb:351:in `block in with_transaction_returning_status'
/home/travis/.rvm/gems/jruby-9.1.6.0/gems/activerecord-4.2.8/lib/active_record/connection_adapters/abstract/database_statements.rb:213:in `block in transaction'
/home/travis/.rvm/gems/jruby-9.1.6.0/gems/activerecord-4.2.8/lib/active_record/connection_adapters/abstract/transaction.rb:184:in `within_new_transaction'
/home/travis/.rvm/gems/jruby-9.1.6.0/gems/activerecord-4.2.8/lib/active_record/connection_adapters/abstract/database_statements.rb:213:in `transaction'
/home/travis/.rvm/gems/jruby-9.1.6.0/gems/activerecord-4.2.8/lib/active_record/transactions.rb:220:in `transaction'
/home/travis/.rvm/gems/jruby-9.1.6.0/gems/activerecord-4.2.8/lib/active_record/transactions.rb:348:in `with_transaction_returning_status'
/home/travis/.rvm/gems/jruby-9.1.6.0/gems/activerecord-4.2.8/lib/active_record/transactions.rb:291:in `save!'
/home/travis/.rvm/gems/jruby-9.1.6.0/gems/activerecord-4.2.8/lib/active_record/persistence.rb:51:in `create!'
/home/travis/build/jruby/activerecord-jdbc-adapter/test/db/postgresql/hstore_test.rb:184:in `test_hstore_array_column'
     181:   end
     182: 
     183:   def test_hstore_array_column
[40;33;1m  => 184:     hstore = Hstore.create! :array => [ { '1' => 'a' },{ :'2' => :'b' } ][0m
     185:     assert_equal [ { '1' => 'a'},{ '2' => 'b' } ], hstore.reload.array
     186:   end
     187: 
[40;33;1m===============================================================================[0m
[42;37;1m.[0m[40;33;1mE[0m
[40;33;1m===============================================================================[0m
[40;33;1mError[0m: test_multiline(PostgreSQLHstoreTest)
  ActiveRecord::StatementInvalid: ActiveRecord::JDBCError: org.postgresql.util.PSQLException: ERROR: column "tags" is of type hstore but expression is of type character varying
    Hint: You will need to rewrite or cast the expression.
    Position: 40: INSERT INTO "hstores" ("tags") VALUES (?) RETURNING ("id")
arjdbc/jdbc/RubyJdbcConnection.java:929:in `execute_query'
/home/travis/build/jruby/activerecord-jdbc-adapter/lib/arjdbc/jdbc/adapter.rb:455:in `block in exec_query'
/home/travis/.rvm/gems/jruby-9.1.6.0/gems/activerecord-4.2.8/lib/active_record/connection_adapters/abstract_adapter.rb:484:in `block in log'
/home/travis/.rvm/gems/jruby-9.1.6.0/gems/activesupport-4.2.8/lib/active_support/notifications/instrumenter.rb:20:in `instrument'
/home/travis/.rvm/gems/jruby-9.1.6.0/gems/activerecord-4.2.8/lib/active_record/connection_adapters/abstract_adapter.rb:478:in `log'
/home/travis/build/jruby/activerecord-jdbc-adapter/lib/arjdbc/jdbc/adapter.rb:455:in `exec_query'
/home/travis/build/jruby/activerecord-jdbc-adapter/lib/arjdbc/postgresql/adapter.rb:590:in `exec_insert'
/home/travis/.rvm/gems/jruby-9.1.6.0/gems/activerecord-4.2.8/lib/active_record/connection_adapters/abstract/database_statements.rb:108:in `insert'
/home/travis/.rvm/gems/jruby-9.1.6.0/gems/activerecord-4.2.8/lib/active_record/connection_adapters/abstract/query_cache.rb:14:in `insert'
/home/travis/.rvm/gems/jruby-9.1.6.0/gems/activerecord-4.2.8/lib/active_record/relation.rb:64:in `insert'
/home/travis/.rvm/gems/jruby-9.1.6.0/gems/activerecord-4.2.8/lib/active_record/persistence.rb:524:in `_create_record'
/home/travis/.rvm/gems/jruby-9.1.6.0/gems/activerecord-4.2.8/lib/active_record/counter_cache.rb:139:in `_create_record'
/home/travis/.rvm/gems/jruby-9.1.6.0/gems/activerecord-4.2.8/lib/active_record/locking/optimistic.rb:75:in `_create_record'
/home/travis/.rvm/gems/jruby-9.1.6.0/gems/activerecord-4.2.8/lib/active_record/attribute_methods/dirty.rb:133:in `_create_record'
/home/travis/.rvm/gems/jruby-9.1.6.0/gems/activerecord-4.2.8/lib/active_record/callbacks.rb:306:in `block in _create_record'
/home/travis/.rvm/gems/jruby-9.1.6.0/gems/activesupport-4.2.8/lib/active_support/callbacks.rb:88:in `__run_callbacks__'
/home/travis/.rvm/gems/jruby-9.1.6.0/gems/activesupport-4.2.8/lib/active_support/callbacks.rb:778:in `_run_create_callbacks'
/home/travis/.rvm/gems/jruby-9.1.6.0/gems/activerecord-4.2.8/lib/active_record/callbacks.rb:306:in `_create_record'
/home/travis/.rvm/gems/jruby-9.1.6.0/gems/activerecord-4.2.8/lib/active_record/timestamp.rb:57:in `_create_record'
/home/travis/.rvm/gems/jruby-9.1.6.0/gems/activerecord-4.2.8/lib/active_record/persistence.rb:504:in `create_or_update'
/home/travis/.rvm/gems/jruby-9.1.6.0/gems/activerecord-4.2.8/lib/active_record/callbacks.rb:302:in `block in create_or_update'
/home/travis/.rvm/gems/jruby-9.1.6.0/gems/activesupport-4.2.8/lib/active_support/callbacks.rb:88:in `__run_callbacks__'
/home/travis/.rvm/gems/jruby-9.1.6.0/gems/activesupport-4.2.8/lib/active_support/callbacks.rb:778:in `_run_save_callbacks'
/home/travis/.rvm/gems/jruby-9.1.6.0/gems/activerecord-4.2.8/lib/active_record/callbacks.rb:302:in `create_or_update'
/home/travis/.rvm/gems/jruby-9.1.6.0/gems/activerecord-4.2.8/lib/active_record/persistence.rb:142:in `save!'
/home/travis/.rvm/gems/jruby-9.1.6.0/gems/activerecord-4.2.8/lib/active_record/validations.rb:43:in `save!'
/home/travis/.rvm/gems/jruby-9.1.6.0/gems/activerecord-4.2.8/lib/active_record/attribute_methods/dirty.rb:29:in `save!'
/home/travis/.rvm/gems/jruby-9.1.6.0/gems/activerecord-4.2.8/lib/active_record/transactions.rb:291:in `block in save!'
/home/travis/.rvm/gems/jruby-9.1.6.0/gems/activerecord-4.2.8/lib/active_record/transactions.rb:351:in `block in with_transaction_returning_status'
/home/travis/.rvm/gems/jruby-9.1.6.0/gems/activerecord-4.2.8/lib/active_record/connection_adapters/abstract/database_statements.rb:213:in `block in transaction'
/home/travis/.rvm/gems/jruby-9.1.6.0/gems/activerecord-4.2.8/lib/active_record/connection_adapters/abstract/transaction.rb:184:in `within_new_transaction'
/home/travis/.rvm/gems/jruby-9.1.6.0/gems/activerecord-4.2.8/lib/active_record/connection_adapters/abstract/database_statements.rb:213:in `transaction'
/home/travis/.rvm/gems/jruby-9.1.6.0/gems/activerecord-4.2.8/lib/active_record/transactions.rb:220:in `transaction'
/home/travis/.rvm/gems/jruby-9.1.6.0/gems/activerecord-4.2.8/lib/active_record/transactions.rb:348:in `with_transaction_returning_status'
/home/travis/.rvm/gems/jruby-9.1.6.0/gems/activerecord-4.2.8/lib/active_record/transactions.rb:291:in `save!'
/home/travis/.rvm/gems/jruby-9.1.6.0/gems/activerecord-4.2.8/lib/active_record/persistence.rb:51:in `create!'
/home/travis/build/jruby/activerecord-jdbc-adapter/test/db/postgresql/hstore_test.rb:216:in `assert_cycle'
/home/travis/build/jruby/activerecord-jdbc-adapter/test/db/postgresql/hstore_test.rb:180:in `test_multiline'
     177:   end
     178: 
     179:   def test_multiline
[40;33;1m  => 180:     assert_cycle("a\nb" => "c\nd")[0m
     181:   end
     182: 
     183:   def test_hstore_array_column
[40;33;1m===============================================================================[0m
[40;33;1mE[0m
[40;33;1m===============================================================================[0m
[40;33;1mError[0m: test_nil(PostgreSQLHstoreTest)
  ActiveRecord::StatementInvalid: ActiveRecord::JDBCError: org.postgresql.util.PSQLException: ERROR: column "tags" is of type hstore but expression is of type character varying
    Hint: You will need to rewrite or cast the expression.
    Position: 40: INSERT INTO "hstores" ("tags") VALUES (?) RETURNING ("id")
arjdbc/jdbc/RubyJdbcConnection.java:929:in `execute_query'
/home/travis/build/jruby/activerecord-jdbc-adapter/lib/arjdbc/jdbc/adapter.rb:455:in `block in exec_query'
/home/travis/.rvm/gems/jruby-9.1.6.0/gems/activerecord-4.2.8/lib/active_record/connection_adapters/abstract_adapter.rb:484:in `block in log'
/home/travis/.rvm/gems/jruby-9.1.6.0/gems/activesupport-4.2.8/lib/active_support/notifications/instrumenter.rb:20:in `instrument'
/home/travis/.rvm/gems/jruby-9.1.6.0/gems/activerecord-4.2.8/lib/active_record/connection_adapters/abstract_adapter.rb:478:in `log'
/home/travis/build/jruby/activerecord-jdbc-adapter/lib/arjdbc/jdbc/adapter.rb:455:in `exec_query'
/home/travis/build/jruby/activerecord-jdbc-adapter/lib/arjdbc/postgresql/adapter.rb:590:in `exec_insert'
/home/travis/.rvm/gems/jruby-9.1.6.0/gems/activerecord-4.2.8/lib/active_record/connection_adapters/abstract/database_statements.rb:108:in `insert'
/home/travis/.rvm/gems/jruby-9.1.6.0/gems/activerecord-4.2.8/lib/active_record/connection_adapters/abstract/query_cache.rb:14:in `insert'
/home/travis/.rvm/gems/jruby-9.1.6.0/gems/activerecord-4.2.8/lib/active_record/relation.rb:64:in `insert'
/home/travis/.rvm/gems/jruby-9.1.6.0/gems/activerecord-4.2.8/lib/active_record/persistence.rb:524:in `_create_record'
/home/travis/.rvm/gems/jruby-9.1.6.0/gems/activerecord-4.2.8/lib/active_record/counter_cache.rb:139:in `_create_record'
/home/travis/.rvm/gems/jruby-9.1.6.0/gems/activerecord-4.2.8/lib/active_record/locking/optimistic.rb:75:in `_create_record'
/home/travis/.rvm/gems/jruby-9.1.6.0/gems/activerecord-4.2.8/lib/active_record/attribute_methods/dirty.rb:133:in `_create_record'
/home/travis/.rvm/gems/jruby-9.1.6.0/gems/activerecord-4.2.8/lib/active_record/callbacks.rb:306:in `block in _create_record'
/home/travis/.rvm/gems/jruby-9.1.6.0/gems/activesupport-4.2.8/lib/active_support/callbacks.rb:88:in `__run_callbacks__'
/home/travis/.rvm/gems/jruby-9.1.6.0/gems/activesupport-4.2.8/lib/active_support/callbacks.rb:778:in `_run_create_callbacks'
/home/travis/.rvm/gems/jruby-9.1.6.0/gems/activerecord-4.2.8/lib/active_record/callbacks.rb:306:in `_create_record'
/home/travis/.rvm/gems/jruby-9.1.6.0/gems/activerecord-4.2.8/lib/active_record/timestamp.rb:57:in `_create_record'
/home/travis/.rvm/gems/jruby-9.1.6.0/gems/activerecord-4.2.8/lib/active_record/persistence.rb:504:in `create_or_update'
/home/travis/.rvm/gems/jruby-9.1.6.0/gems/activerecord-4.2.8/lib/active_record/callbacks.rb:302:in `block in create_or_update'
/home/travis/.rvm/gems/jruby-9.1.6.0/gems/activesupport-4.2.8/lib/active_support/callbacks.rb:88:in `__run_callbacks__'
/home/travis/.rvm/gems/jruby-9.1.6.0/gems/activesupport-4.2.8/lib/active_support/callbacks.rb:778:in `_run_save_callbacks'
/home/travis/.rvm/gems/jruby-9.1.6.0/gems/activerecord-4.2.8/lib/active_record/callbacks.rb:302:in `create_or_update'
/home/travis/.rvm/gems/jruby-9.1.6.0/gems/activerecord-4.2.8/lib/active_record/persistence.rb:142:in `save!'
/home/travis/.rvm/gems/jruby-9.1.6.0/gems/activerecord-4.2.8/lib/active_record/validations.rb:43:in `save!'
/home/travis/.rvm/gems/jruby-9.1.6.0/gems/activerecord-4.2.8/lib/active_record/attribute_methods/dirty.rb:29:in `save!'
/home/travis/.rvm/gems/jruby-9.1.6.0/gems/activerecord-4.2.8/lib/active_record/transactions.rb:291:in `block in save!'
/home/travis/.rvm/gems/jruby-9.1.6.0/gems/activerecord-4.2.8/lib/active_record/transactions.rb:351:in `block in with_transaction_returning_status'
/home/travis/.rvm/gems/jruby-9.1.6.0/gems/activerecord-4.2.8/lib/active_record/connection_adapters/abstract/database_statements.rb:213:in `block in transaction'
/home/travis/.rvm/gems/jruby-9.1.6.0/gems/activerecord-4.2.8/lib/active_record/connection_adapters/abstract/transaction.rb:184:in `within_new_transaction'
/home/travis/.rvm/gems/jruby-9.1.6.0/gems/activerecord-4.2.8/lib/active_record/connection_adapters/abstract/database_statements.rb:213:in `transaction'
/home/travis/.rvm/gems/jruby-9.1.6.0/gems/activerecord-4.2.8/lib/active_record/transactions.rb:220:in `transaction'
/home/travis/.rvm/gems/jruby-9.1.6.0/gems/activerecord-4.2.8/lib/active_record/transactions.rb:348:in `with_transaction_returning_status'
/home/travis/.rvm/gems/jruby-9.1.6.0/gems/activerecord-4.2.8/lib/active_record/transactions.rb:291:in `save!'
/home/travis/.rvm/gems/jruby-9.1.6.0/gems/activerecord-4.2.8/lib/active_record/persistence.rb:51:in `create!'
/home/travis/build/jruby/activerecord-jdbc-adapter/test/db/postgresql/hstore_test.rb:216:in `assert_cycle'
/home/travis/build/jruby/activerecord-jdbc-adapter/test/db/postgresql/hstore_test.rb:152:in `test_nil'
     149:   end
     150: 
     151:   def test_nil
[40;33;1m  => 152:     assert_cycle('a' => nil)[0m
     153:   end
     154: 
     155:   def test_quotes
[40;33;1m===============================================================================[0m
[42;37;1m.[0m[40;33;1mE[0m
[40;33;1m===============================================================================[0m
[40;33;1mError[0m: test_quotes(PostgreSQLHstoreTest)
  ActiveRecord::StatementInvalid: ActiveRecord::JDBCError: org.postgresql.util.PSQLException: ERROR: column "tags" is of type hstore but expression is of type character varying
    Hint: You will need to rewrite or cast the expression.
    Position: 40: INSERT INTO "hstores" ("tags") VALUES (?) RETURNING ("id")
arjdbc/jdbc/RubyJdbcConnection.java:929:in `execute_query'
/home/travis/build/jruby/activerecord-jdbc-adapter/lib/arjdbc/jdbc/adapter.rb:455:in `block in exec_query'
/home/travis/.rvm/gems/jruby-9.1.6.0/gems/activerecord-4.2.8/lib/active_record/connection_adapters/abstract_adapter.rb:484:in `block in log'
/home/travis/.rvm/gems/jruby-9.1.6.0/gems/activesupport-4.2.8/lib/active_support/notifications/instrumenter.rb:20:in `instrument'
/home/travis/.rvm/gems/jruby-9.1.6.0/gems/activerecord-4.2.8/lib/active_record/connection_adapters/abstract_adapter.rb:478:in `log'
/home/travis/build/jruby/activerecord-jdbc-adapter/lib/arjdbc/jdbc/adapter.rb:455:in `exec_query'
/home/travis/build/jruby/activerecord-jdbc-adapter/lib/arjdbc/postgresql/adapter.rb:590:in `exec_insert'
/home/travis/.rvm/gems/jruby-9.1.6.0/gems/activerecord-4.2.8/lib/active_record/connection_adapters/abstract/database_statements.rb:108:in `insert'
/home/travis/.rvm/gems/jruby-9.1.6.0/gems/activerecord-4.2.8/lib/active_record/connection_adapters/abstract/query_cache.rb:14:in `insert'
/home/travis/.rvm/gems/jruby-9.1.6.0/gems/activerecord-4.2.8/lib/active_record/relation.rb:64:in `insert'
/home/travis/.rvm/gems/jruby-9.1.6.0/gems/activerecord-4.2.8/lib/active_record/persistence.rb:524:in `_create_record'
/home/travis/.rvm/gems/jruby-9.1.6.0/gems/activerecord-4.2.8/lib/active_record/counter_cache.rb:139:in `_create_record'
/home/travis/.rvm/gems/jruby-9.1.6.0/gems/activerecord-4.2.8/lib/active_record/locking/optimistic.rb:75:in `_create_record'
/home/travis/.rvm/gems/jruby-9.1.6.0/gems/activerecord-4.2.8/lib/active_record/attribute_methods/dirty.rb:133:in `_create_record'
/home/travis/.rvm/gems/jruby-9.1.6.0/gems/activerecord-4.2.8/lib/active_record/callbacks.rb:306:in `block in _create_record'
/home/travis/.rvm/gems/jruby-9.1.6.0/gems/activesupport-4.2.8/lib/active_support/callbacks.rb:88:in `__run_callbacks__'
/home/travis/.rvm/gems/jruby-9.1.6.0/gems/activesupport-4.2.8/lib/active_support/callbacks.rb:778:in `_run_create_callbacks'
/home/travis/.rvm/gems/jruby-9.1.6.0/gems/activerecord-4.2.8/lib/active_record/callbacks.rb:306:in `_create_record'
/home/travis/.rvm/gems/jruby-9.1.6.0/gems/activerecord-4.2.8/lib/active_record/timestamp.rb:57:in `_create_record'
/home/travis/.rvm/gems/jruby-9.1.6.0/gems/activerecord-4.2.8/lib/active_record/persistence.rb:504:in `create_or_update'
/home/travis/.rvm/gems/jruby-9.1.6.0/gems/activerecord-4.2.8/lib/active_record/callbacks.rb:302:in `block in create_or_update'
/home/travis/.rvm/gems/jruby-9.1.6.0/gems/activesupport-4.2.8/lib/active_support/callbacks.rb:88:in `__run_callbacks__'
/home/travis/.rvm/gems/jruby-9.1.6.0/gems/activesupport-4.2.8/lib/active_support/callbacks.rb:778:in `_run_save_callbacks'
/home/travis/.rvm/gems/jruby-9.1.6.0/gems/activerecord-4.2.8/lib/active_record/callbacks.rb:302:in `create_or_update'
/home/travis/.rvm/gems/jruby-9.1.6.0/gems/activerecord-4.2.8/lib/active_record/persistence.rb:142:in `save!'
/home/travis/.rvm/gems/jruby-9.1.6.0/gems/activerecord-4.2.8/lib/active_record/validations.rb:43:in `save!'
/home/travis/.rvm/gems/jruby-9.1.6.0/gems/activerecord-4.2.8/lib/active_record/attribute_methods/dirty.rb:29:in `save!'
/home/travis/.rvm/gems/jruby-9.1.6.0/gems/activerecord-4.2.8/lib/active_record/transactions.rb:291:in `block in save!'
/home/travis/.rvm/gems/jruby-9.1.6.0/gems/activerecord-4.2.8/lib/active_record/transactions.rb:351:in `block in with_transaction_returning_status'
/home/travis/.rvm/gems/jruby-9.1.6.0/gems/activerecord-4.2.8/lib/active_record/connection_adapters/abstract/database_statements.rb:213:in `block in transaction'
/home/travis/.rvm/gems/jruby-9.1.6.0/gems/activerecord-4.2.8/lib/active_record/connection_adapters/abstract/transaction.rb:184:in `within_new_transaction'
/home/travis/.rvm/gems/jruby-9.1.6.0/gems/activerecord-4.2.8/lib/active_record/connection_adapters/abstract/database_statements.rb:213:in `transaction'
/home/travis/.rvm/gems/jruby-9.1.6.0/gems/activerecord-4.2.8/lib/active_record/transactions.rb:220:in `transaction'
/home/travis/.rvm/gems/jruby-9.1.6.0/gems/activerecord-4.2.8/lib/active_record/transactions.rb:348:in `with_transaction_returning_status'
/home/travis/.rvm/gems/jruby-9.1.6.0/gems/activerecord-4.2.8/lib/active_record/transactions.rb:291:in `save!'
/home/travis/.rvm/gems/jruby-9.1.6.0/gems/activerecord-4.2.8/lib/active_record/persistence.rb:51:in `create!'
/home/travis/build/jruby/activerecord-jdbc-adapter/test/db/postgresql/hstore_test.rb:216:in `assert_cycle'
/home/travis/build/jruby/activerecord-jdbc-adapter/test/db/postgresql/hstore_test.rb:156:in `test_quotes'
     153:   end
     154: 
     155:   def test_quotes
[40;33;1m  => 156:     assert_cycle('a' => 'b"ar', '1"foo' => '2')[0m
     157:   end
     158: 
     159:   def test_whitespace
[40;33;1m===============================================================================[0m
[40;33;1mE[0m
[40;33;1m===============================================================================[0m
[40;33;1mError[0m: test_quoting_special_characters(PostgreSQLHstoreTest)
  ActiveRecord::StatementInvalid: ActiveRecord::JDBCError: org.postgresql.util.PSQLException: ERROR: column "tags" is of type hstore but expression is of type character varying
    Hint: You will need to rewrite or cast the expression.
    Position: 40: INSERT INTO "hstores" ("tags") VALUES (?) RETURNING ("id")
arjdbc/jdbc/RubyJdbcConnection.java:929:in `execute_query'
/home/travis/build/jruby/activerecord-jdbc-adapter/lib/arjdbc/jdbc/adapter.rb:455:in `block in exec_query'
/home/travis/.rvm/gems/jruby-9.1.6.0/gems/activerecord-4.2.8/lib/active_record/connection_adapters/abstract_adapter.rb:484:in `block in log'
/home/travis/.rvm/gems/jruby-9.1.6.0/gems/activesupport-4.2.8/lib/active_support/notifications/instrumenter.rb:20:in `instrument'
/home/travis/.rvm/gems/jruby-9.1.6.0/gems/activerecord-4.2.8/lib/active_record/connection_adapters/abstract_adapter.rb:478:in `log'
/home/travis/build/jruby/activerecord-jdbc-adapter/lib/arjdbc/jdbc/adapter.rb:455:in `exec_query'
/home/travis/build/jruby/activerecord-jdbc-adapter/lib/arjdbc/postgresql/adapter.rb:590:in `exec_insert'
/home/travis/.rvm/gems/jruby-9.1.6.0/gems/activerecord-4.2.8/lib/active_record/connection_adapters/abstract/database_statements.rb:108:in `insert'
/home/travis/.rvm/gems/jruby-9.1.6.0/gems/activerecord-4.2.8/lib/active_record/connection_adapters/abstract/query_cache.rb:14:in `insert'
/home/travis/.rvm/gems/jruby-9.1.6.0/gems/activerecord-4.2.8/lib/active_record/relation.rb:64:in `insert'
/home/travis/.rvm/gems/jruby-9.1.6.0/gems/activerecord-4.2.8/lib/active_record/persistence.rb:524:in `_create_record'
/home/travis/.rvm/gems/jruby-9.1.6.0/gems/activerecord-4.2.8/lib/active_record/counter_cache.rb:139:in `_create_record'
/home/travis/.rvm/gems/jruby-9.1.6.0/gems/activerecord-4.2.8/lib/active_record/locking/optimistic.rb:75:in `_create_record'
/home/travis/.rvm/gems/jruby-9.1.6.0/gems/activerecord-4.2.8/lib/active_record/attribute_methods/dirty.rb:133:in `_create_record'
/home/travis/.rvm/gems/jruby-9.1.6.0/gems/activerecord-4.2.8/lib/active_record/callbacks.rb:306:in `block in _create_record'
/home/travis/.rvm/gems/jruby-9.1.6.0/gems/activesupport-4.2.8/lib/active_support/callbacks.rb:88:in `__run_callbacks__'
/home/travis/.rvm/gems/jruby-9.1.6.0/gems/activesupport-4.2.8/lib/active_support/callbacks.rb:778:in `_run_create_callbacks'
/home/travis/.rvm/gems/jruby-9.1.6.0/gems/activerecord-4.2.8/lib/active_record/callbacks.rb:306:in `_create_record'
/home/travis/.rvm/gems/jruby-9.1.6.0/gems/activerecord-4.2.8/lib/active_record/timestamp.rb:57:in `_create_record'
/home/travis/.rvm/gems/jruby-9.1.6.0/gems/activerecord-4.2.8/lib/active_record/persistence.rb:504:in `create_or_update'
/home/travis/.rvm/gems/jruby-9.1.6.0/gems/activerecord-4.2.8/lib/active_record/callbacks.rb:302:in `block in create_or_update'
/home/travis/.rvm/gems/jruby-9.1.6.0/gems/activesupport-4.2.8/lib/active_support/callbacks.rb:88:in `__run_callbacks__'
/home/travis/.rvm/gems/jruby-9.1.6.0/gems/activesupport-4.2.8/lib/active_support/callbacks.rb:778:in `_run_save_callbacks'
/home/travis/.rvm/gems/jruby-9.1.6.0/gems/activerecord-4.2.8/lib/active_record/callbacks.rb:302:in `create_or_update'
/home/travis/.rvm/gems/jruby-9.1.6.0/gems/activerecord-4.2.8/lib/active_record/persistence.rb:142:in `save!'
/home/travis/.rvm/gems/jruby-9.1.6.0/gems/activerecord-4.2.8/lib/active_record/validations.rb:43:in `save!'
/home/travis/.rvm/gems/jruby-9.1.6.0/gems/activerecord-4.2.8/lib/active_record/attribute_methods/dirty.rb:29:in `save!'
/home/travis/.rvm/gems/jruby-9.1.6.0/gems/activerecord-4.2.8/lib/active_record/transactions.rb:291:in `block in save!'
/home/travis/.rvm/gems/jruby-9.1.6.0/gems/activerecord-4.2.8/lib/active_record/transactions.rb:351:in `block in with_transaction_returning_status'
/home/travis/.rvm/gems/jruby-9.1.6.0/gems/activerecord-4.2.8/lib/active_record/connection_adapters/abstract/database_statements.rb:213:in `block in transaction'
/home/travis/.rvm/gems/jruby-9.1.6.0/gems/activerecord-4.2.8/lib/active_record/connection_adapters/abstract/transaction.rb:184:in `within_new_transaction'
/home/travis/.rvm/gems/jruby-9.1.6.0/gems/activerecord-4.2.8/lib/active_record/connection_adapters/abstract/database_statements.rb:213:in `transaction'
/home/travis/.rvm/gems/jruby-9.1.6.0/gems/activerecord-4.2.8/lib/active_record/transactions.rb:220:in `transaction'
/home/travis/.rvm/gems/jruby-9.1.6.0/gems/activerecord-4.2.8/lib/active_record/transactions.rb:348:in `with_transaction_returning_status'
/home/travis/.rvm/gems/jruby-9.1.6.0/gems/activerecord-4.2.8/lib/active_record/transactions.rb:291:in `save!'
/home/travis/.rvm/gems/jruby-9.1.6.0/gems/activerecord-4.2.8/lib/active_record/persistence.rb:51:in `create!'
/home/travis/build/jruby/activerecord-jdbc-adapter/test/db/postgresql/hstore_test.rb:216:in `assert_cycle'
/home/travis/build/jruby/activerecord-jdbc-adapter/test/db/postgresql/hstore_test.rb:176:in `test_quoting_special_characters'
     173:   end
     174: 
     175:   def test_quoting_special_characters
[40;33;1m  => 176:     assert_cycle('ca' => 'cÃ ', 'ac' => 'Ã c')[0m
     177:   end
     178: 
     179:   def test_multiline
[40;33;1m===============================================================================[0m
[40;33;1mE[0m
[40;33;1m===============================================================================[0m
[40;33;1mError[0m: test_rewrite(PostgreSQLHstoreTest)
  ActiveRecord::StatementInvalid: ActiveRecord::JDBCError: org.postgresql.util.PSQLException: ERROR: column "tags" is of type hstore but expression is of type character varying
    Hint: You will need to rewrite or cast the expression.
    Position: 31: UPDATE "hstores" SET "tags" = ? WHERE "hstores"."id" = ?
arjdbc/jdbc/RubyJdbcConnection.java:694:in `execute_update'
/home/travis/build/jruby/activerecord-jdbc-adapter/lib/arjdbc/jdbc/adapter.rb:506:in `block in exec_update'
/home/travis/.rvm/gems/jruby-9.1.6.0/gems/activerecord-4.2.8/lib/active_record/connection_adapters/abstract_adapter.rb:484:in `block in log'
/home/travis/.rvm/gems/jruby-9.1.6.0/gems/activesupport-4.2.8/lib/active_support/notifications/instrumenter.rb:20:in `instrument'
/home/travis/.rvm/gems/jruby-9.1.6.0/gems/activerecord-4.2.8/lib/active_record/connection_adapters/abstract_adapter.rb:478:in `log'
/home/travis/build/jruby/activerecord-jdbc-adapter/lib/arjdbc/jdbc/adapter.rb:506:in `exec_update'
/home/travis/.rvm/gems/jruby-9.1.6.0/gems/activerecord-4.2.8/lib/active_record/connection_adapters/abstract/database_statements.rb:114:in `update'
/home/travis/.rvm/gems/jruby-9.1.6.0/gems/activerecord-4.2.8/lib/active_record/connection_adapters/abstract/query_cache.rb:14:in `update'
/home/travis/.rvm/gems/jruby-9.1.6.0/gems/activerecord-4.2.8/lib/active_record/relation.rb:88:in `_update_record'
/home/travis/.rvm/gems/jruby-9.1.6.0/gems/activerecord-4.2.8/lib/active_record/persistence.rb:515:in `_update_record'
/home/travis/.rvm/gems/jruby-9.1.6.0/gems/activerecord-4.2.8/lib/active_record/locking/optimistic.rb:79:in `_update_record'
/home/travis/.rvm/gems/jruby-9.1.6.0/gems/activerecord-4.2.8/lib/active_record/attribute_methods/dirty.rb:129:in `_update_record'
/home/travis/.rvm/gems/jruby-9.1.6.0/gems/activerecord-4.2.8/lib/active_record/callbacks.rb:310:in `block in _update_record'
/home/travis/.rvm/gems/jruby-9.1.6.0/gems/activesupport-4.2.8/lib/active_support/callbacks.rb:88:in `__run_callbacks__'
/home/travis/.rvm/gems/jruby-9.1.6.0/gems/activesupport-4.2.8/lib/active_support/callbacks.rb:778:in `_run_update_callbacks'
/home/travis/.rvm/gems/jruby-9.1.6.0/gems/activerecord-4.2.8/lib/active_record/callbacks.rb:310:in `_update_record'
/home/travis/.rvm/gems/jruby-9.1.6.0/gems/activerecord-4.2.8/lib/active_record/timestamp.rb:70:in `_update_record'
/home/travis/.rvm/gems/jruby-9.1.6.0/gems/activerecord-4.2.8/lib/active_record/persistence.rb:504:in `create_or_update'
/home/travis/.rvm/gems/jruby-9.1.6.0/gems/activerecord-4.2.8/lib/active_record/callbacks.rb:302:in `block in create_or_update'
/home/travis/.rvm/gems/jruby-9.1.6.0/gems/activesupport-4.2.8/lib/active_support/callbacks.rb:88:in `__run_callbacks__'
/home/travis/.rvm/gems/jruby-9.1.6.0/gems/activesupport-4.2.8/lib/active_support/callbacks.rb:778:in `_run_save_callbacks'
/home/travis/.rvm/gems/jruby-9.1.6.0/gems/activerecord-4.2.8/lib/active_record/callbacks.rb:302:in `create_or_update'
/home/travis/.rvm/gems/jruby-9.1.6.0/gems/activerecord-4.2.8/lib/active_record/persistence.rb:142:in `save!'
/home/travis/.rvm/gems/jruby-9.1.6.0/gems/activerecord-4.2.8/lib/active_record/validations.rb:43:in `save!'
/home/travis/.rvm/gems/jruby-9.1.6.0/gems/activerecord-4.2.8/lib/active_record/attribute_methods/dirty.rb:29:in `save!'
/home/travis/.rvm/gems/jruby-9.1.6.0/gems/activerecord-4.2.8/lib/active_record/transactions.rb:291:in `block in save!'
/home/travis/.rvm/gems/jruby-9.1.6.0/gems/activerecord-4.2.8/lib/active_record/transactions.rb:351:in `block in with_transaction_returning_status'
/home/travis/.rvm/gems/jruby-9.1.6.0/gems/activerecord-4.2.8/lib/active_record/connection_adapters/abstract/database_statements.rb:213:in `block in transaction'
/home/travis/.rvm/gems/jruby-9.1.6.0/gems/activerecord-4.2.8/lib/active_record/connection_adapters/abstract/transaction.rb:184:in `within_new_transaction'
/home/travis/.rvm/gems/jruby-9.1.6.0/gems/activerecord-4.2.8/lib/active_record/connection_adapters/abstract/database_statements.rb:213:in `transaction'
/home/travis/.rvm/gems/jruby-9.1.6.0/gems/activerecord-4.2.8/lib/active_record/transactions.rb:220:in `transaction'
/home/travis/.rvm/gems/jruby-9.1.6.0/gems/activerecord-4.2.8/lib/active_record/transactions.rb:348:in `with_transaction_returning_status'
/home/travis/.rvm/gems/jruby-9.1.6.0/gems/activerecord-4.2.8/lib/active_record/transactions.rb:291:in `save!'
/home/travis/build/jruby/activerecord-jdbc-adapter/test/db/postgresql/hstore_test.rb:117:in `test_rewrite'
     114:     @connection.execute "insert into hstores (tags) VALUES ('1=>2')"
     115:     x = Hstore.first
     116:     x.tags = { '"a\'' => 'b' }
[40;33;1m  => 117:     assert x.save![0m
     118:   end
     119: 
     120:   def test_select
[40;33;1m===============================================================================[0m
[42;37;1m.[0m[42;37;1m.[0m[42;37;1m.[0m[42;37;1m.[0m[40;33;1mE[0m
[40;33;1m===============================================================================[0m
[40;33;1mError[0m: test_whitespace(PostgreSQLHstoreTest)
  ActiveRecord::StatementInvalid: ActiveRecord::JDBCError: org.postgresql.util.PSQLException: ERROR: column "tags" is of type hstore but expression is of type character varying
    Hint: You will need to rewrite or cast the expression.
    Position: 40: INSERT INTO "hstores" ("tags") VALUES (?) RETURNING ("id")
arjdbc/jdbc/RubyJdbcConnection.java:929:in `execute_query'
/home/travis/build/jruby/activerecord-jdbc-adapter/lib/arjdbc/jdbc/adapter.rb:455:in `block in exec_query'
/home/travis/.rvm/gems/jruby-9.1.6.0/gems/activerecord-4.2.8/lib/active_record/connection_adapters/abstract_adapter.rb:484:in `block in log'
/home/travis/.rvm/gems/jruby-9.1.6.0/gems/activesupport-4.2.8/lib/active_support/notifications/instrumenter.rb:20:in `instrument'
/home/travis/.rvm/gems/jruby-9.1.6.0/gems/activerecord-4.2.8/lib/active_record/connection_adapters/abstract_adapter.rb:478:in `log'
/home/travis/build/jruby/activerecord-jdbc-adapter/lib/arjdbc/jdbc/adapter.rb:455:in `exec_query'
/home/travis/build/jruby/activerecord-jdbc-adapter/lib/arjdbc/postgresql/adapter.rb:590:in `exec_insert'
/home/travis/.rvm/gems/jruby-9.1.6.0/gems/activerecord-4.2.8/lib/active_record/connection_adapters/abstract/database_statements.rb:108:in `insert'
/home/travis/.rvm/gems/jruby-9.1.6.0/gems/activerecord-4.2.8/lib/active_record/connection_adapters/abstract/query_cache.rb:14:in `insert'
/home/travis/.rvm/gems/jruby-9.1.6.0/gems/activerecord-4.2.8/lib/active_record/relation.rb:64:in `insert'
/home/travis/.rvm/gems/jruby-9.1.6.0/gems/activerecord-4.2.8/lib/active_record/persistence.rb:524:in `_create_record'
/home/travis/.rvm/gems/jruby-9.1.6.0/gems/activerecord-4.2.8/lib/active_record/counter_cache.rb:139:in `_create_record'
/home/travis/.rvm/gems/jruby-9.1.6.0/gems/activerecord-4.2.8/lib/active_record/locking/optimistic.rb:75:in `_create_record'
/home/travis/.rvm/gems/jruby-9.1.6.0/gems/activerecord-4.2.8/lib/active_record/attribute_methods/dirty.rb:133:in `_create_record'
/home/travis/.rvm/gems/jruby-9.1.6.0/gems/activerecord-4.2.8/lib/active_record/callbacks.rb:306:in `block in _create_record'
/home/travis/.rvm/gems/jruby-9.1.6.0/gems/activesupport-4.2.8/lib/active_support/callbacks.rb:88:in `__run_callbacks__'
/home/travis/.rvm/gems/jruby-9.1.6.0/gems/activesupport-4.2.8/lib/active_support/callbacks.rb:778:in `_run_create_callbacks'
/home/travis/.rvm/gems/jruby-9.1.6.0/gems/activerecord-4.2.8/lib/active_record/callbacks.rb:306:in `_create_record'
/home/travis/.rvm/gems/jruby-9.1.6.0/gems/activerecord-4.2.8/lib/active_record/timestamp.rb:57:in `_create_record'
/home/travis/.rvm/gems/jruby-9.1.6.0/gems/activerecord-4.2.8/lib/active_record/persistence.rb:504:in `create_or_update'
/home/travis/.rvm/gems/jruby-9.1.6.0/gems/activerecord-4.2.8/lib/active_record/callbacks.rb:302:in `block in create_or_update'
/home/travis/.rvm/gems/jruby-9.1.6.0/gems/activesupport-4.2.8/lib/active_support/callbacks.rb:88:in `__run_callbacks__'
/home/travis/.rvm/gems/jruby-9.1.6.0/gems/activesupport-4.2.8/lib/active_support/callbacks.rb:778:in `_run_save_callbacks'
/home/travis/.rvm/gems/jruby-9.1.6.0/gems/activerecord-4.2.8/lib/active_record/callbacks.rb:302:in `create_or_update'
/home/travis/.rvm/gems/jruby-9.1.6.0/gems/activerecord-4.2.8/lib/active_record/persistence.rb:142:in `save!'
/home/travis/.rvm/gems/jruby-9.1.6.0/gems/activerecord-4.2.8/lib/active_record/validations.rb:43:in `save!'
/home/travis/.rvm/gems/jruby-9.1.6.0/gems/activerecord-4.2.8/lib/active_record/attribute_methods/dirty.rb:29:in `save!'
/home/travis/.rvm/gems/jruby-9.1.6.0/gems/activerecord-4.2.8/lib/active_record/transactions.rb:291:in `block in save!'
/home/travis/.rvm/gems/jruby-9.1.6.0/gems/activerecord-4.2.8/lib/active_record/transactions.rb:351:in `block in with_transaction_returning_status'
/home/travis/.rvm/gems/jruby-9.1.6.0/gems/activerecord-4.2.8/lib/active_record/connection_adapters/abstract/database_statements.rb:213:in `block in transaction'
/home/travis/.rvm/gems/jruby-9.1.6.0/gems/activerecord-4.2.8/lib/active_record/connection_adapters/abstract/transaction.rb:184:in `within_new_transaction'
/home/travis/.rvm/gems/jruby-9.1.6.0/gems/activerecord-4.2.8/lib/active_record/connection_adapters/abstract/database_statements.rb:213:in `transaction'
/home/travis/.rvm/gems/jruby-9.1.6.0/gems/activerecord-4.2.8/lib/active_record/transactions.rb:220:in `transaction'
/home/travis/.rvm/gems/jruby-9.1.6.0/gems/activerecord-4.2.8/lib/active_record/transactions.rb:348:in `with_transaction_returning_status'
/home/travis/.rvm/gems/jruby-9.1.6.0/gems/activerecord-4.2.8/lib/active_record/transactions.rb:291:in `save!'
/home/travis/.rvm/gems/jruby-9.1.6.0/gems/activerecord-4.2.8/lib/active_record/persistence.rb:51:in `create!'
/home/travis/build/jruby/activerecord-jdbc-adapter/test/db/postgresql/hstore_test.rb:216:in `assert_cycle'
/home/travis/build/jruby/activerecord-jdbc-adapter/test/db/postgresql/hstore_test.rb:160:in `test_whitespace'
     157:   end
     158: 
     159:   def test_whitespace
[40;33;1m  => 160:     assert_cycle('a b' => 'b ar', '1"foo' => '2')[0m
     161:   end
     162: 
     163:   def test_backslash
[40;33;1m===============================================================================[0m
[42;37;1m.[0m[44;37;1mO[0m
[44;37;1m===============================================================================[0m
[44;37;1mdo not test on PG without jsonb[0m [test_change_table_supports_jsonb(PostgreSQLJSONBTest)]
/home/travis/build/jruby/activerecord-jdbc-adapter/test/db/postgresql/jsonb_test.rb:20:in `setup'
[44;37;1m===============================================================================[0m
[44;37;1mO[0m
[44;37;1m===============================================================================[0m
[44;37;1mdo not test on PG without jsonb[0m [test_column(PostgreSQLJSONBTest)]
/home/travis/build/jruby/activerecord-jdbc-adapter/test/db/postgresql/jsonb_test.rb:20:in `setup'
[44;37;1m===============================================================================[0m
[44;37;1mO[0m
[44;37;1m===============================================================================[0m
[44;37;1mdo not test on PG without jsonb[0m [test_null_jsonb(PostgreSQLJSONBTest)]
/home/travis/build/jruby/activerecord-jdbc-adapter/test/db/postgresql/jsonb_test.rb:20:in `setup'
[44;37;1m===============================================================================[0m
[44;37;1mO[0m
[44;37;1m===============================================================================[0m
[44;37;1mdo not test on PG without jsonb[0m [test_rewrite(PostgreSQLJSONBTest)]
/home/travis/build/jruby/activerecord-jdbc-adapter/test/db/postgresql/jsonb_test.rb:20:in `setup'
[44;37;1m===============================================================================[0m
[44;37;1mO[0m
[44;37;1m===============================================================================[0m
[44;37;1mdo not test on PG without jsonb[0m [test_rewrite_array_jsonb_value(PostgreSQLJSONBTest)]
/home/travis/build/jruby/activerecord-jdbc-adapter/test/db/postgresql/jsonb_test.rb:20:in `setup'
[44;37;1m===============================================================================[0m
[44;37;1mO[0m
[44;37;1m===============================================================================[0m
[44;37;1mdo not test on PG without jsonb[0m [test_select(PostgreSQLJSONBTest)]
/home/travis/build/jruby/activerecord-jdbc-adapter/test/db/postgresql/jsonb_test.rb:20:in `setup'
[44;37;1m===============================================================================[0m
[44;37;1mO[0m
[44;37;1m===============================================================================[0m
[44;37;1mdo not test on PG without jsonb[0m [test_select_array_jsonb_value(PostgreSQLJSONBTest)]
/home/travis/build/jruby/activerecord-jdbc-adapter/test/db/postgresql/jsonb_test.rb:20:in `setup'
[44;37;1m===============================================================================[0m
[44;37;1mO[0m
[44;37;1m===============================================================================[0m
[44;37;1mdo not test on PG without jsonb[0m [test_select_multikey(PostgreSQLJSONBTest)]
/home/travis/build/jruby/activerecord-jdbc-adapter/test/db/postgresql/jsonb_test.rb:20:in `setup'
[44;37;1m===============================================================================[0m
[42;37;1m.[0m[42;37;1m.[0m[42;37;1m.[0m[42;37;1m.[0m[42;37;1m.[0m[42;37;1m.[0m[42;37;1m.[0m[42;37;1m.[0m[42;37;1m.[0m[42;37;1m.[0m[42;37;1m.[0m[42;37;1m.[0m[42;37;1m.[0m[42;37;1m.[0m[42;37;1m.[0m[42;37;1m.[0m[42;37;1m.[0m[42;37;1m.[0m[42;37;1m.[0m[42;37;1m.[0m[42;37;1m.[0m[42;37;1m.[0m[44;37;1mO[0m
[44;37;1m===============================================================================[0m
[44;37;1mfails with prepared statements[0m [test: serial number(PostgreSQLTableNameTest)]
/home/travis/build/jruby/activerecord-jdbc-adapter/test/db/postgresql/table_name_test.rb:45:in `block in test: serial number'
[44;37;1m===============================================================================[0m
[44;37;1mO[0m
[44;37;1m===============================================================================[0m
[44;37;1mfails with prepared statements[0m [test: serial with trigger(PostgreSQLTableNameTest)]
/home/travis/build/jruby/activerecord-jdbc-adapter/test/db/postgresql/table_name_test.rb:92:in `block in test: serial with trigger'
[44;37;1m===============================================================================[0m
[42;37;1m.[0m[42;37;1m.[0m[42;37;1m.[0m[40;33;1mE[0m
[40;33;1m===============================================================================[0m
[40;33;1mError[0m: test_create_daterange(PostgreSQLTypesTest)
  ActiveRecord::StatementInvalid: NoMethodError: undefined method `range_to_string' for ActiveRecord::ConnectionAdapters::PostgreSQLColumn:Class
  Did you mean?  binary_to_string: INSERT INTO "postgresql_ranges" ("date_range") VALUES (?) RETURNING ("id")
arjdbc/jdbc/RubyJdbcConnection.java:929:in `execute_query'
/home/travis/build/jruby/activerecord-jdbc-adapter/lib/arjdbc/jdbc/adapter.rb:455:in `block in exec_query'
/home/travis/.rvm/gems/jruby-9.1.6.0/gems/activerecord-4.2.8/lib/active_record/connection_adapters/abstract_adapter.rb:484:in `block in log'
/home/travis/.rvm/gems/jruby-9.1.6.0/gems/activesupport-4.2.8/lib/active_support/notifications/instrumenter.rb:20:in `instrument'
/home/travis/.rvm/gems/jruby-9.1.6.0/gems/activerecord-4.2.8/lib/active_record/connection_adapters/abstract_adapter.rb:478:in `log'
/home/travis/build/jruby/activerecord-jdbc-adapter/lib/arjdbc/jdbc/adapter.rb:455:in `exec_query'
/home/travis/build/jruby/activerecord-jdbc-adapter/lib/arjdbc/postgresql/adapter.rb:590:in `exec_insert'
/home/travis/.rvm/gems/jruby-9.1.6.0/gems/activerecord-4.2.8/lib/active_record/connection_adapters/abstract/database_statements.rb:108:in `insert'
/home/travis/.rvm/gems/jruby-9.1.6.0/gems/activerecord-4.2.8/lib/active_record/connection_adapters/abstract/query_cache.rb:14:in `insert'
/home/travis/.rvm/gems/jruby-9.1.6.0/gems/activerecord-4.2.8/lib/active_record/relation.rb:64:in `insert'
/home/travis/.rvm/gems/jruby-9.1.6.0/gems/activerecord-4.2.8/lib/active_record/persistence.rb:524:in `_create_record'
/home/travis/.rvm/gems/jruby-9.1.6.0/gems/activerecord-4.2.8/lib/active_record/counter_cache.rb:139:in `_create_record'
/home/travis/.rvm/gems/jruby-9.1.6.0/gems/activerecord-4.2.8/lib/active_record/locking/optimistic.rb:75:in `_create_record'
/home/travis/.rvm/gems/jruby-9.1.6.0/gems/activerecord-4.2.8/lib/active_record/attribute_methods/dirty.rb:133:in `_create_record'
/home/travis/.rvm/gems/jruby-9.1.6.0/gems/activerecord-4.2.8/lib/active_record/callbacks.rb:306:in `block in _create_record'
/home/travis/.rvm/gems/jruby-9.1.6.0/gems/activesupport-4.2.8/lib/active_support/callbacks.rb:88:in `__run_callbacks__'
/home/travis/.rvm/gems/jruby-9.1.6.0/gems/activesupport-4.2.8/lib/active_support/callbacks.rb:778:in `_run_create_callbacks'
/home/travis/.rvm/gems/jruby-9.1.6.0/gems/activerecord-4.2.8/lib/active_record/callbacks.rb:306:in `_create_record'
/home/travis/.rvm/gems/jruby-9.1.6.0/gems/activerecord-4.2.8/lib/active_record/timestamp.rb:57:in `_create_record'
/home/travis/.rvm/gems/jruby-9.1.6.0/gems/activerecord-4.2.8/lib/active_record/persistence.rb:504:in `create_or_update'
/home/travis/.rvm/gems/jruby-9.1.6.0/gems/activerecord-4.2.8/lib/active_record/callbacks.rb:302:in `block in create_or_update'
/home/travis/.rvm/gems/jruby-9.1.6.0/gems/activesupport-4.2.8/lib/active_support/callbacks.rb:88:in `__run_callbacks__'
/home/travis/.rvm/gems/jruby-9.1.6.0/gems/activesupport-4.2.8/lib/active_support/callbacks.rb:778:in `_run_save_callbacks'
/home/travis/.rvm/gems/jruby-9.1.6.0/gems/activerecord-4.2.8/lib/active_record/callbacks.rb:302:in `create_or_update'
/home/travis/.rvm/gems/jruby-9.1.6.0/gems/activerecord-4.2.8/lib/active_record/persistence.rb:120:in `save'
/home/travis/.rvm/gems/jruby-9.1.6.0/gems/activerecord-4.2.8/lib/active_record/validations.rb:37:in `save'
/home/travis/.rvm/gems/jruby-9.1.6.0/gems/activerecord-4.2.8/lib/active_record/attribute_methods/dirty.rb:21:in `save'
/home/travis/.rvm/gems/jruby-9.1.6.0/gems/activerecord-4.2.8/lib/active_record/transactions.rb:286:in `block in save'
/home/travis/.rvm/gems/jruby-9.1.6.0/gems/activerecord-4.2.8/lib/active_record/transactions.rb:351:in `block in with_transaction_returning_status'
/home/travis/.rvm/gems/jruby-9.1.6.0/gems/activerecord-4.2.8/lib/active_record/connection_adapters/abstract/database_statements.rb:213:in `block in transaction'
/home/travis/.rvm/gems/jruby-9.1.6.0/gems/activerecord-4.2.8/lib/active_record/connection_adapters/abstract/transaction.rb:184:in `within_new_transaction'
/home/travis/.rvm/gems/jruby-9.1.6.0/gems/activerecord-4.2.8/lib/active_record/connection_adapters/abstract/database_statements.rb:213:in `transaction'
/home/travis/.rvm/gems/jruby-9.1.6.0/gems/activerecord-4.2.8/lib/active_record/transactions.rb:220:in `transaction'
/home/travis/.rvm/gems/jruby-9.1.6.0/gems/activerecord-4.2.8/lib/active_record/transactions.rb:348:in `with_transaction_returning_status'
/home/travis/.rvm/gems/jruby-9.1.6.0/gems/activerecord-4.2.8/lib/active_record/transactions.rb:286:in `block in save'
/home/travis/.rvm/gems/jruby-9.1.6.0/gems/activerecord-4.2.8/lib/active_record/transactions.rb:301:in `rollback_active_record_state!'
/home/travis/.rvm/gems/jruby-9.1.6.0/gems/activerecord-4.2.8/lib/active_record/transactions.rb:285:in `save'
/home/travis/build/jruby/activerecord-jdbc-adapter/test/db/postgresql/types_test.rb:462:in `test_create_daterange'
     459:     skip "PostgreSQL 9.2 required for range datatypes" unless supports_ranges?
     460:     daterange = Range.new(Date.new(2012, 1, 1), Date.new(2013, 1, 1), true)
     461:     range = PostgresqlRange.new(:date_range => daterange)
[40;33;1m  => 462:     assert range.save[0m
     463:     assert range.reload
     464:     assert_equal daterange, range.date_range
     465:   end if ar_version('4.0')
[40;33;1m===============================================================================[0m
[40;33;1mE[0m
[40;33;1m===============================================================================[0m
[40;33;1mError[0m: test_create_int4range(PostgreSQLTypesTest)
  ActiveRecord::StatementInvalid: NoMethodError: undefined method `range_to_string' for ActiveRecord::ConnectionAdapters::PostgreSQLColumn:Class
  Did you mean?  binary_to_string: INSERT INTO "postgresql_ranges" ("int4_range") VALUES (?) RETURNING ("id")
arjdbc/jdbc/RubyJdbcConnection.java:929:in `execute_query'
/home/travis/build/jruby/activerecord-jdbc-adapter/lib/arjdbc/jdbc/adapter.rb:455:in `block in exec_query'
/home/travis/.rvm/gems/jruby-9.1.6.0/gems/activerecord-4.2.8/lib/active_record/connection_adapters/abstract_adapter.rb:484:in `block in log'
/home/travis/.rvm/gems/jruby-9.1.6.0/gems/activesupport-4.2.8/lib/active_support/notifications/instrumenter.rb:20:in `instrument'
/home/travis/.rvm/gems/jruby-9.1.6.0/gems/activerecord-4.2.8/lib/active_record/connection_adapters/abstract_adapter.rb:478:in `log'
/home/travis/build/jruby/activerecord-jdbc-adapter/lib/arjdbc/jdbc/adapter.rb:455:in `exec_query'
/home/travis/build/jruby/activerecord-jdbc-adapter/lib/arjdbc/postgresql/adapter.rb:590:in `exec_insert'
/home/travis/.rvm/gems/jruby-9.1.6.0/gems/activerecord-4.2.8/lib/active_record/connection_adapters/abstract/database_statements.rb:108:in `insert'
/home/travis/.rvm/gems/jruby-9.1.6.0/gems/activerecord-4.2.8/lib/active_record/connection_adapters/abstract/query_cache.rb:14:in `insert'
/home/travis/.rvm/gems/jruby-9.1.6.0/gems/activerecord-4.2.8/lib/active_record/relation.rb:64:in `insert'
/home/travis/.rvm/gems/jruby-9.1.6.0/gems/activerecord-4.2.8/lib/active_record/persistence.rb:524:in `_create_record'
/home/travis/.rvm/gems/jruby-9.1.6.0/gems/activerecord-4.2.8/lib/active_record/counter_cache.rb:139:in `_create_record'
/home/travis/.rvm/gems/jruby-9.1.6.0/gems/activerecord-4.2.8/lib/active_record/locking/optimistic.rb:75:in `_create_record'
/home/travis/.rvm/gems/jruby-9.1.6.0/gems/activerecord-4.2.8/lib/active_record/attribute_methods/dirty.rb:133:in `_create_record'
/home/travis/.rvm/gems/jruby-9.1.6.0/gems/activerecord-4.2.8/lib/active_record/callbacks.rb:306:in `block in _create_record'
/home/travis/.rvm/gems/jruby-9.1.6.0/gems/activesupport-4.2.8/lib/active_support/callbacks.rb:88:in `__run_callbacks__'
/home/travis/.rvm/gems/jruby-9.1.6.0/gems/activesupport-4.2.8/lib/active_support/callbacks.rb:778:in `_run_create_callbacks'
/home/travis/.rvm/gems/jruby-9.1.6.0/gems/activerecord-4.2.8/lib/active_record/callbacks.rb:306:in `_create_record'
/home/travis/.rvm/gems/jruby-9.1.6.0/gems/activerecord-4.2.8/lib/active_record/timestamp.rb:57:in `_create_record'
/home/travis/.rvm/gems/jruby-9.1.6.0/gems/activerecord-4.2.8/lib/active_record/persistence.rb:504:in `create_or_update'
/home/travis/.rvm/gems/jruby-9.1.6.0/gems/activerecord-4.2.8/lib/active_record/callbacks.rb:302:in `block in create_or_update'
/home/travis/.rvm/gems/jruby-9.1.6.0/gems/activesupport-4.2.8/lib/active_support/callbacks.rb:88:in `__run_callbacks__'
/home/travis/.rvm/gems/jruby-9.1.6.0/gems/activesupport-4.2.8/lib/active_support/callbacks.rb:778:in `_run_save_callbacks'
/home/travis/.rvm/gems/jruby-9.1.6.0/gems/activerecord-4.2.8/lib/active_record/callbacks.rb:302:in `create_or_update'
/home/travis/.rvm/gems/jruby-9.1.6.0/gems/activerecord-4.2.8/lib/active_record/persistence.rb:120:in `save'
/home/travis/.rvm/gems/jruby-9.1.6.0/gems/activerecord-4.2.8/lib/active_record/validations.rb:37:in `save'
/home/travis/.rvm/gems/jruby-9.1.6.0/gems/activerecord-4.2.8/lib/active_record/attribute_methods/dirty.rb:21:in `save'
/home/travis/.rvm/gems/jruby-9.1.6.0/gems/activerecord-4.2.8/lib/active_record/transactions.rb:286:in `block in save'
/home/travis/.rvm/gems/jruby-9.1.6.0/gems/activerecord-4.2.8/lib/active_record/transactions.rb:351:in `block in with_transaction_returning_status'
/home/travis/.rvm/gems/jruby-9.1.6.0/gems/activerecord-4.2.8/lib/active_record/connection_adapters/abstract/database_statements.rb:213:in `block in transaction'
/home/travis/.rvm/gems/jruby-9.1.6.0/gems/activerecord-4.2.8/lib/active_record/connection_adapters/abstract/transaction.rb:184:in `within_new_transaction'
/home/travis/.rvm/gems/jruby-9.1.6.0/gems/activerecord-4.2.8/lib/active_record/connection_adapters/abstract/database_statements.rb:213:in `transaction'
/home/travis/.rvm/gems/jruby-9.1.6.0/gems/activerecord-4.2.8/lib/active_record/transactions.rb:220:in `transaction'
/home/travis/.rvm/gems/jruby-9.1.6.0/gems/activerecord-4.2.8/lib/active_record/transactions.rb:348:in `with_transaction_returning_status'
/home/travis/.rvm/gems/jruby-9.1.6.0/gems/activerecord-4.2.8/lib/active_record/transactions.rb:286:in `block in save'
/home/travis/.rvm/gems/jruby-9.1.6.0/gems/activerecord-4.2.8/lib/active_record/transactions.rb:301:in `rollback_active_record_state!'
/home/travis/.rvm/gems/jruby-9.1.6.0/gems/activerecord-4.2.8/lib/active_record/transactions.rb:285:in `save'
/home/travis/build/jruby/activerecord-jdbc-adapter/test/db/postgresql/types_test.rb:484:in `test_create_int4range'
     481:     skip "PostgreSQL 9.2 required for range datatypes" unless supports_ranges?
     482:     int4range = Range.new(3, 50, true)
     483:     range = PostgresqlRange.new(:int4_range => int4range)
[40;33;1m  => 484:     assert range.save[0m
     485:     assert range.reload
     486:     assert_equal range.int4_range, int4range
     487:   end if ar_version('4.0')
[40;33;1m===============================================================================[0m
[40;33;1mE[0m
[40;33;1m===============================================================================[0m
[40;33;1mError[0m: test_create_int8range(PostgreSQLTypesTest)
  ActiveRecord::StatementInvalid: NoMethodError: undefined method `range_to_string' for ActiveRecord::ConnectionAdapters::PostgreSQLColumn:Class
  Did you mean?  binary_to_string: INSERT INTO "postgresql_ranges" ("int8_range") VALUES (?) RETURNING ("id")
arjdbc/jdbc/RubyJdbcConnection.java:929:in `execute_query'
/home/travis/build/jruby/activerecord-jdbc-adapter/lib/arjdbc/jdbc/adapter.rb:455:in `block in exec_query'
/home/travis/.rvm/gems/jruby-9.1.6.0/gems/activerecord-4.2.8/lib/active_record/connection_adapters/abstract_adapter.rb:484:in `block in log'
/home/travis/.rvm/gems/jruby-9.1.6.0/gems/activesupport-4.2.8/lib/active_support/notifications/instrumenter.rb:20:in `instrument'
/home/travis/.rvm/gems/jruby-9.1.6.0/gems/activerecord-4.2.8/lib/active_record/connection_adapters/abstract_adapter.rb:478:in `log'
/home/travis/build/jruby/activerecord-jdbc-adapter/lib/arjdbc/jdbc/adapter.rb:455:in `exec_query'
/home/travis/build/jruby/activerecord-jdbc-adapter/lib/arjdbc/postgresql/adapter.rb:590:in `exec_insert'
/home/travis/.rvm/gems/jruby-9.1.6.0/gems/activerecord-4.2.8/lib/active_record/connection_adapters/abstract/database_statements.rb:108:in `insert'
/home/travis/.rvm/gems/jruby-9.1.6.0/gems/activerecord-4.2.8/lib/active_record/connection_adapters/abstract/query_cache.rb:14:in `insert'
/home/travis/.rvm/gems/jruby-9.1.6.0/gems/activerecord-4.2.8/lib/active_record/relation.rb:64:in `insert'
/home/travis/.rvm/gems/jruby-9.1.6.0/gems/activerecord-4.2.8/lib/active_record/persistence.rb:524:in `_create_record'
/home/travis/.rvm/gems/jruby-9.1.6.0/gems/activerecord-4.2.8/lib/active_record/counter_cache.rb:139:in `_create_record'
/home/travis/.rvm/gems/jruby-9.1.6.0/gems/activerecord-4.2.8/lib/active_record/locking/optimistic.rb:75:in `_create_record'
/home/travis/.rvm/gems/jruby-9.1.6.0/gems/activerecord-4.2.8/lib/active_record/attribute_methods/dirty.rb:133:in `_create_record'
/home/travis/.rvm/gems/jruby-9.1.6.0/gems/activerecord-4.2.8/lib/active_record/callbacks.rb:306:in `block in _create_record'
/home/travis/.rvm/gems/jruby-9.1.6.0/gems/activesupport-4.2.8/lib/active_support/callbacks.rb:88:in `__run_callbacks__'
/home/travis/.rvm/gems/jruby-9.1.6.0/gems/activesupport-4.2.8/lib/active_support/callbacks.rb:778:in `_run_create_callbacks'
/home/travis/.rvm/gems/jruby-9.1.6.0/gems/activerecord-4.2.8/lib/active_record/callbacks.rb:306:in `_create_record'
/home/travis/.rvm/gems/jruby-9.1.6.0/gems/activerecord-4.2.8/lib/active_record/timestamp.rb:57:in `_create_record'
/home/travis/.rvm/gems/jruby-9.1.6.0/gems/activerecord-4.2.8/lib/active_record/persistence.rb:504:in `create_or_update'
/home/travis/.rvm/gems/jruby-9.1.6.0/gems/activerecord-4.2.8/lib/active_record/callbacks.rb:302:in `block in create_or_update'
/home/travis/.rvm/gems/jruby-9.1.6.0/gems/activesupport-4.2.8/lib/active_support/callbacks.rb:88:in `__run_callbacks__'
/home/travis/.rvm/gems/jruby-9.1.6.0/gems/activesupport-4.2.8/lib/active_support/callbacks.rb:778:in `_run_save_callbacks'
/home/travis/.rvm/gems/jruby-9.1.6.0/gems/activerecord-4.2.8/lib/active_record/callbacks.rb:302:in `create_or_update'
/home/travis/.rvm/gems/jruby-9.1.6.0/gems/activerecord-4.2.8/lib/active_record/persistence.rb:120:in `save'
/home/travis/.rvm/gems/jruby-9.1.6.0/gems/activerecord-4.2.8/lib/active_record/validations.rb:37:in `save'
/home/travis/.rvm/gems/jruby-9.1.6.0/gems/activerecord-4.2.8/lib/active_record/attribute_methods/dirty.rb:21:in `save'
/home/travis/.rvm/gems/jruby-9.1.6.0/gems/activerecord-4.2.8/lib/active_record/transactions.rb:286:in `block in save'
/home/travis/.rvm/gems/jruby-9.1.6.0/gems/activerecord-4.2.8/lib/active_record/transactions.rb:351:in `block in with_transaction_returning_status'
/home/travis/.rvm/gems/jruby-9.1.6.0/gems/activerecord-4.2.8/lib/active_record/connection_adapters/abstract/database_statements.rb:213:in `block in transaction'
/home/travis/.rvm/gems/jruby-9.1.6.0/gems/activerecord-4.2.8/lib/active_record/connection_adapters/abstract/transaction.rb:184:in `within_new_transaction'
/home/travis/.rvm/gems/jruby-9.1.6.0/gems/activerecord-4.2.8/lib/active_record/connection_adapters/abstract/database_statements.rb:213:in `transaction'
/home/travis/.rvm/gems/jruby-9.1.6.0/gems/activerecord-4.2.8/lib/active_record/transactions.rb:220:in `transaction'
/home/travis/.rvm/gems/jruby-9.1.6.0/gems/activerecord-4.2.8/lib/active_record/transactions.rb:348:in `with_transaction_returning_status'
/home/travis/.rvm/gems/jruby-9.1.6.0/gems/activerecord-4.2.8/lib/active_record/transactions.rb:286:in `block in save'
/home/travis/.rvm/gems/jruby-9.1.6.0/gems/activerecord-4.2.8/lib/active_record/transactions.rb:301:in `rollback_active_record_state!'
/home/travis/.rvm/gems/jruby-9.1.6.0/gems/activerecord-4.2.8/lib/active_record/transactions.rb:285:in `save'
/home/travis/build/jruby/activerecord-jdbc-adapter/test/db/postgresql/types_test.rb:506:in `test_create_int8range'
     503:     skip "PostgreSQL 9.2 required for range datatypes" unless supports_ranges?
     504:     int8range = Range.new(30, 50, true)
     505:     range = PostgresqlRange.new(:int8_range => int8range)
[40;33;1m  => 506:     assert range.save[0m
     507:     assert range.reload
     508:     assert_equal int8range, range.int8_range
     509:   end if ar_version('4.0')
[40;33;1m===============================================================================[0m
[40;33;1mE[0m
[40;33;1m===============================================================================[0m
[40;33;1mError[0m: test_create_numrange(PostgreSQLTypesTest)
  ActiveRecord::StatementInvalid: NoMethodError: undefined method `range_to_string' for ActiveRecord::ConnectionAdapters::PostgreSQLColumn:Class
  Did you mean?  binary_to_string: INSERT INTO "postgresql_ranges" ("num_range") VALUES (?) RETURNING ("id")
arjdbc/jdbc/RubyJdbcConnection.java:929:in `execute_query'
/home/travis/build/jruby/activerecord-jdbc-adapter/lib/arjdbc/jdbc/adapter.rb:455:in `block in exec_query'
/home/travis/.rvm/gems/jruby-9.1.6.0/gems/activerecord-4.2.8/lib/active_record/connection_adapters/abstract_adapter.rb:484:in `block in log'
/home/travis/.rvm/gems/jruby-9.1.6.0/gems/activesupport-4.2.8/lib/active_support/notifications/instrumenter.rb:20:in `instrument'
/home/travis/.rvm/gems/jruby-9.1.6.0/gems/activerecord-4.2.8/lib/active_record/connection_adapters/abstract_adapter.rb:478:in `log'
/home/travis/build/jruby/activerecord-jdbc-adapter/lib/arjdbc/jdbc/adapter.rb:455:in `exec_query'
/home/travis/build/jruby/activerecord-jdbc-adapter/lib/arjdbc/postgresql/adapter.rb:590:in `exec_insert'
/home/travis/.rvm/gems/jruby-9.1.6.0/gems/activerecord-4.2.8/lib/active_record/connection_adapters/abstract/database_statements.rb:108:in `insert'
/home/travis/.rvm/gems/jruby-9.1.6.0/gems/activerecord-4.2.8/lib/active_record/connection_adapters/abstract/query_cache.rb:14:in `insert'
/home/travis/.rvm/gems/jruby-9.1.6.0/gems/activerecord-4.2.8/lib/active_record/relation.rb:64:in `insert'
/home/travis/.rvm/gems/jruby-9.1.6.0/gems/activerecord-4.2.8/lib/active_record/persistence.rb:524:in `_create_record'
/home/travis/.rvm/gems/jruby-9.1.6.0/gems/activerecord-4.2.8/lib/active_record/counter_cache.rb:139:in `_create_record'
/home/travis/.rvm/gems/jruby-9.1.6.0/gems/activerecord-4.2.8/lib/active_record/locking/optimistic.rb:75:in `_create_record'
/home/travis/.rvm/gems/jruby-9.1.6.0/gems/activerecord-4.2.8/lib/active_record/attribute_methods/dirty.rb:133:in `_create_record'
/home/travis/.rvm/gems/jruby-9.1.6.0/gems/activerecord-4.2.8/lib/active_record/callbacks.rb:306:in `block in _create_record'
/home/travis/.rvm/gems/jruby-9.1.6.0/gems/activesupport-4.2.8/lib/active_support/callbacks.rb:88:in `__run_callbacks__'
/home/travis/.rvm/gems/jruby-9.1.6.0/gems/activesupport-4.2.8/lib/active_support/callbacks.rb:778:in `_run_create_callbacks'
/home/travis/.rvm/gems/jruby-9.1.6.0/gems/activerecord-4.2.8/lib/active_record/callbacks.rb:306:in `_create_record'
/home/travis/.rvm/gems/jruby-9.1.6.0/gems/activerecord-4.2.8/lib/active_record/timestamp.rb:57:in `_create_record'
/home/travis/.rvm/gems/jruby-9.1.6.0/gems/activerecord-4.2.8/lib/active_record/persistence.rb:504:in `create_or_update'
/home/travis/.rvm/gems/jruby-9.1.6.0/gems/activerecord-4.2.8/lib/active_record/callbacks.rb:302:in `block in create_or_update'
/home/travis/.rvm/gems/jruby-9.1.6.0/gems/activesupport-4.2.8/lib/active_support/callbacks.rb:88:in `__run_callbacks__'
/home/travis/.rvm/gems/jruby-9.1.6.0/gems/activesupport-4.2.8/lib/active_support/callbacks.rb:778:in `_run_save_callbacks'
/home/travis/.rvm/gems/jruby-9.1.6.0/gems/activerecord-4.2.8/lib/active_record/callbacks.rb:302:in `create_or_update'
/home/travis/.rvm/gems/jruby-9.1.6.0/gems/activerecord-4.2.8/lib/active_record/persistence.rb:120:in `save'
/home/travis/.rvm/gems/jruby-9.1.6.0/gems/activerecord-4.2.8/lib/active_record/validations.rb:37:in `save'
/home/travis/.rvm/gems/jruby-9.1.6.0/gems/activerecord-4.2.8/lib/active_record/attribute_methods/dirty.rb:21:in `save'
/home/travis/.rvm/gems/jruby-9.1.6.0/gems/activerecord-4.2.8/lib/active_record/transactions.rb:286:in `block in save'
/home/travis/.rvm/gems/jruby-9.1.6.0/gems/activerecord-4.2.8/lib/active_record/transactions.rb:351:in `block in with_transaction_returning_status'
/home/travis/.rvm/gems/jruby-9.1.6.0/gems/activerecord-4.2.8/lib/active_record/connection_adapters/abstract/database_statements.rb:213:in `block in transaction'
/home/travis/.rvm/gems/jruby-9.1.6.0/gems/activerecord-4.2.8/lib/active_record/connection_adapters/abstract/transaction.rb:184:in `within_new_transaction'
/home/travis/.rvm/gems/jruby-9.1.6.0/gems/activerecord-4.2.8/lib/active_record/connection_adapters/abstract/database_statements.rb:213:in `transaction'
/home/travis/.rvm/gems/jruby-9.1.6.0/gems/activerecord-4.2.8/lib/active_record/transactions.rb:220:in `transaction'
/home/travis/.rvm/gems/jruby-9.1.6.0/gems/activerecord-4.2.8/lib/active_record/transactions.rb:348:in `with_transaction_returning_status'
/home/travis/.rvm/gems/jruby-9.1.6.0/gems/activerecord-4.2.8/lib/active_record/transactions.rb:286:in `block in save'
/home/travis/.rvm/gems/jruby-9.1.6.0/gems/activerecord-4.2.8/lib/active_record/transactions.rb:301:in `rollback_active_record_state!'
/home/travis/.rvm/gems/jruby-9.1.6.0/gems/activerecord-4.2.8/lib/active_record/transactions.rb:285:in `save'
/home/travis/build/jruby/activerecord-jdbc-adapter/test/db/postgresql/types_test.rb:440:in `test_create_numrange'
     437:     skip "PostgreSQL 9.2 required for range datatypes" unless supports_ranges?
     438:     numrange = BigDecimal.new('0.5')...BigDecimal.new('1')
     439:     range = PostgresqlRange.new(:num_range => numrange)
[40;33;1m  => 440:     assert range.save[0m
     441:     assert range.reload
     442:     assert_equal range.num_range, numrange
     443:   end if ar_version('4.0')
[40;33;1m===============================================================================[0m
[40;33;1mE[0m
[40;33;1m===============================================================================[0m
[40;33;1mError[0m: test_create_tsrange(PostgreSQLTypesTest)
  ActiveRecord::StatementInvalid: NoMethodError: undefined method `range_to_string' for ActiveRecord::ConnectionAdapters::PostgreSQLColumn:Class
  Did you mean?  binary_to_string: INSERT INTO "postgresql_ranges" ("ts_range") VALUES (?) RETURNING ("id")
arjdbc/jdbc/RubyJdbcConnection.java:929:in `execute_query'
/home/travis/build/jruby/activerecord-jdbc-adapter/lib/arjdbc/jdbc/adapter.rb:455:in `block in exec_query'
/home/travis/.rvm/gems/jruby-9.1.6.0/gems/activerecord-4.2.8/lib/active_record/connection_adapters/abstract_adapter.rb:484:in `block in log'
/home/travis/.rvm/gems/jruby-9.1.6.0/gems/activesupport-4.2.8/lib/active_support/notifications/instrumenter.rb:20:in `instrument'
/home/travis/.rvm/gems/jruby-9.1.6.0/gems/activerecord-4.2.8/lib/active_record/connection_adapters/abstract_adapter.rb:478:in `log'
/home/travis/build/jruby/activerecord-jdbc-adapter/lib/arjdbc/jdbc/adapter.rb:455:in `exec_query'
/home/travis/build/jruby/activerecord-jdbc-adapter/lib/arjdbc/postgresql/adapter.rb:590:in `exec_insert'
/home/travis/.rvm/gems/jruby-9.1.6.0/gems/activerecord-4.2.8/lib/active_record/connection_adapters/abstract/database_statements.rb:108:in `insert'
/home/travis/.rvm/gems/jruby-9.1.6.0/gems/activerecord-4.2.8/lib/active_record/connection_adapters/abstract/query_cache.rb:14:in `insert'
/home/travis/.rvm/gems/jruby-9.1.6.0/gems/activerecord-4.2.8/lib/active_record/relation.rb:64:in `insert'
/home/travis/.rvm/gems/jruby-9.1.6.0/gems/activerecord-4.2.8/lib/active_record/persistence.rb:524:in `_create_record'
/home/travis/.rvm/gems/jruby-9.1.6.0/gems/activerecord-4.2.8/lib/active_record/counter_cache.rb:139:in `_create_record'
/home/travis/.rvm/gems/jruby-9.1.6.0/gems/activerecord-4.2.8/lib/active_record/locking/optimistic.rb:75:in `_create_record'
/home/travis/.rvm/gems/jruby-9.1.6.0/gems/activerecord-4.2.8/lib/active_record/attribute_methods/dirty.rb:133:in `_create_record'
/home/travis/.rvm/gems/jruby-9.1.6.0/gems/activerecord-4.2.8/lib/active_record/callbacks.rb:306:in `block in _create_record'
/home/travis/.rvm/gems/jruby-9.1.6.0/gems/activesupport-4.2.8/lib/active_support/callbacks.rb:88:in `__run_callbacks__'
/home/travis/.rvm/gems/jruby-9.1.6.0/gems/activesupport-4.2.8/lib/active_support/callbacks.rb:778:in `_run_create_callbacks'
/home/travis/.rvm/gems/jruby-9.1.6.0/gems/activerecord-4.2.8/lib/active_record/callbacks.rb:306:in `_create_record'
/home/travis/.rvm/gems/jruby-9.1.6.0/gems/activerecord-4.2.8/lib/active_record/timestamp.rb:57:in `_create_record'
/home/travis/.rvm/gems/jruby-9.1.6.0/gems/activerecord-4.2.8/lib/active_record/persistence.rb:504:in `create_or_update'
/home/travis/.rvm/gems/jruby-9.1.6.0/gems/activerecord-4.2.8/lib/active_record/callbacks.rb:302:in `block in create_or_update'
/home/travis/.rvm/gems/jruby-9.1.6.0/gems/activesupport-4.2.8/lib/active_support/callbacks.rb:88:in `__run_callbacks__'
/home/travis/.rvm/gems/jruby-9.1.6.0/gems/activesupport-4.2.8/lib/active_support/callbacks.rb:778:in `_run_save_callbacks'
/home/travis/.rvm/gems/jruby-9.1.6.0/gems/activerecord-4.2.8/lib/active_record/callbacks.rb:302:in `create_or_update'
/home/travis/.rvm/gems/jruby-9.1.6.0/gems/activerecord-4.2.8/lib/active_record/persistence.rb:120:in `save'
/home/travis/.rvm/gems/jruby-9.1.6.0/gems/activerecord-4.2.8/lib/active_record/validations.rb:37:in `save'
/home/travis/.rvm/gems/jruby-9.1.6.0/gems/activerecord-4.2.8/lib/active_record/attribute_methods/dirty.rb:21:in `save'
/home/travis/.rvm/gems/jruby-9.1.6.0/gems/activerecord-4.2.8/lib/active_record/transactions.rb:286:in `block in save'
/home/travis/.rvm/gems/jruby-9.1.6.0/gems/activerecord-4.2.8/lib/active_record/transactions.rb:351:in `block in with_transaction_returning_status'
/home/travis/.rvm/gems/jruby-9.1.6.0/gems/activerecord-4.2.8/lib/active_record/connection_adapters/abstract/database_statements.rb:213:in `block in transaction'
/home/travis/.rvm/gems/jruby-9.1.6.0/gems/activerecord-4.2.8/lib/active_record/connection_adapters/abstract/transaction.rb:184:in `within_new_transaction'
/home/travis/.rvm/gems/jruby-9.1.6.0/gems/activerecord-4.2.8/lib/active_record/connection_adapters/abstract/database_statements.rb:213:in `transaction'
/home/travis/.rvm/gems/jruby-9.1.6.0/gems/activerecord-4.2.8/lib/active_record/transactions.rb:220:in `transaction'
/home/travis/.rvm/gems/jruby-9.1.6.0/gems/activerecord-4.2.8/lib/active_record/transactions.rb:348:in `with_transaction_returning_status'
/home/travis/.rvm/gems/jruby-9.1.6.0/gems/activerecord-4.2.8/lib/active_record/transactions.rb:286:in `block in save'
/home/travis/.rvm/gems/jruby-9.1.6.0/gems/activerecord-4.2.8/lib/active_record/transactions.rb:301:in `rollback_active_record_state!'
/home/travis/.rvm/gems/jruby-9.1.6.0/gems/activerecord-4.2.8/lib/active_record/transactions.rb:285:in `save'
/home/travis/build/jruby/activerecord-jdbc-adapter/test/db/postgresql/types_test.rb:417:in `test_create_tsrange'
     414:     tz = ::ActiveRecord::Base.default_timezone
     415:     tsrange = Time.send(tz, 2010, 1, 1, 14, 30, 0)...Time.send(tz, 2011, 2, 2, 14, 30, 0)
     416:     range = PostgresqlRange.new(:ts_range => tsrange)
[40;33;1m  => 417:     assert range.save[0m
     418:     assert range.reload
     419:     assert_equal range.ts_range, tsrange
     420:   end if ar_version('4.0')
[40;33;1m===============================================================================[0m
[40;33;1mE[0m
[40;33;1m===============================================================================[0m
[40;33;1mError[0m: test_create_tstzrange(PostgreSQLTypesTest)
  ActiveRecord::StatementInvalid: NoMethodError: undefined method `range_to_string' for ActiveRecord::ConnectionAdapters::PostgreSQLColumn:Class
  Did you mean?  binary_to_string: INSERT INTO "postgresql_ranges" ("tstz_range") VALUES (?) RETURNING ("id")
arjdbc/jdbc/RubyJdbcConnection.java:929:in `execute_query'
/home/travis/build/jruby/activerecord-jdbc-adapter/lib/arjdbc/jdbc/adapter.rb:455:in `block in exec_query'
/home/travis/.rvm/gems/jruby-9.1.6.0/gems/activerecord-4.2.8/lib/active_record/connection_adapters/abstract_adapter.rb:484:in `block in log'
/home/travis/.rvm/gems/jruby-9.1.6.0/gems/activesupport-4.2.8/lib/active_support/notifications/instrumenter.rb:20:in `instrument'
/home/travis/.rvm/gems/jruby-9.1.6.0/gems/activerecord-4.2.8/lib/active_record/connection_adapters/abstract_adapter.rb:478:in `log'
/home/travis/build/jruby/activerecord-jdbc-adapter/lib/arjdbc/jdbc/adapter.rb:455:in `exec_query'
/home/travis/build/jruby/activerecord-jdbc-adapter/lib/arjdbc/postgresql/adapter.rb:590:in `exec_insert'
/home/travis/.rvm/gems/jruby-9.1.6.0/gems/activerecord-4.2.8/lib/active_record/connection_adapters/abstract/database_statements.rb:108:in `insert'
/home/travis/.rvm/gems/jruby-9.1.6.0/gems/activerecord-4.2.8/lib/active_record/connection_adapters/abstract/query_cache.rb:14:in `insert'
/home/travis/.rvm/gems/jruby-9.1.6.0/gems/activerecord-4.2.8/lib/active_record/relation.rb:64:in `insert'
/home/travis/.rvm/gems/jruby-9.1.6.0/gems/activerecord-4.2.8/lib/active_record/persistence.rb:524:in `_create_record'
/home/travis/.rvm/gems/jruby-9.1.6.0/gems/activerecord-4.2.8/lib/active_record/counter_cache.rb:139:in `_create_record'
/home/travis/.rvm/gems/jruby-9.1.6.0/gems/activerecord-4.2.8/lib/active_record/locking/optimistic.rb:75:in `_create_record'
/home/travis/.rvm/gems/jruby-9.1.6.0/gems/activerecord-4.2.8/lib/active_record/attribute_methods/dirty.rb:133:in `_create_record'
/home/travis/.rvm/gems/jruby-9.1.6.0/gems/activerecord-4.2.8/lib/active_record/callbacks.rb:306:in `block in _create_record'
/home/travis/.rvm/gems/jruby-9.1.6.0/gems/activesupport-4.2.8/lib/active_support/callbacks.rb:88:in `__run_callbacks__'
/home/travis/.rvm/gems/jruby-9.1.6.0/gems/activesupport-4.2.8/lib/active_support/callbacks.rb:778:in `_run_create_callbacks'
/home/travis/.rvm/gems/jruby-9.1.6.0/gems/activerecord-4.2.8/lib/active_record/callbacks.rb:306:in `_create_record'
/home/travis/.rvm/gems/jruby-9.1.6.0/gems/activerecord-4.2.8/lib/active_record/timestamp.rb:57:in `_create_record'
/home/travis/.rvm/gems/jruby-9.1.6.0/gems/activerecord-4.2.8/lib/active_record/persistence.rb:504:in `create_or_update'
/home/travis/.rvm/gems/jruby-9.1.6.0/gems/activerecord-4.2.8/lib/active_record/callbacks.rb:302:in `block in create_or_update'
/home/travis/.rvm/gems/jruby-9.1.6.0/gems/activesupport-4.2.8/lib/active_support/callbacks.rb:88:in `__run_callbacks__'
/home/travis/.rvm/gems/jruby-9.1.6.0/gems/activesupport-4.2.8/lib/active_support/callbacks.rb:778:in `_run_save_callbacks'
/home/travis/.rvm/gems/jruby-9.1.6.0/gems/activerecord-4.2.8/lib/active_record/callbacks.rb:302:in `create_or_update'
/home/travis/.rvm/gems/jruby-9.1.6.0/gems/activerecord-4.2.8/lib/active_record/persistence.rb:120:in `save'
/home/travis/.rvm/gems/jruby-9.1.6.0/gems/activerecord-4.2.8/lib/active_record/validations.rb:37:in `save'
/home/travis/.rvm/gems/jruby-9.1.6.0/gems/activerecord-4.2.8/lib/active_record/attribute_methods/dirty.rb:21:in `save'
/home/travis/.rvm/gems/jruby-9.1.6.0/gems/activerecord-4.2.8/lib/active_record/transactions.rb:286:in `block in save'
/home/travis/.rvm/gems/jruby-9.1.6.0/gems/activerecord-4.2.8/lib/active_record/transactions.rb:351:in `block in with_transaction_returning_status'
/home/travis/.rvm/gems/jruby-9.1.6.0/gems/activerecord-4.2.8/lib/active_record/connection_adapters/abstract/database_statements.rb:213:in `block in transaction'
/home/travis/.rvm/gems/jruby-9.1.6.0/gems/activerecord-4.2.8/lib/active_record/connection_adapters/abstract/transaction.rb:184:in `within_new_transaction'
/home/travis/.rvm/gems/jruby-9.1.6.0/gems/activerecord-4.2.8/lib/active_record/connection_adapters/abstract/database_statements.rb:213:in `transaction'
/home/travis/.rvm/gems/jruby-9.1.6.0/gems/activerecord-4.2.8/lib/active_record/transactions.rb:220:in `transaction'
/home/travis/.rvm/gems/jruby-9.1.6.0/gems/activerecord-4.2.8/lib/active_record/transactions.rb:348:in `with_transaction_returning_status'
/home/travis/.rvm/gems/jruby-9.1.6.0/gems/activerecord-4.2.8/lib/active_record/transactions.rb:286:in `block in save'
/home/travis/.rvm/gems/jruby-9.1.6.0/gems/activerecord-4.2.8/lib/active_record/transactions.rb:301:in `rollback_active_record_state!'
/home/travis/.rvm/gems/jruby-9.1.6.0/gems/activerecord-4.2.8/lib/active_record/transactions.rb:285:in `save'
/home/travis/build/jruby/activerecord-jdbc-adapter/test/db/postgresql/types_test.rb:393:in `test_create_tstzrange'
     390:     skip "PostgreSQL 9.2 required for range datatypes" unless supports_ranges?
     391:     tstzrange = Time.parse('2010-01-01 14:30:00 +0100')...Time.parse('2011-02-02 14:30:00 CDT')
     392:     range = PostgresqlRange.new(:tstz_range => tstzrange)
[40;33;1m  => 393:     assert range.save[0m
     394:     assert range.reload
     395:     assert_equal range.tstz_range, tstzrange
     396:     assert_equal range.tstz_range, Time.parse('2010-01-01 13:30:00 UTC')...Time.parse('2011-02-02 19:30:00 UTC')
[40;33;1m===============================================================================[0m
[42;37;1m.[0m[42;37;1m.[0m[42;37;1m.[0m[42;37;1m.[0m[42;37;1m.[0m[42;37;1m.[0m[42;37;1m.[0m[42;37;1m.[0m[42;37;1m.[0m[42;37;1m.[0m[42;37;1m.[0m[45;37;1mP[0m
[45;37;1m===============================================================================[0m
[45;37;1mPending[0m: not supported by driver
test_hex_to_bit_string(PostgreSQLTypesTest)
/home/travis/build/jruby/activerecord-jdbc-adapter/test/db/postgresql/types_test.rb:680:in `test_hex_to_bit_string'
     677:   end if ar_version('4.0') && !ar_version('4.2')
     678: 
     679:   def test_hex_to_bit_string
[45;37;1m  => 680:     pend 'not supported by driver' if prepared_statements?[0m
     681:     @first_bit_string.bit_string = 'FF'
     682:     disable_logger do
     683:       @first_bit_string.save
[45;37;1m===============================================================================[0m
[42;37;1m.[0m[42;37;1m.[0m[42;37;1m.[0m[42;37;1m.[0m[42;37;1m.[0m[42;37;1m.[0m[42;37;1m.[0m[42;37;1m.[0m[42;37;1m.[0m[42;37;1m.[0m[42;37;1m.[0m[42;37;1m.[0m[42;37;1m.[0m[42;37;1m.[0m[42;37;1m.[0m[45;37;1mP[0m
[45;37;1m===============================================================================[0m
[45;37;1mPending[0m: not supported by driver
test_update_bit_string(PostgreSQLTypesTest)
/home/travis/build/jruby/activerecord-jdbc-adapter/test/db/postgresql/types_test.rb:654:in `test_update_bit_string'
     651: 
     652:   def test_update_bit_string
     653: 
[45;37;1m  => 654:     pend 'not supported by driver' if prepared_statements?[0m
     655:     # org.postgresql.util.PSQLException: ERROR: column "bit_string" is of type bit but expression is of type character varying
     656:     # NOTE: possible work-aroud would be if AREL generated a query like :
     657:     # "INSERT INTO bit_strings VALUES (?::bit)"
[45;37;1m===============================================================================[0m
[40;33;1mE[0m
[40;33;1m===============================================================================[0m
[40;33;1mError[0m: test_update_daterange(PostgreSQLTypesTest)
  ActiveRecord::StatementInvalid: NoMethodError: undefined method `range_to_string' for ActiveRecord::ConnectionAdapters::PostgreSQLColumn:Class
  Did you mean?  binary_to_string: UPDATE "postgresql_ranges" SET "date_range" = ? WHERE "postgresql_ranges"."id" = ?
arjdbc/jdbc/RubyJdbcConnection.java:694:in `execute_update'
/home/travis/build/jruby/activerecord-jdbc-adapter/lib/arjdbc/jdbc/adapter.rb:506:in `block in exec_update'
/home/travis/.rvm/gems/jruby-9.1.6.0/gems/activerecord-4.2.8/lib/active_record/connection_adapters/abstract_adapter.rb:484:in `block in log'
/home/travis/.rvm/gems/jruby-9.1.6.0/gems/activesupport-4.2.8/lib/active_support/notifications/instrumenter.rb:20:in `instrument'
/home/travis/.rvm/gems/jruby-9.1.6.0/gems/activerecord-4.2.8/lib/active_record/connection_adapters/abstract_adapter.rb:478:in `log'
/home/travis/build/jruby/activerecord-jdbc-adapter/lib/arjdbc/jdbc/adapter.rb:506:in `exec_update'
/home/travis/.rvm/gems/jruby-9.1.6.0/gems/activerecord-4.2.8/lib/active_record/connection_adapters/abstract/database_statements.rb:114:in `update'
/home/travis/.rvm/gems/jruby-9.1.6.0/gems/activerecord-4.2.8/lib/active_record/connection_adapters/abstract/query_cache.rb:14:in `update'
/home/travis/.rvm/gems/jruby-9.1.6.0/gems/activerecord-4.2.8/lib/active_record/relation.rb:88:in `_update_record'
/home/travis/.rvm/gems/jruby-9.1.6.0/gems/activerecord-4.2.8/lib/active_record/persistence.rb:515:in `_update_record'
/home/travis/.rvm/gems/jruby-9.1.6.0/gems/activerecord-4.2.8/lib/active_record/locking/optimistic.rb:79:in `_update_record'
/home/travis/.rvm/gems/jruby-9.1.6.0/gems/activerecord-4.2.8/lib/active_record/attribute_methods/dirty.rb:129:in `_update_record'
/home/travis/.rvm/gems/jruby-9.1.6.0/gems/activerecord-4.2.8/lib/active_record/callbacks.rb:310:in `block in _update_record'
/home/travis/.rvm/gems/jruby-9.1.6.0/gems/activesupport-4.2.8/lib/active_support/callbacks.rb:88:in `__run_callbacks__'
/home/travis/.rvm/gems/jruby-9.1.6.0/gems/activesupport-4.2.8/lib/active_support/callbacks.rb:778:in `_run_update_callbacks'
/home/travis/.rvm/gems/jruby-9.1.6.0/gems/activerecord-4.2.8/lib/active_record/callbacks.rb:310:in `_update_record'
/home/travis/.rvm/gems/jruby-9.1.6.0/gems/activerecord-4.2.8/lib/active_record/timestamp.rb:70:in `_update_record'
/home/travis/.rvm/gems/jruby-9.1.6.0/gems/activerecord-4.2.8/lib/active_record/persistence.rb:504:in `create_or_update'
/home/travis/.rvm/gems/jruby-9.1.6.0/gems/activerecord-4.2.8/lib/active_record/callbacks.rb:302:in `block in create_or_update'
/home/travis/.rvm/gems/jruby-9.1.6.0/gems/activesupport-4.2.8/lib/active_support/callbacks.rb:88:in `__run_callbacks__'
/home/travis/.rvm/gems/jruby-9.1.6.0/gems/activesupport-4.2.8/lib/active_support/callbacks.rb:778:in `_run_save_callbacks'
/home/travis/.rvm/gems/jruby-9.1.6.0/gems/activerecord-4.2.8/lib/active_record/callbacks.rb:302:in `create_or_update'
/home/travis/.rvm/gems/jruby-9.1.6.0/gems/activerecord-4.2.8/lib/active_record/persistence.rb:120:in `save'
/home/travis/.rvm/gems/jruby-9.1.6.0/gems/activerecord-4.2.8/lib/active_record/validations.rb:37:in `save'
/home/travis/.rvm/gems/jruby-9.1.6.0/gems/activerecord-4.2.8/lib/active_record/attribute_methods/dirty.rb:21:in `save'
/home/travis/.rvm/gems/jruby-9.1.6.0/gems/activerecord-4.2.8/lib/active_record/transactions.rb:286:in `block in save'
/home/travis/.rvm/gems/jruby-9.1.6.0/gems/activerecord-4.2.8/lib/active_record/transactions.rb:351:in `block in with_transaction_returning_status'
/home/travis/.rvm/gems/jruby-9.1.6.0/gems/activerecord-4.2.8/lib/active_record/connection_adapters/abstract/database_statements.rb:213:in `block in transaction'
/home/travis/.rvm/gems/jruby-9.1.6.0/gems/activerecord-4.2.8/lib/active_record/connection_adapters/abstract/transaction.rb:184:in `within_new_transaction'
/home/travis/.rvm/gems/jruby-9.1.6.0/gems/activerecord-4.2.8/lib/active_record/connection_adapters/abstract/database_statements.rb:213:in `transaction'
/home/travis/.rvm/gems/jruby-9.1.6.0/gems/activerecord-4.2.8/lib/active_record/transactions.rb:220:in `transaction'
/home/travis/.rvm/gems/jruby-9.1.6.0/gems/activerecord-4.2.8/lib/active_record/transactions.rb:348:in `with_transaction_returning_status'
/home/travis/.rvm/gems/jruby-9.1.6.0/gems/activerecord-4.2.8/lib/active_record/transactions.rb:286:in `block in save'
/home/travis/.rvm/gems/jruby-9.1.6.0/gems/activerecord-4.2.8/lib/active_record/transactions.rb:301:in `rollback_active_record_state!'
/home/travis/.rvm/gems/jruby-9.1.6.0/gems/activerecord-4.2.8/lib/active_record/transactions.rb:285:in `save'
/home/travis/build/jruby/activerecord-jdbc-adapter/test/db/postgresql/types_test.rb:471:in `test_update_daterange'
     468:     skip "PostgreSQL 9.2 required for range datatypes" unless supports_ranges?
     469:     new_daterange = Date.new(2012, 2, 3)...Date.new(2012, 2, 10)
     470:     assert @first_range.date_range = new_daterange
[40;33;1m  => 471:     assert @first_range.save[0m
     472:     assert @first_range.reload
     473:     assert_equal new_daterange, @first_range.date_range
     474:     assert @first_range.date_range = Date.new(2012, 2, 3)...Date.new(2012, 2, 3)
[40;33;1m===============================================================================[0m
[40;33;1mE[0m
[40;33;1m===============================================================================[0m
[40;33;1mError[0m: test_update_int4range(PostgreSQLTypesTest)
  ActiveRecord::StatementInvalid: NoMethodError: undefined method `range_to_string' for ActiveRecord::ConnectionAdapters::PostgreSQLColumn:Class
  Did you mean?  binary_to_string: UPDATE "postgresql_ranges" SET "int4_range" = ? WHERE "postgresql_ranges"."id" = ?
arjdbc/jdbc/RubyJdbcConnection.java:694:in `execute_update'
/home/travis/build/jruby/activerecord-jdbc-adapter/lib/arjdbc/jdbc/adapter.rb:506:in `block in exec_update'
/home/travis/.rvm/gems/jruby-9.1.6.0/gems/activerecord-4.2.8/lib/active_record/connection_adapters/abstract_adapter.rb:484:in `block in log'
/home/travis/.rvm/gems/jruby-9.1.6.0/gems/activesupport-4.2.8/lib/active_support/notifications/instrumenter.rb:20:in `instrument'
/home/travis/.rvm/gems/jruby-9.1.6.0/gems/activerecord-4.2.8/lib/active_record/connection_adapters/abstract_adapter.rb:478:in `log'
/home/travis/build/jruby/activerecord-jdbc-adapter/lib/arjdbc/jdbc/adapter.rb:506:in `exec_update'
/home/travis/.rvm/gems/jruby-9.1.6.0/gems/activerecord-4.2.8/lib/active_record/connection_adapters/abstract/database_statements.rb:114:in `update'
/home/travis/.rvm/gems/jruby-9.1.6.0/gems/activerecord-4.2.8/lib/active_record/connection_adapters/abstract/query_cache.rb:14:in `update'
/home/travis/.rvm/gems/jruby-9.1.6.0/gems/activerecord-4.2.8/lib/active_record/relation.rb:88:in `_update_record'
/home/travis/.rvm/gems/jruby-9.1.6.0/gems/activerecord-4.2.8/lib/active_record/persistence.rb:515:in `_update_record'
/home/travis/.rvm/gems/jruby-9.1.6.0/gems/activerecord-4.2.8/lib/active_record/locking/optimistic.rb:79:in `_update_record'
/home/travis/.rvm/gems/jruby-9.1.6.0/gems/activerecord-4.2.8/lib/active_record/attribute_methods/dirty.rb:129:in `_update_record'
/home/travis/.rvm/gems/jruby-9.1.6.0/gems/activerecord-4.2.8/lib/active_record/callbacks.rb:310:in `block in _update_record'
/home/travis/.rvm/gems/jruby-9.1.6.0/gems/activesupport-4.2.8/lib/active_support/callbacks.rb:88:in `__run_callbacks__'
/home/travis/.rvm/gems/jruby-9.1.6.0/gems/activesupport-4.2.8/lib/active_support/callbacks.rb:778:in `_run_update_callbacks'
/home/travis/.rvm/gems/jruby-9.1.6.0/gems/activerecord-4.2.8/lib/active_record/callbacks.rb:310:in `_update_record'
/home/travis/.rvm/gems/jruby-9.1.6.0/gems/activerecord-4.2.8/lib/active_record/timestamp.rb:70:in `_update_record'
/home/travis/.rvm/gems/jruby-9.1.6.0/gems/activerecord-4.2.8/lib/active_record/persistence.rb:504:in `create_or_update'
/home/travis/.rvm/gems/jruby-9.1.6.0/gems/activerecord-4.2.8/lib/active_record/callbacks.rb:302:in `block in create_or_update'
/home/travis/.rvm/gems/jruby-9.1.6.0/gems/activesupport-4.2.8/lib/active_support/callbacks.rb:88:in `__run_callbacks__'
/home/travis/.rvm/gems/jruby-9.1.6.0/gems/activesupport-4.2.8/lib/active_support/callbacks.rb:778:in `_run_save_callbacks'
/home/travis/.rvm/gems/jruby-9.1.6.0/gems/activerecord-4.2.8/lib/active_record/callbacks.rb:302:in `create_or_update'
/home/travis/.rvm/gems/jruby-9.1.6.0/gems/activerecord-4.2.8/lib/active_record/persistence.rb:120:in `save'
/home/travis/.rvm/gems/jruby-9.1.6.0/gems/activerecord-4.2.8/lib/active_record/validations.rb:37:in `save'
/home/travis/.rvm/gems/jruby-9.1.6.0/gems/activerecord-4.2.8/lib/active_record/attribute_methods/dirty.rb:21:in `save'
/home/travis/.rvm/gems/jruby-9.1.6.0/gems/activerecord-4.2.8/lib/active_record/transactions.rb:286:in `block in save'
/home/travis/.rvm/gems/jruby-9.1.6.0/gems/activerecord-4.2.8/lib/active_record/transactions.rb:351:in `block in with_transaction_returning_status'
/home/travis/.rvm/gems/jruby-9.1.6.0/gems/activerecord-4.2.8/lib/active_record/connection_adapters/abstract/database_statements.rb:213:in `block in transaction'
/home/travis/.rvm/gems/jruby-9.1.6.0/gems/activerecord-4.2.8/lib/active_record/connection_adapters/abstract/transaction.rb:184:in `within_new_transaction'
/home/travis/.rvm/gems/jruby-9.1.6.0/gems/activerecord-4.2.8/lib/active_record/connection_adapters/abstract/database_statements.rb:213:in `transaction'
/home/travis/.rvm/gems/jruby-9.1.6.0/gems/activerecord-4.2.8/lib/active_record/transactions.rb:220:in `transaction'
/home/travis/.rvm/gems/jruby-9.1.6.0/gems/activerecord-4.2.8/lib/active_record/transactions.rb:348:in `with_transaction_returning_status'
/home/travis/.rvm/gems/jruby-9.1.6.0/gems/activerecord-4.2.8/lib/active_record/transactions.rb:286:in `block in save'
/home/travis/.rvm/gems/jruby-9.1.6.0/gems/activerecord-4.2.8/lib/active_record/transactions.rb:301:in `rollback_active_record_state!'
/home/travis/.rvm/gems/jruby-9.1.6.0/gems/activerecord-4.2.8/lib/active_record/transactions.rb:285:in `save'
/home/travis/build/jruby/activerecord-jdbc-adapter/test/db/postgresql/types_test.rb:493:in `test_update_int4range'
     490:     skip "PostgreSQL 9.2 required for range datatypes" unless supports_ranges?
     491:     new_int4range = 6...10
     492:     assert @first_range.int4_range = new_int4range
[40;33;1m  => 493:     assert @first_range.save[0m
     494:     assert @first_range.reload
     495:     assert_equal new_int4range, @first_range.int4_range
     496:     assert @first_range.int4_range = 3...3
[40;33;1m===============================================================================[0m
[40;33;1mE[0m
[40;33;1m===============================================================================[0m
[40;33;1mError[0m: test_update_int8range(PostgreSQLTypesTest)
  ActiveRecord::StatementInvalid: NoMethodError: undefined method `range_to_string' for ActiveRecord::ConnectionAdapters::PostgreSQLColumn:Class
  Did you mean?  binary_to_string: UPDATE "postgresql_ranges" SET "int8_range" = ? WHERE "postgresql_ranges"."id" = ?
arjdbc/jdbc/RubyJdbcConnection.java:694:in `execute_update'
/home/travis/build/jruby/activerecord-jdbc-adapter/lib/arjdbc/jdbc/adapter.rb:506:in `block in exec_update'
/home/travis/.rvm/gems/jruby-9.1.6.0/gems/activerecord-4.2.8/lib/active_record/connection_adapters/abstract_adapter.rb:484:in `block in log'
/home/travis/.rvm/gems/jruby-9.1.6.0/gems/activesupport-4.2.8/lib/active_support/notifications/instrumenter.rb:20:in `instrument'
/home/travis/.rvm/gems/jruby-9.1.6.0/gems/activerecord-4.2.8/lib/active_record/connection_adapters/abstract_adapter.rb:478:in `log'
/home/travis/build/jruby/activerecord-jdbc-adapter/lib/arjdbc/jdbc/adapter.rb:506:in `exec_update'
/home/travis/.rvm/gems/jruby-9.1.6.0/gems/activerecord-4.2.8/lib/active_record/connection_adapters/abstract/database_statements.rb:114:in `update'
/home/travis/.rvm/gems/jruby-9.1.6.0/gems/activerecord-4.2.8/lib/active_record/connection_adapters/abstract/query_cache.rb:14:in `update'
/home/travis/.rvm/gems/jruby-9.1.6.0/gems/activerecord-4.2.8/lib/active_record/relation.rb:88:in `_update_record'
/home/travis/.rvm/gems/jruby-9.1.6.0/gems/activerecord-4.2.8/lib/active_record/persistence.rb:515:in `_update_record'
/home/travis/.rvm/gems/jruby-9.1.6.0/gems/activerecord-4.2.8/lib/active_record/locking/optimistic.rb:79:in `_update_record'
/home/travis/.rvm/gems/jruby-9.1.6.0/gems/activerecord-4.2.8/lib/active_record/attribute_methods/dirty.rb:129:in `_update_record'
/home/travis/.rvm/gems/jruby-9.1.6.0/gems/activerecord-4.2.8/lib/active_record/callbacks.rb:310:in `block in _update_record'
/home/travis/.rvm/gems/jruby-9.1.6.0/gems/activesupport-4.2.8/lib/active_support/callbacks.rb:88:in `__run_callbacks__'
/home/travis/.rvm/gems/jruby-9.1.6.0/gems/activesupport-4.2.8/lib/active_support/callbacks.rb:778:in `_run_update_callbacks'
/home/travis/.rvm/gems/jruby-9.1.6.0/gems/activerecord-4.2.8/lib/active_record/callbacks.rb:310:in `_update_record'
/home/travis/.rvm/gems/jruby-9.1.6.0/gems/activerecord-4.2.8/lib/active_record/timestamp.rb:70:in `_update_record'
/home/travis/.rvm/gems/jruby-9.1.6.0/gems/activerecord-4.2.8/lib/active_record/persistence.rb:504:in `create_or_update'
/home/travis/.rvm/gems/jruby-9.1.6.0/gems/activerecord-4.2.8/lib/active_record/callbacks.rb:302:in `block in create_or_update'
/home/travis/.rvm/gems/jruby-9.1.6.0/gems/activesupport-4.2.8/lib/active_support/callbacks.rb:88:in `__run_callbacks__'
/home/travis/.rvm/gems/jruby-9.1.6.0/gems/activesupport-4.2.8/lib/active_support/callbacks.rb:778:in `_run_save_callbacks'
/home/travis/.rvm/gems/jruby-9.1.6.0/gems/activerecord-4.2.8/lib/active_record/callbacks.rb:302:in `create_or_update'
/home/travis/.rvm/gems/jruby-9.1.6.0/gems/activerecord-4.2.8/lib/active_record/persistence.rb:120:in `save'
/home/travis/.rvm/gems/jruby-9.1.6.0/gems/activerecord-4.2.8/lib/active_record/validations.rb:37:in `save'
/home/travis/.rvm/gems/jruby-9.1.6.0/gems/activerecord-4.2.8/lib/active_record/attribute_methods/dirty.rb:21:in `save'
/home/travis/.rvm/gems/jruby-9.1.6.0/gems/activerecord-4.2.8/lib/active_record/transactions.rb:286:in `block in save'
/home/travis/.rvm/gems/jruby-9.1.6.0/gems/activerecord-4.2.8/lib/active_record/transactions.rb:351:in `block in with_transaction_returning_status'
/home/travis/.rvm/gems/jruby-9.1.6.0/gems/activerecord-4.2.8/lib/active_record/connection_adapters/abstract/database_statements.rb:213:in `block in transaction'
/home/travis/.rvm/gems/jruby-9.1.6.0/gems/activerecord-4.2.8/lib/active_record/connection_adapters/abstract/transaction.rb:184:in `within_new_transaction'
/home/travis/.rvm/gems/jruby-9.1.6.0/gems/activerecord-4.2.8/lib/active_record/connection_adapters/abstract/database_statements.rb:213:in `transaction'
/home/travis/.rvm/gems/jruby-9.1.6.0/gems/activerecord-4.2.8/lib/active_record/transactions.rb:220:in `transaction'
/home/travis/.rvm/gems/jruby-9.1.6.0/gems/activerecord-4.2.8/lib/active_record/transactions.rb:348:in `with_transaction_returning_status'
/home/travis/.rvm/gems/jruby-9.1.6.0/gems/activerecord-4.2.8/lib/active_record/transactions.rb:286:in `block in save'
/home/travis/.rvm/gems/jruby-9.1.6.0/gems/activerecord-4.2.8/lib/active_record/transactions.rb:301:in `rollback_active_record_state!'
/home/travis/.rvm/gems/jruby-9.1.6.0/gems/activerecord-4.2.8/lib/active_record/transactions.rb:285:in `save'
/home/travis/build/jruby/activerecord-jdbc-adapter/test/db/postgresql/types_test.rb:515:in `test_update_int8range'
     512:     skip "PostgreSQL 9.2 required for range datatypes" unless supports_ranges?
     513:     new_int8range = 60000...10000000
     514:     assert @first_range.int8_range = new_int8range
[40;33;1m  => 515:     assert @first_range.save[0m
     516:     assert @first_range.reload
     517:     assert_equal new_int8range, @first_range.int8_range
     518:     assert @first_range.int8_range = 39999...39999
[40;33;1m===============================================================================[0m
[42;37;1m.[0m[42;37;1m.[0m[42;37;1m.[0m[42;37;1m.[0m[40;33;1mE[0m
[40;33;1m===============================================================================[0m
[40;33;1mError[0m: test_update_numrange(PostgreSQLTypesTest)
  ActiveRecord::StatementInvalid: NoMethodError: undefined method `range_to_string' for ActiveRecord::ConnectionAdapters::PostgreSQLColumn:Class
  Did you mean?  binary_to_string: UPDATE "postgresql_ranges" SET "num_range" = ? WHERE "postgresql_ranges"."id" = ?
arjdbc/jdbc/RubyJdbcConnection.java:694:in `execute_update'
/home/travis/build/jruby/activerecord-jdbc-adapter/lib/arjdbc/jdbc/adapter.rb:506:in `block in exec_update'
/home/travis/.rvm/gems/jruby-9.1.6.0/gems/activerecord-4.2.8/lib/active_record/connection_adapters/abstract_adapter.rb:484:in `block in log'
/home/travis/.rvm/gems/jruby-9.1.6.0/gems/activesupport-4.2.8/lib/active_support/notifications/instrumenter.rb:20:in `instrument'
/home/travis/.rvm/gems/jruby-9.1.6.0/gems/activerecord-4.2.8/lib/active_record/connection_adapters/abstract_adapter.rb:478:in `log'
/home/travis/build/jruby/activerecord-jdbc-adapter/lib/arjdbc/jdbc/adapter.rb:506:in `exec_update'
/home/travis/.rvm/gems/jruby-9.1.6.0/gems/activerecord-4.2.8/lib/active_record/connection_adapters/abstract/database_statements.rb:114:in `update'
/home/travis/.rvm/gems/jruby-9.1.6.0/gems/activerecord-4.2.8/lib/active_record/connection_adapters/abstract/query_cache.rb:14:in `update'
/home/travis/.rvm/gems/jruby-9.1.6.0/gems/activerecord-4.2.8/lib/active_record/relation.rb:88:in `_update_record'
/home/travis/.rvm/gems/jruby-9.1.6.0/gems/activerecord-4.2.8/lib/active_record/persistence.rb:515:in `_update_record'
/home/travis/.rvm/gems/jruby-9.1.6.0/gems/activerecord-4.2.8/lib/active_record/locking/optimistic.rb:79:in `_update_record'
/home/travis/.rvm/gems/jruby-9.1.6.0/gems/activerecord-4.2.8/lib/active_record/attribute_methods/dirty.rb:129:in `_update_record'
/home/travis/.rvm/gems/jruby-9.1.6.0/gems/activerecord-4.2.8/lib/active_record/callbacks.rb:310:in `block in _update_record'
/home/travis/.rvm/gems/jruby-9.1.6.0/gems/activesupport-4.2.8/lib/active_support/callbacks.rb:88:in `__run_callbacks__'
/home/travis/.rvm/gems/jruby-9.1.6.0/gems/activesupport-4.2.8/lib/active_support/callbacks.rb:778:in `_run_update_callbacks'
/home/travis/.rvm/gems/jruby-9.1.6.0/gems/activerecord-4.2.8/lib/active_record/callbacks.rb:310:in `_update_record'
/home/travis/.rvm/gems/jruby-9.1.6.0/gems/activerecord-4.2.8/lib/active_record/timestamp.rb:70:in `_update_record'
/home/travis/.rvm/gems/jruby-9.1.6.0/gems/activerecord-4.2.8/lib/active_record/persistence.rb:504:in `create_or_update'
/home/travis/.rvm/gems/jruby-9.1.6.0/gems/activerecord-4.2.8/lib/active_record/callbacks.rb:302:in `block in create_or_update'
/home/travis/.rvm/gems/jruby-9.1.6.0/gems/activesupport-4.2.8/lib/active_support/callbacks.rb:88:in `__run_callbacks__'
/home/travis/.rvm/gems/jruby-9.1.6.0/gems/activesupport-4.2.8/lib/active_support/callbacks.rb:778:in `_run_save_callbacks'
/home/travis/.rvm/gems/jruby-9.1.6.0/gems/activerecord-4.2.8/lib/active_record/callbacks.rb:302:in `create_or_update'
/home/travis/.rvm/gems/jruby-9.1.6.0/gems/activerecord-4.2.8/lib/active_record/persistence.rb:120:in `save'
/home/travis/.rvm/gems/jruby-9.1.6.0/gems/activerecord-4.2.8/lib/active_record/validations.rb:37:in `save'
/home/travis/.rvm/gems/jruby-9.1.6.0/gems/activerecord-4.2.8/lib/active_record/attribute_methods/dirty.rb:21:in `save'
/home/travis/.rvm/gems/jruby-9.1.6.0/gems/activerecord-4.2.8/lib/active_record/transactions.rb:286:in `block in save'
/home/travis/.rvm/gems/jruby-9.1.6.0/gems/activerecord-4.2.8/lib/active_record/transactions.rb:351:in `block in with_transaction_returning_status'
/home/travis/.rvm/gems/jruby-9.1.6.0/gems/activerecord-4.2.8/lib/active_record/connection_adapters/abstract/database_statements.rb:213:in `block in transaction'
/home/travis/.rvm/gems/jruby-9.1.6.0/gems/activerecord-4.2.8/lib/active_record/connection_adapters/abstract/transaction.rb:184:in `within_new_transaction'
/home/travis/.rvm/gems/jruby-9.1.6.0/gems/activerecord-4.2.8/lib/active_record/connection_adapters/abstract/database_statements.rb:213:in `transaction'
/home/travis/.rvm/gems/jruby-9.1.6.0/gems/activerecord-4.2.8/lib/active_record/transactions.rb:220:in `transaction'
/home/travis/.rvm/gems/jruby-9.1.6.0/gems/activerecord-4.2.8/lib/active_record/transactions.rb:348:in `with_transaction_returning_status'
/home/travis/.rvm/gems/jruby-9.1.6.0/gems/activerecord-4.2.8/lib/active_record/transactions.rb:286:in `block in save'
/home/travis/.rvm/gems/jruby-9.1.6.0/gems/activerecord-4.2.8/lib/active_record/transactions.rb:301:in `rollback_active_record_state!'
/home/travis/.rvm/gems/jruby-9.1.6.0/gems/activerecord-4.2.8/lib/active_record/transactions.rb:285:in `save'
/home/travis/build/jruby/activerecord-jdbc-adapter/test/db/postgresql/types_test.rb:449:in `test_update_numrange'
     446:     skip "PostgreSQL 9.2 required for range datatypes" unless supports_ranges?
     447:     new_numrange = BigDecimal.new('0.5')...BigDecimal.new('1')
     448:     assert @first_range.num_range = new_numrange
[40;33;1m  => 449:     assert @first_range.save[0m
     450:     assert @first_range.reload
     451:     assert_equal new_numrange, @first_range.num_range
     452:     assert @first_range.num_range = BigDecimal.new('0.5')...BigDecimal.new('0.5')
[40;33;1m===============================================================================[0m
[42;37;1m.[0m[42;37;1m.[0m[42;37;1m.[0m[40;33;1mE[0m
[40;33;1m===============================================================================[0m
[40;33;1mError[0m: test_update_tsrange(PostgreSQLTypesTest)
  ActiveRecord::StatementInvalid: NoMethodError: undefined method `range_to_string' for ActiveRecord::ConnectionAdapters::PostgreSQLColumn:Class
  Did you mean?  binary_to_string: UPDATE "postgresql_ranges" SET "ts_range" = ? WHERE "postgresql_ranges"."id" = ?
arjdbc/jdbc/RubyJdbcConnection.java:694:in `execute_update'
/home/travis/build/jruby/activerecord-jdbc-adapter/lib/arjdbc/jdbc/adapter.rb:506:in `block in exec_update'
/home/travis/.rvm/gems/jruby-9.1.6.0/gems/activerecord-4.2.8/lib/active_record/connection_adapters/abstract_adapter.rb:484:in `block in log'
/home/travis/.rvm/gems/jruby-9.1.6.0/gems/activesupport-4.2.8/lib/active_support/notifications/instrumenter.rb:20:in `instrument'
/home/travis/.rvm/gems/jruby-9.1.6.0/gems/activerecord-4.2.8/lib/active_record/connection_adapters/abstract_adapter.rb:478:in `log'
/home/travis/build/jruby/activerecord-jdbc-adapter/lib/arjdbc/jdbc/adapter.rb:506:in `exec_update'
/home/travis/.rvm/gems/jruby-9.1.6.0/gems/activerecord-4.2.8/lib/active_record/connection_adapters/abstract/database_statements.rb:114:in `update'
/home/travis/.rvm/gems/jruby-9.1.6.0/gems/activerecord-4.2.8/lib/active_record/connection_adapters/abstract/query_cache.rb:14:in `update'
/home/travis/.rvm/gems/jruby-9.1.6.0/gems/activerecord-4.2.8/lib/active_record/relation.rb:88:in `_update_record'
/home/travis/.rvm/gems/jruby-9.1.6.0/gems/activerecord-4.2.8/lib/active_record/persistence.rb:515:in `_update_record'
/home/travis/.rvm/gems/jruby-9.1.6.0/gems/activerecord-4.2.8/lib/active_record/locking/optimistic.rb:79:in `_update_record'
/home/travis/.rvm/gems/jruby-9.1.6.0/gems/activerecord-4.2.8/lib/active_record/attribute_methods/dirty.rb:129:in `_update_record'
/home/travis/.rvm/gems/jruby-9.1.6.0/gems/activerecord-4.2.8/lib/active_record/callbacks.rb:310:in `block in _update_record'
/home/travis/.rvm/gems/jruby-9.1.6.0/gems/activesupport-4.2.8/lib/active_support/callbacks.rb:88:in `__run_callbacks__'
/home/travis/.rvm/gems/jruby-9.1.6.0/gems/activesupport-4.2.8/lib/active_support/callbacks.rb:778:in `_run_update_callbacks'
/home/travis/.rvm/gems/jruby-9.1.6.0/gems/activerecord-4.2.8/lib/active_record/callbacks.rb:310:in `_update_record'
/home/travis/.rvm/gems/jruby-9.1.6.0/gems/activerecord-4.2.8/lib/active_record/timestamp.rb:70:in `_update_record'
/home/travis/.rvm/gems/jruby-9.1.6.0/gems/activerecord-4.2.8/lib/active_record/persistence.rb:504:in `create_or_update'
/home/travis/.rvm/gems/jruby-9.1.6.0/gems/activerecord-4.2.8/lib/active_record/callbacks.rb:302:in `block in create_or_update'
/home/travis/.rvm/gems/jruby-9.1.6.0/gems/activesupport-4.2.8/lib/active_support/callbacks.rb:88:in `__run_callbacks__'
/home/travis/.rvm/gems/jruby-9.1.6.0/gems/activesupport-4.2.8/lib/active_support/callbacks.rb:778:in `_run_save_callbacks'
/home/travis/.rvm/gems/jruby-9.1.6.0/gems/activerecord-4.2.8/lib/active_record/callbacks.rb:302:in `create_or_update'
/home/travis/.rvm/gems/jruby-9.1.6.0/gems/activerecord-4.2.8/lib/active_record/persistence.rb:120:in `save'
/home/travis/.rvm/gems/jruby-9.1.6.0/gems/activerecord-4.2.8/lib/active_record/validations.rb:37:in `save'
/home/travis/.rvm/gems/jruby-9.1.6.0/gems/activerecord-4.2.8/lib/active_record/attribute_methods/dirty.rb:21:in `save'
/home/travis/.rvm/gems/jruby-9.1.6.0/gems/activerecord-4.2.8/lib/active_record/transactions.rb:286:in `block in save'
/home/travis/.rvm/gems/jruby-9.1.6.0/gems/activerecord-4.2.8/lib/active_record/transactions.rb:351:in `block in with_transaction_returning_status'
/home/travis/.rvm/gems/jruby-9.1.6.0/gems/activerecord-4.2.8/lib/active_record/connection_adapters/abstract/database_statements.rb:213:in `block in transaction'
/home/travis/.rvm/gems/jruby-9.1.6.0/gems/activerecord-4.2.8/lib/active_record/connection_adapters/abstract/transaction.rb:184:in `within_new_transaction'
/home/travis/.rvm/gems/jruby-9.1.6.0/gems/activerecord-4.2.8/lib/active_record/connection_adapters/abstract/database_statements.rb:213:in `transaction'
/home/travis/.rvm/gems/jruby-9.1.6.0/gems/activerecord-4.2.8/lib/active_record/transactions.rb:220:in `transaction'
/home/travis/.rvm/gems/jruby-9.1.6.0/gems/activerecord-4.2.8/lib/active_record/transactions.rb:348:in `with_transaction_returning_status'
/home/travis/.rvm/gems/jruby-9.1.6.0/gems/activerecord-4.2.8/lib/active_record/transactions.rb:286:in `block in save'
/home/travis/.rvm/gems/jruby-9.1.6.0/gems/activerecord-4.2.8/lib/active_record/transactions.rb:301:in `rollback_active_record_state!'
/home/travis/.rvm/gems/jruby-9.1.6.0/gems/activerecord-4.2.8/lib/active_record/transactions.rb:285:in `save'
/home/travis/build/jruby/activerecord-jdbc-adapter/test/db/postgresql/types_test.rb:427:in `test_update_tsrange'
     424:     tz = ::ActiveRecord::Base.default_timezone
     425:     new_tsrange = Time.send(tz, 2010, 1, 1, 14, 30, 0)...Time.send(tz, 2011, 2, 2, 14, 30, 0)
     426:     assert @first_range.ts_range = new_tsrange
[40;33;1m  => 427:     assert @first_range.save[0m
     428:     assert @first_range.reload
     429:     assert_equal new_tsrange, @first_range.ts_range
     430:     assert @first_range.ts_range = Time.send(tz, 2010, 1, 1, 14, 30, 0)...Time.send(tz, 2010, 1, 1, 14, 30, 0)
[40;33;1m===============================================================================[0m
[40;33;1mE[0m
[40;33;1m===============================================================================[0m
[40;33;1mError[0m: test_update_tstzrange(PostgreSQLTypesTest)
  ActiveRecord::StatementInvalid: NoMethodError: undefined method `range_to_string' for ActiveRecord::ConnectionAdapters::PostgreSQLColumn:Class
  Did you mean?  binary_to_string: UPDATE "postgresql_ranges" SET "tstz_range" = ? WHERE "postgresql_ranges"."id" = ?
arjdbc/jdbc/RubyJdbcConnection.java:694:in `execute_update'
/home/travis/build/jruby/activerecord-jdbc-adapter/lib/arjdbc/jdbc/adapter.rb:506:in `block in exec_update'
/home/travis/.rvm/gems/jruby-9.1.6.0/gems/activerecord-4.2.8/lib/active_record/connection_adapters/abstract_adapter.rb:484:in `block in log'
/home/travis/.rvm/gems/jruby-9.1.6.0/gems/activesupport-4.2.8/lib/active_support/notifications/instrumenter.rb:20:in `instrument'
/home/travis/.rvm/gems/jruby-9.1.6.0/gems/activerecord-4.2.8/lib/active_record/connection_adapters/abstract_adapter.rb:478:in `log'
/home/travis/build/jruby/activerecord-jdbc-adapter/lib/arjdbc/jdbc/adapter.rb:506:in `exec_update'
/home/travis/.rvm/gems/jruby-9.1.6.0/gems/activerecord-4.2.8/lib/active_record/connection_adapters/abstract/database_statements.rb:114:in `update'
/home/travis/.rvm/gems/jruby-9.1.6.0/gems/activerecord-4.2.8/lib/active_record/connection_adapters/abstract/query_cache.rb:14:in `update'
/home/travis/.rvm/gems/jruby-9.1.6.0/gems/activerecord-4.2.8/lib/active_record/relation.rb:88:in `_update_record'
/home/travis/.rvm/gems/jruby-9.1.6.0/gems/activerecord-4.2.8/lib/active_record/persistence.rb:515:in `_update_record'
/home/travis/.rvm/gems/jruby-9.1.6.0/gems/activerecord-4.2.8/lib/active_record/locking/optimistic.rb:79:in `_update_record'
/home/travis/.rvm/gems/jruby-9.1.6.0/gems/activerecord-4.2.8/lib/active_record/attribute_methods/dirty.rb:129:in `_update_record'
/home/travis/.rvm/gems/jruby-9.1.6.0/gems/activerecord-4.2.8/lib/active_record/callbacks.rb:310:in `block in _update_record'
/home/travis/.rvm/gems/jruby-9.1.6.0/gems/activesupport-4.2.8/lib/active_support/callbacks.rb:88:in `__run_callbacks__'
/home/travis/.rvm/gems/jruby-9.1.6.0/gems/activesupport-4.2.8/lib/active_support/callbacks.rb:778:in `_run_update_callbacks'
/home/travis/.rvm/gems/jruby-9.1.6.0/gems/activerecord-4.2.8/lib/active_record/callbacks.rb:310:in `_update_record'
/home/travis/.rvm/gems/jruby-9.1.6.0/gems/activerecord-4.2.8/lib/active_record/timestamp.rb:70:in `_update_record'
/home/travis/.rvm/gems/jruby-9.1.6.0/gems/activerecord-4.2.8/lib/active_record/persistence.rb:504:in `create_or_update'
/home/travis/.rvm/gems/jruby-9.1.6.0/gems/activerecord-4.2.8/lib/active_record/callbacks.rb:302:in `block in create_or_update'
/home/travis/.rvm/gems/jruby-9.1.6.0/gems/activesupport-4.2.8/lib/active_support/callbacks.rb:88:in `__run_callbacks__'
/home/travis/.rvm/gems/jruby-9.1.6.0/gems/activesupport-4.2.8/lib/active_support/callbacks.rb:778:in `_run_save_callbacks'
/home/travis/.rvm/gems/jruby-9.1.6.0/gems/activerecord-4.2.8/lib/active_record/callbacks.rb:302:in `create_or_update'
/home/travis/.rvm/gems/jruby-9.1.6.0/gems/activerecord-4.2.8/lib/active_record/persistence.rb:120:in `save'
/home/travis/.rvm/gems/jruby-9.1.6.0/gems/activerecord-4.2.8/lib/active_record/validations.rb:37:in `save'
/home/travis/.rvm/gems/jruby-9.1.6.0/gems/activerecord-4.2.8/lib/active_record/attribute_methods/dirty.rb:21:in `save'
/home/travis/.rvm/gems/jruby-9.1.6.0/gems/activerecord-4.2.8/lib/active_record/transactions.rb:286:in `block in save'
/home/travis/.rvm/gems/jruby-9.1.6.0/gems/activerecord-4.2.8/lib/active_record/transactions.rb:351:in `block in with_transaction_returning_status'
/home/travis/.rvm/gems/jruby-9.1.6.0/gems/activerecord-4.2.8/lib/active_record/connection_adapters/abstract/database_statements.rb:213:in `block in transaction'
/home/travis/.rvm/gems/jruby-9.1.6.0/gems/activerecord-4.2.8/lib/active_record/connection_adapters/abstract/transaction.rb:184:in `within_new_transaction'
/home/travis/.rvm/gems/jruby-9.1.6.0/gems/activerecord-4.2.8/lib/active_record/connection_adapters/abstract/database_statements.rb:213:in `transaction'
/home/travis/.rvm/gems/jruby-9.1.6.0/gems/activerecord-4.2.8/lib/active_record/transactions.rb:220:in `transaction'
/home/travis/.rvm/gems/jruby-9.1.6.0/gems/activerecord-4.2.8/lib/active_record/transactions.rb:348:in `with_transaction_returning_status'
/home/travis/.rvm/gems/jruby-9.1.6.0/gems/activerecord-4.2.8/lib/active_record/transactions.rb:286:in `block in save'
/home/travis/.rvm/gems/jruby-9.1.6.0/gems/activerecord-4.2.8/lib/active_record/transactions.rb:301:in `rollback_active_record_state!'
/home/travis/.rvm/gems/jruby-9.1.6.0/gems/activerecord-4.2.8/lib/active_record/transactions.rb:285:in `save'
/home/travis/build/jruby/activerecord-jdbc-adapter/test/db/postgresql/types_test.rb:403:in `test_update_tstzrange'
     400:     skip "PostgreSQL 9.2 required for range datatypes" unless supports_ranges?
     401:     new_tstzrange = Time.parse('2010-01-01 14:30:00 CDT')...Time.parse('2011-02-02 14:30:00 CET')
     402:     assert @first_range.tstz_range = new_tstzrange
[40;33;1m  => 403:     assert @first_range.save[0m
     404:     assert @first_range.reload
     405:     assert_equal new_tstzrange, @first_range.tstz_range
     406:     assert @first_range.tstz_range = Time.parse('2010-01-01 14:30:00 +0100')...Time.parse('2010-01-01 13:30:00 +0000')
[40;33;1m===============================================================================[0m
[42;37;1m.[0m[42;37;1m.[0m[42;37;1m.[0m[42;37;1m.[0m[42;37;1m.[0m[42;37;1m.[0m[42;37;1m.[0m[42;37;1m.[0m[42;37;1m.[0mconnection.use_insert_returning? true
[42;37;1m.[0m[44;37;1mO[0m
[44;37;1m===============================================================================[0m
[44;37;1momitted.[0m [test_column(PostgresLTreeTest)]
/home/travis/build/jruby/activerecord-jdbc-adapter/test/db/postgresql/ltree_test.rb:36:in `test_column'
[44;37;1m===============================================================================[0m
[44;37;1mO[0m
[44;37;1m===============================================================================[0m
[44;37;1momitted.[0m [test_select(PostgresLTreeTest)]
/home/travis/build/jruby/activerecord-jdbc-adapter/test/db/postgresql/ltree_test.rb:48:in `test_select'
[44;37;1m===============================================================================[0m
[44;37;1mO[0m
[44;37;1m===============================================================================[0m
[44;37;1momitted.[0m [test_write(PostgresLTreeTest)]
/home/travis/build/jruby/activerecord-jdbc-adapter/test/db/postgresql/ltree_test.rb:42:in `test_write'
[44;37;1m===============================================================================[0m
[42;37;1m.[0m[42;37;1m.[0m[42;37;1m.[0m[42;37;1m.[0m[42;37;1m.[0m[42;37;1m.[0m[42;37;1m.[0m[42;37;1m.[0m[42;37;1m.[0m[42;37;1m.[0m[42;37;1m.[0m[42;37;1m.[0m[42;37;1m.[0m[42;37;1m.[0m[42;37;1m.[0m[42;37;1m.[0m[42;37;1m.[0m[42;37;1m.[0m[42;37;1m.[0m[42;37;1m.[0m[45;37;1mP[0m
[45;37;1m===============================================================================[0m
[45;37;1mPending[0m: Likely a JRuby/Java thing - this test is failing bad: check #516
test_bc_timestamp(PostgresTimestampTest)
/home/travis/build/jruby/activerecord-jdbc-adapter/test/db/postgresql/simple_test.rb:371:in `test_bc_timestamp'
     368:     date = DateTime.parse('0000-01-01T00:00:00+00:00') - 1.hour - 1.minute - 1.second
     369:     db_type = DbType.create!(:sample_timestamp => date)
     370:     if current_connection_config[:prepared_statements].to_s == 'true'
[45;37;1m  => 371:       pend "Likely a JRuby/Java thing - this test is failing bad: check #516"[0m
     372:     end
     373:     if current_connection_config[:insert_returning].to_s == 'true'
     374:       pend "BC timestamps not-handled right with INSERT RETURNIG ..."
[45;37;1m===============================================================================[0m
[42;37;1m.[0m[42;37;1m.[0m[42;37;1m.[0m[45;37;1mP[0m
[45;37;1m===============================================================================[0m
[45;37;1mPending[0m: not-implemented?!
test_conversion_with_boolean_relation(PostgresTypeConversionTest)
/home/travis/build/jruby/activerecord-jdbc-adapter/test/db/postgresql/native_types_test.rb:132:in `test_conversion_with_boolean_relation'
     129:   end
     130: 
     131:   def test_conversion_with_boolean_relation
[45;37;1m  => 132:     pend 'not-implemented?!'[0m
     133:   end
     134: 
     135: end
[45;37;1m===============================================================================[0m
[42;37;1m.[0m[42;37;1m.[0m[42;37;1m.[0m[42;37;1m.[0m[42;37;1m.[0m[42;37;1m.[0m[42;37;1m.[0m[42;37;1m.[0m[42;37;1m.[0m[42;37;1m.[0m[42;37;1m.[0m[42;37;1m.[0m[42;37;1m.[0m[42;37;1m.[0m[42;37;1m.[0m[42;37;1m.[0m[42;37;1m.[0m[42;37;1m.[0m[42;37;1m.[0mDEPRECATION WARNING: `#timestamps` was called without specifying an option for `null`. In Rails 5, this behavior will change to `null: false`. You should manually specify `null: true` to prevent the behavior of your existing migrations from changing. (called from block in setup at /home/travis/build/jruby/activerecord-jdbc-adapter/test/db/postgresql/oid_types_test.rb:29)
[42;37;1m.[0mDEPRECATION WARNING: `#timestamps` was called without specifying an option for `null`. In Rails 5, this behavior will change to `null: false`. You should manually specify `null: true` to prevent the behavior of your existing migrations from changing. (called from block in setup at /home/travis/build/jruby/activerecord-jdbc-adapter/test/db/postgresql/oid_types_test.rb:29)
[42;37;1m.[0mDEPRECATION WARNING: `#timestamps` was called without specifying an option for `null`. In Rails 5, this behavior will change to `null: false`. You should manually specify `null: true` to prevent the behavior of your existing migrations from changing. (called from block in setup at /home/travis/build/jruby/activerecord-jdbc-adapter/test/db/postgresql/oid_types_test.rb:29)
[42;37;1m.[0mDEPRECATION WARNING: `#timestamps` was called without specifying an option for `null`. In Rails 5, this behavior will change to `null: false`. You should manually specify `null: true` to prevent the behavior of your existing migrations from changing. (called from block in setup at /home/travis/build/jruby/activerecord-jdbc-adapter/test/db/postgresql/oid_types_test.rb:29)
[42;37;1m.[0m[42;37;1m.[0m[42;37;1m.[0m[42;37;1m.[0m[42;37;1m.[0m[42;37;1m.[0m[42;37;1m.[0m[42;37;1m.[0m[42;37;1m.[0m[42;37;1m.[0m[42;37;1m.[0m[42;37;1m.[0m[42;37;1m.[0m[42;37;1m.[0m[42;37;1m.[0m[42;37;1m.[0mDEPRECATION WARNING: `#timestamps` was called without specifying an option for `null`. In Rails 5, this behavior will change to `null: false`. You should manually specify `null: true` to prevent the behavior of your existing migrations from changing. (called from block in test: rake db:structure:dump (and db:structure:load) at /home/travis/build/jruby/activerecord-jdbc-adapter/test/db/postgresql/rake_test.rb:80)
psql:db/structure.sql:9: ERROR:  unrecognized configuration parameter "lock_timeout"
psql:db/structure.sql:10: ERROR:  unrecognized configuration parameter "idle_in_transaction_session_timeout"
psql:db/structure.sql:15: ERROR:  unrecognized configuration parameter "row_security"
[42;37;1m.[0mpsql:db/structure.sql:9: ERROR:  unrecognized configuration parameter "lock_timeout"
psql:db/structure.sql:10: ERROR:  unrecognized configuration parameter "idle_in_transaction_session_timeout"
psql:db/structure.sql:15: ERROR:  unrecognized configuration parameter "row_security"
[42;37;1m.[0m[42;37;1m.[0m[42;37;1m.[0m[42;37;1m.[0m[42;37;1m.[0m[42;37;1m.[0m[42;37;1m.[0m[42;37;1m.[0m[42;37;1m.[0m[42;37;1m.[0m[42;37;1m.[0m[42;37;1m.[0m[42;37;1m.[0m[42;37;1m.[0m[42;37;1m.[0m[42;37;1m.[0m[42;37;1m.[0m[42;37;1m.[0m[42;37;1m.[0m[42;37;1m.[0m[42;37;1m.[0m[42;37;1m.[0m[42;37;1m.[0m[42;37;1m.[0m[42;37;1m.[0m[42;37;1m.[0m[42;37;1m.[0m[42;37;1m.[0m[42;37;1m.[0m[42;37;1m.[0m[42;37;1m.[0m[42;37;1m.[0m[42;37;1m.[0m[42;37;1m.[0m[42;37;1m.[0m[42;37;1m.[0m[42;37;1m.[0m[42;37;1m.[0m[42;37;1m.[0m[42;37;1m.[0m
[42;37;1m.[0m[42;37;1m.[0m[42;37;1m.[0m[42;37;1m.[0m[42;37;1m.[0m[42;37;1m.[0m[42;37;1m.[0m[42;37;1m.[0m[42;37;1m.[0m[42;37;1m.[0m[42;37;1m.[0m[42;37;1m.[0m[42;37;1m.[0m[42;37;1m.[0m[42;37;1m.[0mDEPRECATION WARNING: `#timestamps` was called without specifying an option for `null`. In Rails 5, this behavior will change to `null: false`. You should manually specify `null: true` to prevent the behavior of your existing migrations from changing. (called from block in test_create_table_with_array at /home/travis/build/jruby/activerecord-jdbc-adapter/test/db/postgresql/simple_test.rb:174)
[42;37;1m.[0m[42;37;1m.[0m[42;37;1m.[0m[42;37;1m.[0m[42;37;1m.[0m[42;37;1m.[0m[42;37;1m.[0m[42;37;1m.[0m[42;37;1m.[0m[42;37;1m.[0m[42;37;1m.[0m[42;37;1m.[0m[42;37;1m.[0m[42;37;1m.[0m[42;37;1m.[0m[42;37;1m.[0m[42;37;1m.[0m[42;37;1m.[0m[42;37;1m.[0m[44;37;1mO[0m
[44;37;1m===============================================================================[0m
[44;37;1mnot supported on AR >= 4.0[0m [test_exec_insert_deprecated_extension(PostgresSimpleTest)]
/home/travis/build/jruby/activerecord-jdbc-adapter/test/simple.rb:999:in `test_exec_insert_deprecated_extension'
[44;37;1m===============================================================================[0m
[42;37;1m.[0m[42;37;1m.[0m[42;37;1m.[0m[42;37;1m.[0m[42;37;1m.[0m[42;37;1m.[0m[42;37;1m.[0m[42;37;1m.[0m
[42;37;1m.[0m
[42;37;1m.[0m[42;37;1m.[0m[42;37;1m.[0m[42;37;1m.[0m[42;37;1m.[0m[42;37;1m.[0m[42;37;1m.[0m[42;37;1m.[0m[42;37;1m.[0m[42;37;1m.[0m[42;37;1m.[0m[42;37;1m.[0m[42;37;1m.[0m[42;37;1m.[0m[42;37;1m.[0m[42;37;1m.[0m[42;37;1m.[0m[42;37;1m.[0m[42;37;1m.[0m[42;37;1m.[0m[42;37;1m.[0m[42;37;1m.[0m[42;37;1m.[0m[42;37;1m.[0m[42;37;1m.[0m[44;37;1mO[0m
[44;37;1m===============================================================================[0m
[44;37;1mnot supported on AR >= 4.0[0m [test_raw_delete_bind_param_with_q_mark_deprecated(PostgresSimpleTest)]
/home/travis/build/jruby/activerecord-jdbc-adapter/test/simple.rb:892:in `test_raw_delete_bind_param_with_q_mark_deprecated'
[44;37;1m===============================================================================[0m
[42;37;1m.[0m[44;37;1mO[0m
[44;37;1m===============================================================================[0m
[44;37;1mnot supported on AR >= 4.0[0m [test_raw_insert_bind_param_with_q_mark_deprecated(PostgresSimpleTest)]
/home/travis/build/jruby/activerecord-jdbc-adapter/test/simple.rb:807:in `test_raw_insert_bind_param_with_q_mark_deprecated'
[44;37;1m===============================================================================[0m
[42;37;1m.[0m[44;37;1mO[0m
[44;37;1m===============================================================================[0m
[44;37;1mnot supported on AR >= 4.0[0m [test_raw_update_bind_param_with_q_mark_deprecated(PostgresSimpleTest)]
/home/travis/build/jruby/activerecord-jdbc-adapter/test/simple.rb:849:in `test_raw_update_bind_param_with_q_mark_deprecated'
[44;37;1m===============================================================================[0m
[42;37;1m.[0m[42;37;1m.[0m[42;37;1m.[0m[42;37;1m.[0m[42;37;1m.[0m[42;37;1m.[0m[42;37;1m.[0m[42;37;1m.[0m[42;37;1m.[0m[42;37;1m.[0m[42;37;1m.[0m[42;37;1m.[0m[42;37;1m.[0m[42;37;1m.[0m[42;37;1m.[0m[42;37;1m.[0m[42;37;1m.[0m[42;37;1m.[0m[42;37;1m.[0m[42;37;1m.[0m[42;37;1m.[0m[42;37;1m.[0m[42;37;1m.[0m[42;37;1m.[0m[42;37;1m.[0m[42;37;1m.[0m[42;37;1m.[0m[42;37;1m.[0m[42;37;1m.[0m[42;37;1m.[0m[42;37;1m.[0m[42;37;1m.[0m[42;37;1m.[0m[42;37;1m.[0m[42;37;1m.[0m[42;37;1m.[0m[42;37;1m.[0m[42;37;1m.[0m[42;37;1m.[0m[42;37;1m.[0m[42;37;1m.[0m[42;37;1m.[0m[42;37;1m.[0m[42;37;1m.[0m[42;37;1m.[0m[42;37;1m.[0m[42;37;1m.[0m[42;37;1m.[0m[42;37;1m.[0m[42;37;1m.[0m[42;37;1m.[0m[42;37;1m.[0m[42;37;1m.[0m

Finished in 27.039 seconds.

[40;33;1m387 tests, 756 assertions, 0 failures, 24 errors, 5 pendings, 18 omissions, 0 notifications[0m
[40;33;1m92.1409% passed[0m

14.31 tests/s, 27.96 assertions/s
rake aborted!
Command failed with status (1): [ruby -I"lib:jdbc-postgres/lib:activerecord-jdbcpostgresql-adapter/lib:test"  "/home/travis/.rvm/rubies/jruby-9.1.6.0/lib/ruby/stdlib/rake/rake_test_loader.rb" "test/db/postgresql/a_custom_primary_key_test.rb" "test/db/postgresql/array_compat_test.rb" "test/db/postgresql/array_type_test.rb" "test/db/postgresql/binary_test.rb" "test/db/postgresql/citext_test.rb" "test/db/postgresql/column_test.rb" "test/db/postgresql/composite_primary_keys_test.rb" "test/db/postgresql/connection_test.rb" "test/db/postgresql/hstore_test.rb" "test/db/postgresql/information_schema_leak_test.rb" "test/db/postgresql/jdbc_postgres_test.rb" "test/db/postgresql/json_test.rb" "test/db/postgresql/jsonb_test.rb" "test/db/postgresql/ltree_test.rb" "test/db/postgresql/mixed_case_test.rb" "test/db/postgresql/native_types_test.rb" "test/db/postgresql/oid_types_test.rb" "test/db/postgresql/quoting_test.rb" "test/db/postgresql/rake_test.rb" "test/db/postgresql/redshift_test.rb" "test/db/postgresql/reserved_test.rb" "test/db/postgresql/reset_column_information_test.rb" "test/db/postgresql/row_locking_test.rb" "test/db/postgresql/schema_dump_test.rb" "test/db/postgresql/schema_test.rb" "test/db/postgresql/simple_test.rb" "test/db/postgresql/table_name_test.rb" "test/db/postgresql/transaction_test.rb" "test/db/postgresql/types_test.rb" "test/db/postgresql/unit_test.rb" "test/db/postgresql/uuid_test.rb" --use-color=t]
/home/travis/.rvm/gems/jruby-9.1.6.0/bin/jruby_executable_hooks:15:in `<main>'
Tasks: TOP => test_postgresql
(See full trace by running task with --trace)

travis_time:end:04482ae7:start=1507153007267683814,finish=1507153049541361259,duration=42273677445[0K
[31;1mThe command "bundle exec rake test_$DB" exited with 1.[0m

Done. Your build exited with 1.
